LONG (OBV Breakout): 000977.SZ at 2021-03-05 00:00:00 | OBV: -53017786 > MA: -56042502
EXIT (OBV Breakdown): 000977.SZ at 2021-03-08 00:00:00 | OBV: -89738463 < MA: -55407615
LONG (OBV Breakout): 000977.SZ at 2021-03-09 00:00:00 | OBV: -32278975 > MA: -58770881
EXIT (OBV Breakdown): 000977.SZ at 2021-03-10 00:00:00 | OBV: -112553303 < MA: -61364569
LONG (OBV Breakout): 000977.SZ at 2021-03-23 00:00:00 | OBV: -75154717 > MA: -81116381
EXIT (OBV Breakdown): 000977.SZ at 2021-03-24 00:00:00 | OBV: -95203535 < MA: -85583153
LONG (OBV Breakout): 000977.SZ at 2021-03-25 00:00:00 | OBV: -79273847 > MA: -87055432
EXIT (OBV Breakdown): 000977.SZ at 2021-03-26 00:00:00 | OBV: -100280638 < MA: -87352719
LONG (OBV Breakout): 000977.SZ at 2021-04-22 00:00:00 | OBV: -153415210 > MA: -158138246
EXIT (OBV Breakdown): 000977.SZ at 2021-04-23 00:00:00 | OBV: -169299323 < MA: -162639520
LONG (OBV Breakout): 000977.SZ at 2021-04-26 00:00:00 | OBV: -132504340 > MA: -164250705
EXIT (OBV Breakdown): 000977.SZ at 2021-05-07 00:00:00 | OBV: -173619148 < MA: -168086721
LONG (OBV Breakout): 000977.SZ at 2021-05-17 00:00:00 | OBV: -157016459 > MA: -164827536
EXIT (OBV Breakdown): 000977.SZ at 2021-06-15 00:00:00 | OBV: -65198198 < MA: -63995421
LONG (OBV Breakout): 000977.SZ at 2021-06-17 00:00:00 | OBV: -55288921 > MA: -56697587
EXIT (OBV Breakdown): 000977.SZ at 2021-06-22 00:00:00 | OBV: -63699550 < MA: -43850351
LONG (OBV Breakout): 000977.SZ at 2021-06-23 00:00:00 | OBV: -34952741 > MA: -44094021
EXIT (OBV Breakdown): 000977.SZ at 2021-06-24 00:00:00 | OBV: -60266637 < MA: -42579513
LONG (OBV Breakout): 000977.SZ at 2021-06-28 00:00:00 | OBV: -22643127 > MA: -39177682
EXIT (OBV Breakdown): 000977.SZ at 2021-06-29 00:00:00 | OBV: -43351905 < MA: -39263694
LONG (OBV Breakout): 000977.SZ at 2021-06-30 00:00:00 | OBV: -29270180 > MA: -36960863
EXIT (OBV Breakdown): 000977.SZ at 2021-07-01 00:00:00 | OBV: -67475930 < MA: -35234458
LONG (OBV Breakout): 000977.SZ at 2021-07-12 00:00:00 | OBV: -56991692 > MA: -59211373
EXIT (OBV Breakdown): 000977.SZ at 2021-07-13 00:00:00 | OBV: -92937149 < MA: -60598320
LONG (OBV Breakout): 000977.SZ at 2021-07-15 00:00:00 | OBV: 56988793 > MA: -53850364
EXIT (OBV Breakdown): 000977.SZ at 2021-07-26 00:00:00 | OBV: 38375848 < MA: 42580436
LONG (OBV Breakout): 000977.SZ at 2021-07-27 00:00:00 | OBV: 146439364 > MA: 88919909
EXIT (OBV Breakdown): 000977.SZ at 2021-08-17 00:00:00 | OBV: 150183269 < MA: 191501507
LONG (OBV Breakout): 000977.SZ at 2021-08-19 00:00:00 | OBV: 291775964 > MA: 284195150
EXIT (OBV Breakdown): 000977.SZ at 2021-08-26 00:00:00 | OBV: 262827623 < MA: 288818880
LONG (OBV Breakout): 000977.SZ at 2021-08-27 00:00:00 | OBV: 333664464 > MA: 331193626
EXIT (OBV Breakdown): 000977.SZ at 2021-09-03 00:00:00 | OBV: 374452545 < MA: 386045530
LONG (OBV Breakout): 000977.SZ at 2021-09-06 00:00:00 | OBV: 372169855 > MA: 354096066
EXIT (OBV Breakdown): 000977.SZ at 2021-09-13 00:00:00 | OBV: 315793521 < MA: 326995897
LONG (OBV Breakout): 000977.SZ at 2021-10-08 00:00:00 | OBV: 452903139 > MA: 449035141
EXIT (OBV Breakdown): 000977.SZ at 2021-11-18 00:00:00 | OBV: 483037013 < MA: 486126516
LONG (OBV Breakout): 000977.SZ at 2021-11-19 00:00:00 | OBV: 569874961 > MA: 551802985
EXIT (OBV Breakdown): 000977.SZ at 2021-12-07 00:00:00 | OBV: 528313088 < MA: 556011608
LONG (OBV Breakout): 000977.SZ at 2021-12-08 00:00:00 | OBV: 617516807 > MA: 595435575
EXIT (OBV Breakdown): 000977.SZ at 2022-02-07 00:00:00 | OBV: 513788585 < MA: 582709369
LONG (OBV Breakout): 000977.SZ at 2022-02-10 00:00:00 | OBV: 455514366 > MA: 442828418
EXIT (OBV Breakdown): 000977.SZ at 2022-02-11 00:00:00 | OBV: 490122841 < MA: 501723930
LONG (OBV Breakout): 000977.SZ at 2022-02-16 00:00:00 | OBV: 638979396 > MA: 633021425
EXIT (OBV Breakdown): 000977.SZ at 2022-02-17 00:00:00 | OBV: 665128498 < MA: 683039699
LONG (OBV Breakout): 000977.SZ at 2022-02-18 00:00:00 | OBV: 693518607 > MA: 661992238
EXIT (OBV Breakdown): 000977.SZ at 2022-02-24 00:00:00 | OBV: 576225409 < MA: 609989048
LONG (OBV Breakout): 000977.SZ at 2022-04-18 00:00:00 | OBV: 299475997 > MA: 292774012
EXIT (OBV Breakdown): 000977.SZ at 2022-04-19 00:00:00 | OBV: 255479569 < MA: 259037329
LONG (OBV Breakout): 000977.SZ at 2022-05-05 00:00:00 | OBV: 135159372 > MA: 129728595
EXIT (OBV Breakdown): 000977.SZ at 2022-05-17 00:00:00 | OBV: 75970376 < MA: 87071816
LONG (OBV Breakout): 000977.SZ at 2022-05-18 00:00:00 | OBV: 136424763 > MA: 123420337
EXIT (OBV Breakdown): 000977.SZ at 2022-07-05 00:00:00 | OBV: 43420219 < MA: 56780621
LONG (OBV Breakout): 000977.SZ at 2022-08-05 00:00:00 | OBV: -40157357 > MA: -77233768
EXIT (OBV Breakdown): 000977.SZ at 2022-08-16 00:00:00 | OBV: -159862152 < MA: -155463789
LONG (OBV Breakout): 000977.SZ at 2022-08-17 00:00:00 | OBV: -105993985 > MA: -119170245
EXIT (OBV Breakdown): 000977.SZ at 2022-08-18 00:00:00 | OBV: -72794155 < MA: -71069251
LONG (OBV Breakout): 000977.SZ at 2022-10-14 00:00:00 | OBV: -24713055 > MA: -38439100
EXIT (OBV Breakdown): 000977.SZ at 2022-10-25 00:00:00 | OBV: -1831487 < MA: 9130484
LONG (OBV Breakout): 000977.SZ at 2022-10-26 00:00:00 | OBV: 68429989 > MA: 41614028
EXIT (OBV Breakdown): 000977.SZ at 2022-11-28 00:00:00 | OBV: 67802467 < MA: 78827184
LONG (OBV Breakout): 000977.SZ at 2022-11-29 00:00:00 | OBV: 56064117 > MA: 53067056
EXIT (OBV Breakdown): 000977.SZ at 2022-12-20 00:00:00 | OBV: -96354521 < MA: -84391982
LONG (OBV Breakout): 000977.SZ at 2023-01-03 00:00:00 | OBV: 85555722 > MA: 64475622
EXIT (OBV Breakdown): 000977.SZ at 2023-01-11 00:00:00 | OBV: 67997118 < MA: 71351495
LONG (OBV Breakout): 000977.SZ at 2023-01-12 00:00:00 | OBV: 97613231 > MA: 88085609
EXIT (OBV Breakdown): 000977.SZ at 2023-03-15 00:00:00 | OBV: 1847035576 < MA: 1908888088
LONG (OBV Breakout): 000977.SZ at 2023-03-20 00:00:00 | OBV: 2143210740 > MA: 1983152055
EXIT (OBV Breakdown): 000977.SZ at 2023-05-05 00:00:00 | OBV: 2914657421 < MA: 2919676795
LONG (OBV Breakout): 000977.SZ at 2023-05-18 00:00:00 | OBV: 3018035441 > MA: 2899940872
EXIT (OBV Breakdown): 000977.SZ at 2023-06-29 00:00:00 | OBV: 3730607764 < MA: 3878245604
LONG (OBV Breakout): 000977.SZ at 2023-06-30 00:00:00 | OBV: 3889604015 > MA: 3885739574
EXIT (OBV Breakdown): 000977.SZ at 2023-07-03 00:00:00 | OBV: 3743101685 < MA: 3874186402
LONG (OBV Breakout): 000977.SZ at 2023-07-17 00:00:00 | OBV: 3823781875 > MA: 3791470810
EXIT (OBV Breakdown): 000977.SZ at 2023-07-21 00:00:00 | OBV: 3664991679 < MA: 3667069009
LONG (OBV Breakout): 000977.SZ at 2023-07-24 00:00:00 | OBV: 3793124547 > MA: 3631645217
EXIT (OBV Breakdown): 000977.SZ at 2023-08-09 00:00:00 | OBV: 2635583984 < MA: 2640041511
LONG (OBV Breakout): 000977.SZ at 2023-08-10 00:00:00 | OBV: 2424008726 > MA: 2377242960
EXIT (OBV Breakdown): 000977.SZ at 2023-08-11 00:00:00 | OBV: 2538940475 < MA: 2589973517
LONG (OBV Breakout): 000977.SZ at 2023-08-14 00:00:00 | OBV: 2402112384 > MA: 2390620324
EXIT (OBV Breakdown): 000977.SZ at 2023-08-15 00:00:00 | OBV: 2482997685 < MA: 2572288445
LONG (OBV Breakout): 000977.SZ at 2023-09-12 00:00:00 | OBV: 1836466505 > MA: 1748400267
EXIT (OBV Breakdown): 000977.SZ at 2023-09-14 00:00:00 | OBV: 1188864842 < MA: 1241679173
LONG (OBV Breakout): 000977.SZ at 2023-09-22 00:00:00 | OBV: 1357506004 > MA: 1240930515
EXIT (OBV Breakdown): 000977.SZ at 2023-10-13 00:00:00 | OBV: 1181828694 < MA: 1242112089
LONG (OBV Breakout): 000977.SZ at 2023-10-30 00:00:00 | OBV: 719373244 > MA: 716562148
EXIT (OBV Breakdown): 000977.SZ at 2023-10-31 00:00:00 | OBV: 798661362 < MA: 850355957
LONG (OBV Breakout): 000977.SZ at 2023-11-01 00:00:00 | OBV: 996724456 > MA: 946038810
EXIT (OBV Breakdown): 000977.SZ at 2023-12-05 00:00:00 | OBV: 455863426 < MA: 522831699
LONG (OBV Breakout): 000977.SZ at 2023-12-08 00:00:00 | OBV: 314706960 > MA: 261383956
EXIT (OBV Breakdown): 000977.SZ at 2024-01-04 00:00:00 | OBV: 942673778 < MA: 957422995
LONG (OBV Breakout): 000977.SZ at 2024-01-11 00:00:00 | OBV: 539701265 > MA: 496555324
EXIT (OBV Breakdown): 000977.SZ at 2024-01-15 00:00:00 | OBV: 624789618 < MA: 645646162
LONG (OBV Breakout): 000977.SZ at 2024-01-17 00:00:00 | OBV: 404056425 > MA: 367995401
EXIT (OBV Breakdown): 000977.SZ at 2024-01-31 00:00:00 | OBV: 379613013 < MA: 404165412
LONG (OBV Breakout): 000977.SZ at 2024-02-01 00:00:00 | OBV: 541410876 > MA: 506926706
EXIT (OBV Breakdown): 000977.SZ at 2024-02-02 00:00:00 | OBV: 404031755 < MA: 436653281
LONG (OBV Breakout): 000977.SZ at 2024-02-19 00:00:00 | OBV: 665509656 > MA: 592466859
EXIT (OBV Breakdown): 000977.SZ at 2024-03-13 00:00:00 | OBV: 1057830749 < MA: 1157613818
LONG (OBV Breakout): 000977.SZ at 2024-03-18 00:00:00 | OBV: 1244723481 > MA: 1243982777
EXIT (OBV Breakdown): 000977.SZ at 2024-03-19 00:00:00 | OBV: 1203580678 < MA: 1333516404
LONG (OBV Breakout): 000977.SZ at 2024-04-30 00:00:00 | OBV: 1081665538 > MA: 943998144
EXIT (OBV Breakdown): 000977.SZ at 2024-05-24 00:00:00 | OBV: 264879293 < MA: 301699967
LONG (OBV Breakout): 000977.SZ at 2024-05-27 00:00:00 | OBV: 413611810 > MA: 405710683
EXIT (OBV Breakdown): 000977.SZ at 2024-05-28 00:00:00 | OBV: 426629420 < MA: 502412242
LONG (OBV Breakout): 000977.SZ at 2024-06-03 00:00:00 | OBV: 348576629 > MA: 334997629
EXIT (OBV Breakdown): 000977.SZ at 2024-06-04 00:00:00 | OBV: 401645675 < MA: 417635316
LONG (OBV Breakout): 000977.SZ at 2024-06-06 00:00:00 | OBV: 586855073 > MA: 561873477
EXIT (OBV Breakdown): 000977.SZ at 2024-06-07 00:00:00 | OBV: 454173842 < MA: 501932791
LONG (OBV Breakout): 000977.SZ at 2024-06-12 00:00:00 | OBV: 307587656 > MA: 281616168
EXIT (OBV Breakdown): 000977.SZ at 2024-07-18 00:00:00 | OBV: 527981119 < MA: 531924958
LONG (OBV Breakout): 000977.SZ at 2024-07-19 00:00:00 | OBV: 500229165 > MA: 440968348
EXIT (OBV Breakdown): 000977.SZ at 2024-07-30 00:00:00 | OBV: 474054916 < MA: 488874867
LONG (OBV Breakout): 000977.SZ at 2024-07-31 00:00:00 | OBV: 570523786 > MA: 537168889
EXIT (OBV Breakdown): 000977.SZ at 2024-08-01 00:00:00 | OBV: 586211609 < MA: 596826665
LONG (OBV Breakout): 000977.SZ at 2024-08-30 00:00:00 | OBV: -320615230 > MA: -324240579
EXIT (OBV Breakdown): 000977.SZ at 2024-09-02 00:00:00 | OBV: -224349703 < MA: -207480684
LONG (OBV Breakout): 000977.SZ at 2024-09-03 00:00:00 | OBV: -111971828 > MA: -119670355
EXIT (OBV Breakdown): 000977.SZ at 2024-09-04 00:00:00 | OBV: -7559460 < MA: -2936147
LONG (OBV Breakout): 000977.SZ at 2024-09-05 00:00:00 | OBV: 111044370 > MA: 95939140
EXIT (OBV Breakdown): 000977.SZ at 2024-09-06 00:00:00 | OBV: -9112617 < MA: -4411291
LONG (OBV Breakout): 000977.SZ at 2024-09-10 00:00:00 | OBV: -29526760 > MA: -42389121
EXIT (OBV Breakdown): 000977.SZ at 2024-09-11 00:00:00 | OBV: -131358704 < MA: -129071528
LONG (OBV Breakout): 000977.SZ at 2024-09-19 00:00:00 | OBV: 3613033 > MA: -11198342
EXIT (OBV Breakdown): 000977.SZ at 2024-11-26 00:00:00 | OBV: 1718627133 < MA: 1729248885
LONG (OBV Breakout): 000977.SZ at 2024-11-27 00:00:00 | OBV: 1744726768 > MA: 1713674914
EXIT (OBV Breakdown): 000977.SZ at 2024-12-04 00:00:00 | OBV: 1896263199 < MA: 1899587532
LONG (OBV Breakout): 000977.SZ at 2024-12-05 00:00:00 | OBV: 1891891145 > MA: 1882266702
EXIT (OBV Breakdown): 000977.SZ at 2025-01-02 00:00:00 | OBV: 1765505012 < MA: 1819523871
LONG (OBV Breakout): 000977.SZ at 2025-01-07 00:00:00 | OBV: 1970001998 > MA: 1965063958
EXIT (OBV Breakdown): 000977.SZ at 2025-01-08 00:00:00 | OBV: 1846207310 < MA: 1934228918
LONG (OBV Breakout): 000977.SZ at 2025-01-15 00:00:00 | OBV: 1899033840 > MA: 1856349356
EXIT (OBV Breakdown): 000977.SZ at 2025-01-16 00:00:00 | OBV: 1866777334 < MA: 1927293673
LONG (OBV Breakout): 000977.SZ at 2025-01-17 00:00:00 | OBV: 1895297312 > MA: 1881326934
EXIT (OBV Breakdown): 000977.SZ at 2025-03-07 00:00:00 | OBV: 3438734900 < MA: 3445249611
LONG (OBV Breakout): 000977.SZ at 2025-03-17 00:00:00 | OBV: 3488893328 > MA: 3480798402
EXIT (OBV Breakdown): 000977.SZ at 2025-03-20 00:00:00 | OBV: 3491499984 < MA: 3491895719
LONG (OBV Breakout): 000977.SZ at 2025-03-24 00:00:00 | OBV: 3417889096 > MA: 3397327021
EXIT (OBV Breakdown): 000977.SZ at 2025-03-25 00:00:00 | OBV: 3406820752 < MA: 3427878283
LONG (OBV Breakout): 000977.SZ at 2025-04-14 00:00:00 | OBV: 2866733341 > MA: 2866111535
EXIT (OBV Breakdown): 000977.SZ at 2025-04-17 00:00:00 | OBV: 2631953240 < MA: 2635119171
LONG (OBV Breakout): 000977.SZ at 2025-04-18 00:00:00 | OBV: 2546361675 > MA: 2520608634
EXIT (OBV Breakdown): 000977.SZ at 2025-05-28 00:00:00 | OBV: 1830730640 < MA: 1840438949
LONG (OBV Breakout): 000977.SZ at 2025-05-29 00:00:00 | OBV: 1770566672 > MA: 1752142560
EXIT (OBV Breakdown): 000977.SZ at 2025-05-30 00:00:00 | OBV: 1661822727 < MA: 1673531510
LONG (OBV Breakout): 000977.SZ at 2025-06-03 00:00:00 | OBV: 1613867485 > MA: 1611137763
EXIT (OBV Breakdown): 000977.SZ at 2025-06-13 00:00:00 | OBV: 1546095600 < MA: 1566017348
LONG (OBV Breakout): 000977.SZ at 2025-06-16 00:00:00 | OBV: 1615924997 > MA: 1615650640
EXIT (OBV Breakdown): 000977.SZ at 2025-06-17 00:00:00 | OBV: 1627056751 < MA: 1647989528
LONG (OBV Breakout): 000977.SZ at 2025-06-24 00:00:00 | OBV: 1270139828 > MA: 1260980493
EXIT (OBV Breakdown): 000977.SZ at 2025-06-26 00:00:00 | OBV: 1226781468 < MA: 1230742902
LONG (OBV Breakout): 000977.SZ at 2025-06-27 00:00:00 | OBV: 1124095816 > MA: 1094330363
EXIT (OBV Breakdown): 000977.SZ at 2025-07-02 00:00:00 | OBV: 1402522711 < MA: 1406930270
LONG (OBV Breakout): 000977.SZ at 2025-07-03 00:00:00 | OBV: 1563163469 > MA: 1521127318
EXIT (OBV Breakdown): 000977.SZ at 2025-07-23 00:00:00 | OBV: 1124962951 < MA: 1159909175
LONG (OBV Breakout): 000977.SZ at 2025-07-25 00:00:00 | OBV: 1230947666 > MA: 1197303546
EXIT (OBV Breakdown): 000977.SZ at 2025-07-28 00:00:00 | OBV: 1305748946 < MA: 1316450644
LONG (OBV Breakout): 000977.SZ at 2025-07-29 00:00:00 | OBV: 1187203469 > MA: 1153236114
EXIT (OBV Breakdown): 000977.SZ at 2025-07-30 00:00:00 | OBV: 996343511 < MA: 1019705483
LONG (OBV Breakout): 000977.SZ at 2025-07-31 00:00:00 | OBV: 872415490 > MA: 791979289
EXIT (OBV Breakdown): 000977.SZ at 2025-08-04 00:00:00 | OBV: 348215176 < MA: 378168471
LONG (OBV Breakout): 000977.SZ at 2025-08-05 00:00:00 | OBV: 222239101 > MA: 202635108
EXIT (OBV Breakdown): 000977.SZ at 2025-08-08 00:00:00 | OBV: -37873561 < MA: -9439513
LONG (OBV Breakout): 000977.SZ at 2025-08-11 00:00:00 | OBV: 159000487 > MA: 158650219
EXIT (OBV Breakdown): 000977.SZ at 2025-09-03 00:00:00 | OBV: 685790166 < MA: 687269130
LONG (OBV Breakout): 000977.SZ at 2025-09-12 00:00:00 | OBV: 758037302 > MA: 680270089
EXIT (OBV Breakdown): 000977.SZ at 2025-10-31 00:00:00 | OBV: 1207898455 < MA: 1262874500
LONG (OBV Breakout): 000977.SZ at 2025-11-25 00:00:00 | OBV: 1155641087 > MA: 1140660070
EXIT (OBV Breakdown): 000977.SZ at 2025-12-16 00:00:00 | OBV: 1126800663 < MA: 1132841242
LONG (OBV Breakout): 000977.SZ at 2025-12-17 00:00:00 | OBV: 1127006265 > MA: 1094873655
EXIT (OBV Breakdown): 000977.SZ at 2025-12-18 00:00:00 | OBV: 1145842511 < MA: 1147213520
LONG (OBV Breakout): 000977.SZ at 2025-12-19 00:00:00 | OBV: 1139800854 > MA: 1117024486
EXIT (OBV Breakdown): 000977.SZ at 2026-01-19 00:00:00 | OBV: 1261672947 < MA: 1296421413
[('Total Return', '53.29%'), ('Sharpe Ratio', '0.42'), ('Sortino Ratio', '0.56'), ('Calmar Ratio', '0.14'), ('Max Drawdown', '52.00%'), ('Drawdown Duration', '630'), ('Stability Score', '0.20')]
