LONG (OBV Breakout): 002230.SZ at 2021-03-12 00:00:00 | OBV: -43624723 > MA: -57181261
EXIT (OBV Breakdown): 002230.SZ at 2021-03-15 00:00:00 | OBV: -91419873 < MA: -59532666
LONG (OBV Breakout): 002230.SZ at 2021-03-18 00:00:00 | OBV: -70592516 > MA: -82331989
EXIT (OBV Breakdown): 002230.SZ at 2021-03-19 00:00:00 | OBV: -98092451 < MA: -85915842
LONG (OBV Breakout): 002230.SZ at 2021-03-22 00:00:00 | OBV: -57516702 > MA: -91222893
EXIT (OBV Breakdown): 002230.SZ at 2021-03-24 00:00:00 | OBV: -105969200 < MA: -104696783
LONG (OBV Breakout): 002230.SZ at 2021-03-25 00:00:00 | OBV: -83279073 > MA: -103217421
EXIT (OBV Breakdown): 002230.SZ at 2021-04-12 00:00:00 | OBV: -56937443 < MA: -42664838
LONG (OBV Breakout): 002230.SZ at 2021-04-13 00:00:00 | OBV: -35663966 > MA: -39877043
EXIT (OBV Breakdown): 002230.SZ at 2021-04-15 00:00:00 | OBV: -32008311 < MA: -30589608
LONG (OBV Breakout): 002230.SZ at 2021-04-16 00:00:00 | OBV: -10734638 > MA: -27596714
EXIT (OBV Breakdown): 002230.SZ at 2021-05-07 00:00:00 | OBV: 58400637 < MA: 58978306
LONG (OBV Breakout): 002230.SZ at 2021-05-10 00:00:00 | OBV: 80422026 > MA: 60840081
EXIT (OBV Breakdown): 002230.SZ at 2021-06-11 00:00:00 | OBV: 254685245 < MA: 278539557
LONG (OBV Breakout): 002230.SZ at 2021-06-15 00:00:00 | OBV: 307115787 > MA: 285139825
EXIT (OBV Breakdown): 002230.SZ at 2021-06-16 00:00:00 | OBV: 255918889 < MA: 286999024
LONG (OBV Breakout): 002230.SZ at 2021-06-17 00:00:00 | OBV: 312314747 > MA: 293229409
EXIT (OBV Breakdown): 002230.SZ at 2021-07-02 00:00:00 | OBV: 344993484 < MA: 348498923
LONG (OBV Breakout): 002230.SZ at 2021-07-05 00:00:00 | OBV: 377018989 > MA: 353260253
EXIT (OBV Breakdown): 002230.SZ at 2021-07-06 00:00:00 | OBV: 341117073 < MA: 354986875
LONG (OBV Breakout): 002230.SZ at 2021-07-07 00:00:00 | OBV: 368775575 > MA: 359671284
EXIT (OBV Breakdown): 002230.SZ at 2021-07-09 00:00:00 | OBV: 326820696 < MA: 363235179
LONG (OBV Breakout): 002230.SZ at 2021-07-22 00:00:00 | OBV: 383804571 > MA: 343942469
EXIT (OBV Breakdown): 002230.SZ at 2021-07-23 00:00:00 | OBV: 338396789 < MA: 343219888
LONG (OBV Breakout): 002230.SZ at 2021-07-26 00:00:00 | OBV: 499001206 > MA: 422891362
EXIT (OBV Breakdown): 002230.SZ at 2021-07-27 00:00:00 | OBV: 371810074 < MA: 372033969
LONG (OBV Breakout): 002230.SZ at 2021-08-04 00:00:00 | OBV: 347241473 > MA: 346680950
EXIT (OBV Breakdown): 002230.SZ at 2021-08-05 00:00:00 | OBV: 367843530 < MA: 401501388
LONG (OBV Breakout): 002230.SZ at 2021-09-24 00:00:00 | OBV: 136871831 > MA: 113282010
EXIT (OBV Breakdown): 002230.SZ at 2021-10-25 00:00:00 | OBV: 56692300 < MA: 67922501
LONG (OBV Breakout): 002230.SZ at 2021-10-26 00:00:00 | OBV: 93844712 > MA: 39754777
EXIT (OBV Breakdown): 002230.SZ at 2021-11-01 00:00:00 | OBV: 105109619 < MA: 106645002
LONG (OBV Breakout): 002230.SZ at 2021-11-03 00:00:00 | OBV: 123948310 > MA: 111969558
EXIT (OBV Breakdown): 002230.SZ at 2021-11-16 00:00:00 | OBV: -12243821 < MA: 1451040
LONG (OBV Breakout): 002230.SZ at 2021-11-22 00:00:00 | OBV: -56968851 > MA: -62102758
EXIT (OBV Breakdown): 002230.SZ at 2021-11-23 00:00:00 | OBV: -120242044 < MA: -109319222
LONG (OBV Breakout): 002230.SZ at 2021-12-13 00:00:00 | OBV: -219239718 > MA: -221203728
EXIT (OBV Breakdown): 002230.SZ at 2021-12-20 00:00:00 | OBV: -199978547 < MA: -197325061
LONG (OBV Breakout): 002230.SZ at 2021-12-30 00:00:00 | OBV: -217830746 > MA: -221841759
EXIT (OBV Breakdown): 002230.SZ at 2022-01-07 00:00:00 | OBV: -154042557 < MA: -127003984
LONG (OBV Breakout): 002230.SZ at 2022-02-09 00:00:00 | OBV: -125843370 > MA: -141811916
EXIT (OBV Breakdown): 002230.SZ at 2022-03-07 00:00:00 | OBV: 42588143 < MA: 53134888
LONG (OBV Breakout): 002230.SZ at 2022-03-08 00:00:00 | OBV: 86963210 > MA: 82398476
EXIT (OBV Breakdown): 002230.SZ at 2022-03-14 00:00:00 | OBV: 75376527 < MA: 76966521
LONG (OBV Breakout): 002230.SZ at 2022-03-17 00:00:00 | OBV: 110688085 > MA: 90657061
EXIT (OBV Breakdown): 002230.SZ at 2022-03-24 00:00:00 | OBV: 74662558 < MA: 77656811
LONG (OBV Breakout): 002230.SZ at 2022-05-18 00:00:00 | OBV: -177906493 > MA: -178228903
EXIT (OBV Breakdown): 002230.SZ at 2022-05-19 00:00:00 | OBV: -175800021 < MA: -162409739
LONG (OBV Breakout): 002230.SZ at 2022-05-20 00:00:00 | OBV: -170967403 > MA: -178783300
EXIT (OBV Breakdown): 002230.SZ at 2022-07-12 00:00:00 | OBV: 209937191 < MA: 218009203
LONG (OBV Breakout): 002230.SZ at 2022-07-20 00:00:00 | OBV: 285628644 > MA: 275832604
EXIT (OBV Breakdown): 002230.SZ at 2022-07-21 00:00:00 | OBV: 261583071 < MA: 265786237
LONG (OBV Breakout): 002230.SZ at 2022-07-26 00:00:00 | OBV: 290836541 > MA: 281875121
EXIT (OBV Breakdown): 002230.SZ at 2022-08-15 00:00:00 | OBV: 167176228 < MA: 183062191
LONG (OBV Breakout): 002230.SZ at 2022-10-14 00:00:00 | OBV: 216581469 > MA: 208842769
EXIT (OBV Breakdown): 002230.SZ at 2022-11-21 00:00:00 | OBV: 375392910 < MA: 394119406
LONG (OBV Breakout): 002230.SZ at 2022-12-07 00:00:00 | OBV: 196975391 > MA: 195743326
EXIT (OBV Breakdown): 002230.SZ at 2022-12-08 00:00:00 | OBV: 162427078 < MA: 173778234
LONG (OBV Breakout): 002230.SZ at 2022-12-09 00:00:00 | OBV: 159267270 > MA: 151246031
EXIT (OBV Breakdown): 002230.SZ at 2023-02-08 00:00:00 | OBV: 93783821 < MA: 105645667
LONG (OBV Breakout): 002230.SZ at 2023-02-09 00:00:00 | OBV: 196595928 > MA: 127451657
EXIT (OBV Breakdown): 002230.SZ at 2023-02-23 00:00:00 | OBV: 272910201 < MA: 322726464
LONG (OBV Breakout): 002230.SZ at 2023-02-24 00:00:00 | OBV: 352221936 > MA: 344182316
EXIT (OBV Breakdown): 002230.SZ at 2023-02-27 00:00:00 | OBV: 315533161 < MA: 354953434
LONG (OBV Breakout): 002230.SZ at 2023-02-28 00:00:00 | OBV: 381124554 > MA: 373696717
EXIT (OBV Breakdown): 002230.SZ at 2023-03-07 00:00:00 | OBV: 378265927 < MA: 412521490
LONG (OBV Breakout): 002230.SZ at 2023-03-16 00:00:00 | OBV: 401336608 > MA: 387825157
EXIT (OBV Breakdown): 002230.SZ at 2023-04-21 00:00:00 | OBV: 786388506 < MA: 813378996
LONG (OBV Breakout): 002230.SZ at 2023-04-24 00:00:00 | OBV: 904671650 > MA: 848280633
EXIT (OBV Breakdown): 002230.SZ at 2023-04-27 00:00:00 | OBV: 729227900 < MA: 791307378
LONG (OBV Breakout): 002230.SZ at 2023-04-28 00:00:00 | OBV: 851694788 > MA: 815668078
EXIT (OBV Breakdown): 002230.SZ at 2023-05-04 00:00:00 | OBV: 743679580 < MA: 789390848
LONG (OBV Breakout): 002230.SZ at 2023-05-08 00:00:00 | OBV: 804295683 > MA: 776350586
EXIT (OBV Breakdown): 002230.SZ at 2023-05-24 00:00:00 | OBV: 964414760 < MA: 1008312041
LONG (OBV Breakout): 002230.SZ at 2023-06-01 00:00:00 | OBV: 1039796842 > MA: 1024071130
EXIT (OBV Breakdown): 002230.SZ at 2023-06-30 00:00:00 | OBV: 1299458687 < MA: 1392904336
LONG (OBV Breakout): 002230.SZ at 2023-07-13 00:00:00 | OBV: 1455446969 > MA: 1444463393
EXIT (OBV Breakdown): 002230.SZ at 2023-07-27 00:00:00 | OBV: 1323503709 < MA: 1331586323
LONG (OBV Breakout): 002230.SZ at 2023-07-28 00:00:00 | OBV: 1282480466 > MA: 1261178151
EXIT (OBV Breakdown): 002230.SZ at 2023-08-01 00:00:00 | OBV: 1220397377 < MA: 1264567233
LONG (OBV Breakout): 002230.SZ at 2023-08-03 00:00:00 | OBV: 1289647680 > MA: 1281901123
EXIT (OBV Breakdown): 002230.SZ at 2023-08-21 00:00:00 | OBV: 1274217873 < MA: 1287277139
LONG (OBV Breakout): 002230.SZ at 2023-08-22 00:00:00 | OBV: 1266255631 > MA: 1235207090
EXIT (OBV Breakdown): 002230.SZ at 2023-08-23 00:00:00 | OBV: 1129140590 < MA: 1155974176
LONG (OBV Breakout): 002230.SZ at 2023-10-10 00:00:00 | OBV: 433965630 > MA: 357662256
EXIT (OBV Breakdown): 002230.SZ at 2023-10-17 00:00:00 | OBV: 264252545 < MA: 279150551
LONG (OBV Breakout): 002230.SZ at 2023-10-18 00:00:00 | OBV: 412320078 > MA: 358643220
EXIT (OBV Breakdown): 002230.SZ at 2023-10-24 00:00:00 | OBV: 174375876 < MA: 213095540
LONG (OBV Breakout): 002230.SZ at 2023-10-25 00:00:00 | OBV: 386070481 > MA: 338324356
EXIT (OBV Breakdown): 002230.SZ at 2023-10-26 00:00:00 | OBV: 382119162 < MA: 431341430
LONG (OBV Breakout): 002230.SZ at 2023-11-07 00:00:00 | OBV: 127933250 > MA: 102240482
EXIT (OBV Breakdown): 002230.SZ at 2023-11-28 00:00:00 | OBV: 118864336 < MA: 141641703
LONG (OBV Breakout): 002230.SZ at 2023-12-04 00:00:00 | OBV: 173992627 > MA: 166337003
EXIT (OBV Breakdown): 002230.SZ at 2023-12-05 00:00:00 | OBV: 22316419 < MA: 51270211
LONG (OBV Breakout): 002230.SZ at 2023-12-07 00:00:00 | OBV: -233290183 > MA: -239870164
EXIT (OBV Breakdown): 002230.SZ at 2023-12-18 00:00:00 | OBV: -367584209 < MA: -355186939
LONG (OBV Breakout): 002230.SZ at 2023-12-19 00:00:00 | OBV: -271576771 > MA: -291260127
EXIT (OBV Breakdown): 002230.SZ at 2023-12-20 00:00:00 | OBV: -208270922 < MA: -195979474
LONG (OBV Breakout): 002230.SZ at 2023-12-21 00:00:00 | OBV: -101256549 > MA: -119606818
EXIT (OBV Breakdown): 002230.SZ at 2023-12-22 00:00:00 | OBV: -47213601 < MA: -33680918
LONG (OBV Breakout): 002230.SZ at 2023-12-25 00:00:00 | OBV: 82011889 > MA: 70307778
EXIT (OBV Breakdown): 002230.SZ at 2023-12-26 00:00:00 | OBV: -14560398 < MA: 6475893
LONG (OBV Breakout): 002230.SZ at 2023-12-29 00:00:00 | OBV: -122217355 > MA: -137876759
EXIT (OBV Breakdown): 002230.SZ at 2024-01-02 00:00:00 | OBV: -79449324 < MA: -64144887
LONG (OBV Breakout): 002230.SZ at 2024-01-23 00:00:00 | OBV: -304621254 > MA: -321030667
EXIT (OBV Breakdown): 002230.SZ at 2024-03-27 00:00:00 | OBV: 551178968 < MA: 588745165
LONG (OBV Breakout): 002230.SZ at 2024-03-28 00:00:00 | OBV: 566067245 > MA: 519749959
EXIT (OBV Breakdown): 002230.SZ at 2024-04-03 00:00:00 | OBV: 478993596 < MA: 494512194
LONG (OBV Breakout): 002230.SZ at 2024-05-07 00:00:00 | OBV: 489112858 > MA: 477275633
EXIT (OBV Breakdown): 002230.SZ at 2024-05-08 00:00:00 | OBV: 398250550 < MA: 406115267
LONG (OBV Breakout): 002230.SZ at 2024-05-09 00:00:00 | OBV: 361180641 > MA: 344675465
EXIT (OBV Breakdown): 002230.SZ at 2024-05-10 00:00:00 | OBV: 378363164 < MA: 383835228
LONG (OBV Breakout): 002230.SZ at 2024-05-13 00:00:00 | OBV: 441650333 > MA: 417537107
EXIT (OBV Breakdown): 002230.SZ at 2024-05-14 00:00:00 | OBV: 327322619 < MA: 328995418
LONG (OBV Breakout): 002230.SZ at 2024-05-20 00:00:00 | OBV: 289990185 > MA: 271240824
EXIT (OBV Breakdown): 002230.SZ at 2024-05-23 00:00:00 | OBV: 291400443 < MA: 293354137
LONG (OBV Breakout): 002230.SZ at 2024-05-30 00:00:00 | OBV: 408541184 > MA: 398287362
EXIT (OBV Breakdown): 002230.SZ at 2024-06-07 00:00:00 | OBV: 316050146 < MA: 317372084
LONG (OBV Breakout): 002230.SZ at 2024-06-11 00:00:00 | OBV: 258712631 > MA: 239285467
EXIT (OBV Breakdown): 002230.SZ at 2024-07-03 00:00:00 | OBV: 373360103 < MA: 396565560
LONG (OBV Breakout): 002230.SZ at 2024-07-30 00:00:00 | OBV: 384815706 > MA: 377716809
EXIT (OBV Breakdown): 002230.SZ at 2024-08-05 00:00:00 | OBV: 322127504 < MA: 345483340
LONG (OBV Breakout): 002230.SZ at 2024-08-30 00:00:00 | OBV: -135803814 > MA: -141400893
EXIT (OBV Breakdown): 002230.SZ at 2024-09-02 00:00:00 | OBV: -210885468 < MA: -201104581
LONG (OBV Breakout): 002230.SZ at 2024-09-03 00:00:00 | OBV: -139950860 > MA: -151709048
EXIT (OBV Breakdown): 002230.SZ at 2024-09-09 00:00:00 | OBV: -275064228 < MA: -262511334
LONG (OBV Breakout): 002230.SZ at 2024-09-10 00:00:00 | OBV: -220775745 > MA: -225379913
EXIT (OBV Breakdown): 002230.SZ at 2024-09-13 00:00:00 | OBV: -348286929 < MA: -341055659
LONG (OBV Breakout): 002230.SZ at 2024-09-18 00:00:00 | OBV: -275938619 > MA: -280699189
EXIT (OBV Breakdown): 002230.SZ at 2024-11-25 00:00:00 | OBV: 646036159 < MA: 693577416
LONG (OBV Breakout): 002230.SZ at 2024-11-29 00:00:00 | OBV: 702861530 > MA: 685433852
EXIT (OBV Breakdown): 002230.SZ at 2024-12-02 00:00:00 | OBV: 643207756 < MA: 721522413
LONG (OBV Breakout): 002230.SZ at 2024-12-06 00:00:00 | OBV: 689054587 > MA: 654986591
EXIT (OBV Breakdown): 002230.SZ at 2024-12-17 00:00:00 | OBV: 625793510 < MA: 667026247
LONG (OBV Breakout): 002230.SZ at 2024-12-18 00:00:00 | OBV: 648288940 > MA: 643603177
EXIT (OBV Breakdown): 002230.SZ at 2025-01-02 00:00:00 | OBV: 715740990 < MA: 773870301
LONG (OBV Breakout): 002230.SZ at 2025-01-16 00:00:00 | OBV: 799966694 > MA: 757217730
EXIT (OBV Breakdown): 002230.SZ at 2025-01-20 00:00:00 | OBV: 727433307 < MA: 753334217
LONG (OBV Breakout): 002230.SZ at 2025-01-21 00:00:00 | OBV: 747327147 > MA: 736219983
EXIT (OBV Breakdown): 002230.SZ at 2025-01-22 00:00:00 | OBV: 729763919 < MA: 741962497
LONG (OBV Breakout): 002230.SZ at 2025-01-24 00:00:00 | OBV: 736705622 > MA: 690747159
EXIT (OBV Breakdown): 002230.SZ at 2025-02-28 00:00:00 | OBV: 1205641675 < MA: 1240626264
LONG (OBV Breakout): 002230.SZ at 2025-03-06 00:00:00 | OBV: 1296027248 > MA: 1259092816
EXIT (OBV Breakdown): 002230.SZ at 2025-03-07 00:00:00 | OBV: 1227934532 < MA: 1244451927
LONG (OBV Breakout): 002230.SZ at 2025-04-11 00:00:00 | OBV: 876319396 > MA: 865051611
EXIT (OBV Breakdown): 002230.SZ at 2025-04-17 00:00:00 | OBV: 615019568 < MA: 621655513
LONG (OBV Breakout): 002230.SZ at 2025-04-18 00:00:00 | OBV: 586209743 > MA: 576100644
EXIT (OBV Breakdown): 002230.SZ at 2025-04-22 00:00:00 | OBV: 573819468 < MA: 574420926
LONG (OBV Breakout): 002230.SZ at 2025-04-24 00:00:00 | OBV: 461327393 > MA: 452567543
EXIT (OBV Breakdown): 002230.SZ at 2025-05-27 00:00:00 | OBV: 459323515 < MA: 462102928
LONG (OBV Breakout): 002230.SZ at 2025-05-29 00:00:00 | OBV: 460895188 > MA: 460412714
EXIT (OBV Breakdown): 002230.SZ at 2025-05-30 00:00:00 | OBV: 291631593 < MA: 305838152
LONG (OBV Breakout): 002230.SZ at 2025-06-03 00:00:00 | OBV: 428725450 > MA: 395352227
EXIT (OBV Breakdown): 002230.SZ at 2025-06-19 00:00:00 | OBV: 357873768 < MA: 360550302
LONG (OBV Breakout): 002230.SZ at 2025-06-24 00:00:00 | OBV: 297458803 > MA: 292317500
EXIT (OBV Breakdown): 002230.SZ at 2025-06-26 00:00:00 | OBV: 292303990 < MA: 294063593
LONG (OBV Breakout): 002230.SZ at 2025-07-15 00:00:00 | OBV: 317476418 > MA: 316285983
EXIT (OBV Breakdown): 002230.SZ at 2025-07-16 00:00:00 | OBV: 327498205 < MA: 351428980
LONG (OBV Breakout): 002230.SZ at 2025-07-17 00:00:00 | OBV: 271033478 > MA: 263363578
EXIT (OBV Breakdown): 002230.SZ at 2025-08-08 00:00:00 | OBV: -88466537 < MA: -79202178
LONG (OBV Breakout): 002230.SZ at 2025-08-11 00:00:00 | OBV: 31115335 > MA: 11595721
EXIT (OBV Breakdown): 002230.SZ at 2025-08-12 00:00:00 | OBV: -57391049 < MA: -44575055
LONG (OBV Breakout): 002230.SZ at 2025-08-13 00:00:00 | OBV: 36974630 > MA: 22132214
EXIT (OBV Breakdown): 002230.SZ at 2025-08-14 00:00:00 | OBV: -121779780 < MA: -87349859
LONG (OBV Breakout): 002230.SZ at 2025-08-15 00:00:00 | OBV: -221155497 > MA: -221838686
EXIT (OBV Breakdown): 002230.SZ at 2025-10-17 00:00:00 | OBV: 819469313 < MA: 826934731
LONG (OBV Breakout): 002230.SZ at 2025-10-20 00:00:00 | OBV: 894195857 > MA: 879190937
EXIT (OBV Breakdown): 002230.SZ at 2025-10-22 00:00:00 | OBV: 904935531 < MA: 909136940
LONG (OBV Breakout): 002230.SZ at 2025-10-23 00:00:00 | OBV: 920592719 > MA: 905516347
EXIT (OBV Breakdown): 002230.SZ at 2025-11-20 00:00:00 | OBV: 1098203662 < MA: 1111075749
LONG (OBV Breakout): 002230.SZ at 2025-12-08 00:00:00 | OBV: 986614794 > MA: 986175462
EXIT (OBV Breakdown): 002230.SZ at 2025-12-09 00:00:00 | OBV: 979036830 < MA: 996375124
LONG (OBV Breakout): 002230.SZ at 2025-12-10 00:00:00 | OBV: 987432592 > MA: 980952134
EXIT (OBV Breakdown): 002230.SZ at 2025-12-11 00:00:00 | OBV: 984087231 < MA: 995875883
LONG (OBV Breakout): 002230.SZ at 2025-12-12 00:00:00 | OBV: 1045834187 > MA: 1018209675
[('Total Return', '-16.11%'), ('Sharpe Ratio', '0.06'), ('Sortino Ratio', '0.07'), ('Calmar Ratio', '-0.04'), ('Max Drawdown', '65.15%'), ('Drawdown Duration', '682'), ('Stability Score', '0.02')]
