LONG (OBV Breakout): 002371.SZ at 2021-03-02 00:00:00 | OBV: -22937807 > MA: -35842431
EXIT (OBV Breakdown): 002371.SZ at 2021-03-04 00:00:00 | OBV: -46201246 < MA: -37411788
LONG (OBV Breakout): 002371.SZ at 2021-04-01 00:00:00 | OBV: -83975928 > MA: -91008389
EXIT (OBV Breakdown): 002371.SZ at 2021-04-15 00:00:00 | OBV: -93001421 < MA: -89802245
LONG (OBV Breakout): 002371.SZ at 2021-04-26 00:00:00 | OBV: -80597008 > MA: -86119292
EXIT (OBV Breakdown): 002371.SZ at 2021-04-27 00:00:00 | OBV: -87770446 < MA: -85755602
LONG (OBV Breakout): 002371.SZ at 2021-04-29 00:00:00 | OBV: -85193161 > MA: -85656219
EXIT (OBV Breakdown): 002371.SZ at 2021-04-30 00:00:00 | OBV: -93294961 < MA: -86122171
LONG (OBV Breakout): 002371.SZ at 2021-05-06 00:00:00 | OBV: -86057537 > MA: -86959049
EXIT (OBV Breakdown): 002371.SZ at 2021-05-07 00:00:00 | OBV: -95120382 < MA: -87829660
LONG (OBV Breakout): 002371.SZ at 2021-05-14 00:00:00 | OBV: -91093054 > MA: -92984244
EXIT (OBV Breakdown): 002371.SZ at 2021-07-20 00:00:00 | OBV: 46746686 < MA: 54197458
LONG (OBV Breakout): 002371.SZ at 2021-07-21 00:00:00 | OBV: 60824047 > MA: 55750940
EXIT (OBV Breakdown): 002371.SZ at 2021-07-26 00:00:00 | OBV: 68095068 < MA: 72203935
LONG (OBV Breakout): 002371.SZ at 2021-07-27 00:00:00 | OBV: 91831131 > MA: 82333588
EXIT (OBV Breakdown): 002371.SZ at 2021-07-28 00:00:00 | OBV: 90612370 < MA: 95490839
LONG (OBV Breakout): 002371.SZ at 2021-07-29 00:00:00 | OBV: 115674295 > MA: 106249752
EXIT (OBV Breakdown): 002371.SZ at 2021-08-03 00:00:00 | OBV: 89143339 < MA: 103584623
LONG (OBV Breakout): 002371.SZ at 2021-08-04 00:00:00 | OBV: 122610779 > MA: 118068577
EXIT (OBV Breakdown): 002371.SZ at 2021-08-05 00:00:00 | OBV: 119865878 < MA: 126078240
LONG (OBV Breakout): 002371.SZ at 2021-08-23 00:00:00 | OBV: 75379667 > MA: 69408455
EXIT (OBV Breakdown): 002371.SZ at 2021-08-24 00:00:00 | OBV: 80018581 < MA: 81251172
LONG (OBV Breakout): 002371.SZ at 2021-08-25 00:00:00 | OBV: 96851518 > MA: 90823867
EXIT (OBV Breakdown): 002371.SZ at 2021-08-30 00:00:00 | OBV: 110894810 < MA: 116426696
LONG (OBV Breakout): 002371.SZ at 2021-08-31 00:00:00 | OBV: 137828658 > MA: 127062362
EXIT (OBV Breakdown): 002371.SZ at 2021-09-02 00:00:00 | OBV: 102638013 < MA: 118130171
LONG (OBV Breakout): 002371.SZ at 2021-09-03 00:00:00 | OBV: 128792476 > MA: 127147691
EXIT (OBV Breakdown): 002371.SZ at 2021-09-16 00:00:00 | OBV: 137664647 < MA: 145113327
LONG (OBV Breakout): 002371.SZ at 2021-09-23 00:00:00 | OBV: 140726701 > MA: 134882182
EXIT (OBV Breakdown): 002371.SZ at 2021-09-24 00:00:00 | OBV: 123703635 < MA: 124865992
LONG (OBV Breakout): 002371.SZ at 2021-09-30 00:00:00 | OBV: 117229043 > MA: 115716863
EXIT (OBV Breakdown): 002371.SZ at 2021-10-08 00:00:00 | OBV: 111549108 < MA: 120979750
LONG (OBV Breakout): 002371.SZ at 2021-10-18 00:00:00 | OBV: 131942508 > MA: 126640000
EXIT (OBV Breakdown): 002371.SZ at 2021-10-19 00:00:00 | OBV: 129865858 < MA: 130767680
LONG (OBV Breakout): 002371.SZ at 2021-10-20 00:00:00 | OBV: 129997823 > MA: 125630174
EXIT (OBV Breakdown): 002371.SZ at 2021-11-19 00:00:00 | OBV: 130705634 < MA: 137687998
LONG (OBV Breakout): 002371.SZ at 2021-11-22 00:00:00 | OBV: 122596314 > MA: 120649827
EXIT (OBV Breakdown): 002371.SZ at 2021-11-23 00:00:00 | OBV: 130181060 < MA: 136637301
LONG (OBV Breakout): 002371.SZ at 2022-01-18 00:00:00 | OBV: -70010591 > MA: -75586678
EXIT (OBV Breakdown): 002371.SZ at 2022-01-19 00:00:00 | OBV: -69102748 < MA: -67934942
LONG (OBV Breakout): 002371.SZ at 2022-01-26 00:00:00 | OBV: -84748237 > MA: -87821507
EXIT (OBV Breakdown): 002371.SZ at 2022-01-27 00:00:00 | OBV: -75910080 < MA: -72210042
LONG (OBV Breakout): 002371.SZ at 2022-02-23 00:00:00 | OBV: -90908402 > MA: -92160724
EXIT (OBV Breakdown): 002371.SZ at 2022-02-24 00:00:00 | OBV: -97196699 < MA: -85354859
LONG (OBV Breakout): 002371.SZ at 2022-02-25 00:00:00 | OBV: -89411769 > MA: -92849994
EXIT (OBV Breakdown): 002371.SZ at 2022-03-03 00:00:00 | OBV: -100105931 < MA: -96276022
LONG (OBV Breakout): 002371.SZ at 2022-03-04 00:00:00 | OBV: -78938093 > MA: -85825954
EXIT (OBV Breakdown): 002371.SZ at 2022-03-07 00:00:00 | OBV: -69408419 < MA: -67534534
LONG (OBV Breakout): 002371.SZ at 2022-03-08 00:00:00 | OBV: -73616427 > MA: -83440893
EXIT (OBV Breakdown): 002371.SZ at 2022-03-24 00:00:00 | OBV: -82163355 < MA: -76266407
LONG (OBV Breakout): 002371.SZ at 2022-05-11 00:00:00 | OBV: -139881692 > MA: -141709354
EXIT (OBV Breakdown): 002371.SZ at 2022-07-19 00:00:00 | OBV: 69487347 < MA: 69837766
LONG (OBV Breakout): 002371.SZ at 2022-07-20 00:00:00 | OBV: 87514281 > MA: 81767658
EXIT (OBV Breakdown): 002371.SZ at 2022-07-25 00:00:00 | OBV: 95736167 < MA: 96253132
LONG (OBV Breakout): 002371.SZ at 2022-08-02 00:00:00 | OBV: 140030224 > MA: 134328363
EXIT (OBV Breakdown): 002371.SZ at 2022-09-01 00:00:00 | OBV: 211964137 < MA: 214064361
LONG (OBV Breakout): 002371.SZ at 2022-09-02 00:00:00 | OBV: 234528087 > MA: 231542274
EXIT (OBV Breakdown): 002371.SZ at 2022-09-22 00:00:00 | OBV: 258377466 < MA: 262716924
LONG (OBV Breakout): 002371.SZ at 2022-09-27 00:00:00 | OBV: 275412512 > MA: 274721591
EXIT (OBV Breakdown): 002371.SZ at 2022-09-28 00:00:00 | OBV: 276940425 < MA: 280339308
LONG (OBV Breakout): 002371.SZ at 2022-09-29 00:00:00 | OBV: 276930416 > MA: 274244052
EXIT (OBV Breakdown): 002371.SZ at 2022-09-30 00:00:00 | OBV: 277091545 < MA: 280937377
LONG (OBV Breakout): 002371.SZ at 2022-10-14 00:00:00 | OBV: 267822068 > MA: 264246401
EXIT (OBV Breakdown): 002371.SZ at 2022-11-09 00:00:00 | OBV: 285590735 < MA: 295499118
LONG (OBV Breakout): 002371.SZ at 2022-12-06 00:00:00 | OBV: 240387500 > MA: 239490011
EXIT (OBV Breakdown): 002371.SZ at 2022-12-13 00:00:00 | OBV: 198455246 < MA: 203217818
LONG (OBV Breakout): 002371.SZ at 2022-12-14 00:00:00 | OBV: 239835022 > MA: 218663660
EXIT (OBV Breakdown): 002371.SZ at 2022-12-22 00:00:00 | OBV: 173675644 < MA: 179414350
LONG (OBV Breakout): 002371.SZ at 2022-12-29 00:00:00 | OBV: 130603952 > MA: 130325592
EXIT (OBV Breakdown): 002371.SZ at 2022-12-30 00:00:00 | OBV: 110709509 < MA: 116981479
LONG (OBV Breakout): 002371.SZ at 2023-01-03 00:00:00 | OBV: 129110438 > MA: 128561860
EXIT (OBV Breakdown): 002371.SZ at 2023-01-04 00:00:00 | OBV: 137990858 < MA: 148347747
LONG (OBV Breakout): 002371.SZ at 2023-01-06 00:00:00 | OBV: 155036346 > MA: 148728128
EXIT (OBV Breakdown): 002371.SZ at 2023-02-16 00:00:00 | OBV: 62033650 < MA: 62307154
LONG (OBV Breakout): 002371.SZ at 2023-03-02 00:00:00 | OBV: 62081974 > MA: 61036326
EXIT (OBV Breakdown): 002371.SZ at 2023-03-28 00:00:00 | OBV: 114609912 < MA: 120642611
LONG (OBV Breakout): 002371.SZ at 2023-03-29 00:00:00 | OBV: 148022249 > MA: 129925063
EXIT (OBV Breakdown): 002371.SZ at 2023-03-30 00:00:00 | OBV: 122213192 < MA: 126846377
LONG (OBV Breakout): 002371.SZ at 2023-03-31 00:00:00 | OBV: 140912233 > MA: 135744299
EXIT (OBV Breakdown): 002371.SZ at 2023-05-05 00:00:00 | OBV: 174426168 < MA: 184324938
LONG (OBV Breakout): 002371.SZ at 2023-05-24 00:00:00 | OBV: 201156059 > MA: 195789747
EXIT (OBV Breakdown): 002371.SZ at 2023-06-21 00:00:00 | OBV: 231736343 < MA: 236244603
LONG (OBV Breakout): 002371.SZ at 2023-06-26 00:00:00 | OBV: 247925220 > MA: 246049976
EXIT (OBV Breakdown): 002371.SZ at 2023-07-05 00:00:00 | OBV: 243606232 < MA: 245339255
LONG (OBV Breakout): 002371.SZ at 2023-07-14 00:00:00 | OBV: 235527939 > MA: 225960669
EXIT (OBV Breakdown): 002371.SZ at 2023-07-17 00:00:00 | OBV: 204982900 < MA: 208760746
LONG (OBV Breakout): 002371.SZ at 2023-07-31 00:00:00 | OBV: 170785637 > MA: 164563125
EXIT (OBV Breakdown): 002371.SZ at 2023-08-16 00:00:00 | OBV: 183329389 < MA: 189790984
LONG (OBV Breakout): 002371.SZ at 2023-08-30 00:00:00 | OBV: 153721609 > MA: 149355829
EXIT (OBV Breakdown): 002371.SZ at 2023-09-14 00:00:00 | OBV: 92085478 < MA: 95260090
LONG (OBV Breakout): 002371.SZ at 2023-10-09 00:00:00 | OBV: 38982164 > MA: 31909226
EXIT (OBV Breakdown): 002371.SZ at 2023-10-19 00:00:00 | OBV: -34652841 < MA: -33968927
LONG (OBV Breakout): 002371.SZ at 2023-10-24 00:00:00 | OBV: 18581338 > MA: 15356041
EXIT (OBV Breakdown): 002371.SZ at 2023-10-25 00:00:00 | OBV: -7005104 < MA: -2214513
LONG (OBV Breakout): 002371.SZ at 2023-10-26 00:00:00 | OBV: -15614847 > MA: -16697040
EXIT (OBV Breakdown): 002371.SZ at 2023-11-01 00:00:00 | OBV: 45773694 < MA: 48444301
LONG (OBV Breakout): 002371.SZ at 2023-11-03 00:00:00 | OBV: 75248739 > MA: 75152597
EXIT (OBV Breakdown): 002371.SZ at 2023-11-15 00:00:00 | OBV: 31458943 < MA: 34621340
LONG (OBV Breakout): 002371.SZ at 2023-12-21 00:00:00 | OBV: -71202911 > MA: -76528291
EXIT (OBV Breakdown): 002371.SZ at 2023-12-25 00:00:00 | OBV: -73037170 < MA: -71780327
LONG (OBV Breakout): 002371.SZ at 2023-12-27 00:00:00 | OBV: -61698680 > MA: -71682385
EXIT (OBV Breakdown): 002371.SZ at 2024-01-15 00:00:00 | OBV: -34681661 < MA: -34617098
LONG (OBV Breakout): 002371.SZ at 2024-01-16 00:00:00 | OBV: -17389799 > MA: -28362592
EXIT (OBV Breakdown): 002371.SZ at 2024-01-22 00:00:00 | OBV: -45640696 < MA: -41232387
LONG (OBV Breakout): 002371.SZ at 2024-01-25 00:00:00 | OBV: -46461980 > MA: -50251545
EXIT (OBV Breakdown): 002371.SZ at 2024-01-26 00:00:00 | OBV: -58915407 < MA: -55725808
LONG (OBV Breakout): 002371.SZ at 2024-02-06 00:00:00 | OBV: -51520589 > MA: -55294023
EXIT (OBV Breakdown): 002371.SZ at 2024-02-07 00:00:00 | OBV: -54335925 < MA: -50390621
LONG (OBV Breakout): 002371.SZ at 2024-02-08 00:00:00 | OBV: -37866432 > MA: -44128829
EXIT (OBV Breakdown): 002371.SZ at 2024-03-15 00:00:00 | OBV: -34223572 < MA: -31520977
LONG (OBV Breakout): 002371.SZ at 2024-03-18 00:00:00 | OBV: -16410330 > MA: -21403304
EXIT (OBV Breakdown): 002371.SZ at 2024-03-19 00:00:00 | OBV: -13762333 < MA: -11549844
LONG (OBV Breakout): 002371.SZ at 2024-03-20 00:00:00 | OBV: -3232365 > MA: -4285321
EXIT (OBV Breakdown): 002371.SZ at 2024-03-28 00:00:00 | OBV: 18967974 < MA: 20967545
LONG (OBV Breakout): 002371.SZ at 2024-04-01 00:00:00 | OBV: -91242 > MA: -1044371
EXIT (OBV Breakdown): 002371.SZ at 2024-04-02 00:00:00 | OBV: -18685744 < MA: -10828706
LONG (OBV Breakout): 002371.SZ at 2024-04-26 00:00:00 | OBV: -19978035 > MA: -24490062
EXIT (OBV Breakdown): 002371.SZ at 2024-05-07 00:00:00 | OBV: -35789285 < MA: -31702827
LONG (OBV Breakout): 002371.SZ at 2024-06-03 00:00:00 | OBV: 3612951 > MA: -3937846
EXIT (OBV Breakdown): 002371.SZ at 2024-06-25 00:00:00 | OBV: 23279299 < MA: 24445202
LONG (OBV Breakout): 002371.SZ at 2024-06-26 00:00:00 | OBV: 33025253 > MA: 28894996
EXIT (OBV Breakdown): 002371.SZ at 2024-07-11 00:00:00 | OBV: 20097929 < MA: 28093562
LONG (OBV Breakout): 002371.SZ at 2024-07-12 00:00:00 | OBV: 26252336 > MA: 22820291
EXIT (OBV Breakdown): 002371.SZ at 2024-07-24 00:00:00 | OBV: 50114285 < MA: 50213610
LONG (OBV Breakout): 002371.SZ at 2024-07-26 00:00:00 | OBV: 33605631 > MA: 32484807
EXIT (OBV Breakdown): 002371.SZ at 2024-08-06 00:00:00 | OBV: 56437836 < MA: 57272927
LONG (OBV Breakout): 002371.SZ at 2024-08-30 00:00:00 | OBV: -6756471 > MA: -15998094
EXIT (OBV Breakdown): 002371.SZ at 2024-09-05 00:00:00 | OBV: 676143 < MA: 1735884
LONG (OBV Breakout): 002371.SZ at 2024-09-11 00:00:00 | OBV: 3595350 > MA: 565591
EXIT (OBV Breakdown): 002371.SZ at 2024-09-12 00:00:00 | OBV: -7614347 < MA: -7131611
LONG (OBV Breakout): 002371.SZ at 2024-09-20 00:00:00 | OBV: -14708213 > MA: -15504656
EXIT (OBV Breakdown): 002371.SZ at 2024-09-23 00:00:00 | OBV: -15658222 < MA: -8893206
LONG (OBV Breakout): 002371.SZ at 2024-09-24 00:00:00 | OBV: -631850 > MA: -4262317
EXIT (OBV Breakdown): 002371.SZ at 2024-09-25 00:00:00 | OBV: -18225852 < MA: -11006478
LONG (OBV Breakout): 002371.SZ at 2024-09-26 00:00:00 | OBV: 2465175 > MA: -1261001
EXIT (OBV Breakdown): 002371.SZ at 2024-11-26 00:00:00 | OBV: 173196947 < MA: 181850690
LONG (OBV Breakout): 002371.SZ at 2024-12-02 00:00:00 | OBV: 162595868 > MA: 155056646
EXIT (OBV Breakdown): 002371.SZ at 2024-12-03 00:00:00 | OBV: 156873438 < MA: 164971443
LONG (OBV Breakout): 002371.SZ at 2024-12-18 00:00:00 | OBV: 154097933 > MA: 152184558
EXIT (OBV Breakdown): 002371.SZ at 2025-01-02 00:00:00 | OBV: 123229815 < MA: 130180559
LONG (OBV Breakout): 002371.SZ at 2025-02-06 00:00:00 | OBV: 121275382 > MA: 102075812
EXIT (OBV Breakdown): 002371.SZ at 2025-02-10 00:00:00 | OBV: 109402257 < MA: 112572998
LONG (OBV Breakout): 002371.SZ at 2025-02-12 00:00:00 | OBV: 113848249 > MA: 109640125
EXIT (OBV Breakdown): 002371.SZ at 2025-02-13 00:00:00 | OBV: 108999934 < MA: 112269798
LONG (OBV Breakout): 002371.SZ at 2025-02-14 00:00:00 | OBV: 116067673 > MA: 109382672
EXIT (OBV Breakdown): 002371.SZ at 2025-03-12 00:00:00 | OBV: 156472486 < MA: 160377233
LONG (OBV Breakout): 002371.SZ at 2025-04-03 00:00:00 | OBV: 74166199 > MA: 65963577
EXIT (OBV Breakdown): 002371.SZ at 2025-04-07 00:00:00 | OBV: 76048508 < MA: 83400031
LONG (OBV Breakout): 002371.SZ at 2025-04-11 00:00:00 | OBV: 72848068 > MA: 72599597
EXIT (OBV Breakdown): 002371.SZ at 2025-04-15 00:00:00 | OBV: 38873133 < MA: 43227429
LONG (OBV Breakout): 002371.SZ at 2025-04-16 00:00:00 | OBV: 71798017 > MA: 66905233
EXIT (OBV Breakdown): 002371.SZ at 2025-04-18 00:00:00 | OBV: 56122329 < MA: 60288753
LONG (OBV Breakout): 002371.SZ at 2025-04-22 00:00:00 | OBV: 65514130 > MA: 60749257
EXIT (OBV Breakdown): 002371.SZ at 2025-04-23 00:00:00 | OBV: 67297564 < MA: 68154073
LONG (OBV Breakout): 002371.SZ at 2025-04-24 00:00:00 | OBV: 60774954 > MA: 58713813
EXIT (OBV Breakdown): 002371.SZ at 2025-04-25 00:00:00 | OBV: 47603769 < MA: 49901153
LONG (OBV Breakout): 002371.SZ at 2025-04-28 00:00:00 | OBV: 39743865 > MA: 37170486
EXIT (OBV Breakdown): 002371.SZ at 2025-04-30 00:00:00 | OBV: 30837376 < MA: 33629613
LONG (OBV Breakout): 002371.SZ at 2025-05-06 00:00:00 | OBV: 23466257 > MA: 20611481
EXIT (OBV Breakdown): 002371.SZ at 2025-05-07 00:00:00 | OBV: 28254807 < MA: 31116824
LONG (OBV Breakout): 002371.SZ at 2025-05-08 00:00:00 | OBV: 16137637 > MA: 15285353
EXIT (OBV Breakdown): 002371.SZ at 2025-05-09 00:00:00 | OBV: -10009312 < MA: -5111432
LONG (OBV Breakout): 002371.SZ at 2025-06-04 00:00:00 | OBV: -5722038 > MA: -6437594
EXIT (OBV Breakdown): 002371.SZ at 2025-06-10 00:00:00 | OBV: 10868475 < MA: 12338015
LONG (OBV Breakout): 002371.SZ at 2025-06-17 00:00:00 | OBV: 19505653 > MA: 17322554
EXIT (OBV Breakdown): 002371.SZ at 2025-07-15 00:00:00 | OBV: 28665512 < MA: 31202542
LONG (OBV Breakout): 002371.SZ at 2025-07-23 00:00:00 | OBV: 44157072 > MA: 35873804
EXIT (OBV Breakdown): 002371.SZ at 2025-10-14 00:00:00 | OBV: 111976143 < MA: 126857100
LONG (OBV Breakout): 002371.SZ at 2025-10-27 00:00:00 | OBV: 136011003 > MA: 132905390
EXIT (OBV Breakdown): 002371.SZ at 2025-10-28 00:00:00 | OBV: 134275498 < MA: 138051030
LONG (OBV Breakout): 002371.SZ at 2025-11-10 00:00:00 | OBV: 145940035 > MA: 137316142
EXIT (OBV Breakdown): 002371.SZ at 2025-11-12 00:00:00 | OBV: 131669721 < MA: 135649624
LONG (OBV Breakout): 002371.SZ at 2025-11-13 00:00:00 | OBV: 141925250 > MA: 140577866
EXIT (OBV Breakdown): 002371.SZ at 2025-11-14 00:00:00 | OBV: 141254794 < MA: 144863702
LONG (OBV Breakout): 002371.SZ at 2025-11-18 00:00:00 | OBV: 138560160 > MA: 131690319
EXIT (OBV Breakdown): 002371.SZ at 2025-11-20 00:00:00 | OBV: 134719664 < MA: 140347641
LONG (OBV Breakout): 002371.SZ at 2025-11-24 00:00:00 | OBV: 138866910 > MA: 136558884
EXIT (OBV Breakdown): 002371.SZ at 2025-12-26 00:00:00 | OBV: 148628230 < MA: 148993196
LONG (OBV Breakout): 002371.SZ at 2025-12-31 00:00:00 | OBV: 162923367 > MA: 155766326
[('Total Return', '112.41%'), ('Sharpe Ratio', '0.62'), ('Sortino Ratio', '0.86'), ('Calmar Ratio', '0.32'), ('Max Drawdown', '41.74%'), ('Drawdown Duration', '791'), ('Stability Score', '0.36')]
