LONG (OBV Breakout): 002415.SZ at 2021-03-03 00:00:00 | OBV: -40377365 > MA: -67435806
EXIT (OBV Breakdown): 002415.SZ at 2021-03-04 00:00:00 | OBV: -67588481 < MA: -67145738
LONG (OBV Breakout): 002415.SZ at 2021-03-05 00:00:00 | OBV: -18572751 > MA: -61291836
EXIT (OBV Breakdown): 002415.SZ at 2021-03-08 00:00:00 | OBV: -64722498 < MA: -60257200
LONG (OBV Breakout): 002415.SZ at 2021-03-11 00:00:00 | OBV: -60706103 > MA: -64506350
EXIT (OBV Breakdown): 002415.SZ at 2021-03-12 00:00:00 | OBV: -80413552 < MA: -63200119
LONG (OBV Breakout): 002415.SZ at 2021-04-01 00:00:00 | OBV: -129240072 > MA: -148477152
EXIT (OBV Breakdown): 002415.SZ at 2021-05-19 00:00:00 | OBV: 58331822 < MA: 59039340
LONG (OBV Breakout): 002415.SZ at 2021-05-20 00:00:00 | OBV: 81515554 > MA: 63006453
EXIT (OBV Breakdown): 002415.SZ at 2021-06-02 00:00:00 | OBV: 80907470 < MA: 87580193
LONG (OBV Breakout): 002415.SZ at 2021-06-11 00:00:00 | OBV: 104783904 > MA: 93389974
EXIT (OBV Breakdown): 002415.SZ at 2021-06-15 00:00:00 | OBV: 73955016 < MA: 92608349
LONG (OBV Breakout): 002415.SZ at 2021-06-18 00:00:00 | OBV: 94216147 > MA: 91876097
EXIT (OBV Breakdown): 002415.SZ at 2021-06-21 00:00:00 | OBV: 65662867 < MA: 89919833
LONG (OBV Breakout): 002415.SZ at 2021-06-22 00:00:00 | OBV: 91182715 > MA: 87961925
EXIT (OBV Breakdown): 002415.SZ at 2021-06-23 00:00:00 | OBV: 62500737 < MA: 82892336
LONG (OBV Breakout): 002415.SZ at 2021-06-24 00:00:00 | OBV: 120310709 > MA: 81719258
EXIT (OBV Breakdown): 002415.SZ at 2021-06-29 00:00:00 | OBV: 77133001 < MA: 79082324
LONG (OBV Breakout): 002415.SZ at 2021-06-30 00:00:00 | OBV: 121378464 > MA: 78739717
EXIT (OBV Breakdown): 002415.SZ at 2021-07-05 00:00:00 | OBV: 84962614 < MA: 86508695
LONG (OBV Breakout): 002415.SZ at 2021-07-15 00:00:00 | OBV: 91136883 > MA: 86610448
EXIT (OBV Breakdown): 002415.SZ at 2021-07-16 00:00:00 | OBV: 64704236 < MA: 85134852
LONG (OBV Breakout): 002415.SZ at 2021-07-19 00:00:00 | OBV: 95497668 > MA: 86626592
EXIT (OBV Breakdown): 002415.SZ at 2021-07-27 00:00:00 | OBV: 25150146 < MA: 92151316
LONG (OBV Breakout): 002415.SZ at 2021-07-29 00:00:00 | OBV: 260757519 > MA: 235372572
EXIT (OBV Breakdown): 002415.SZ at 2021-07-30 00:00:00 | OBV: 160485186 < MA: 182945596
LONG (OBV Breakout): 002415.SZ at 2021-08-02 00:00:00 | OBV: 152274131 > MA: 139039786
EXIT (OBV Breakdown): 002415.SZ at 2021-08-03 00:00:00 | OBV: 188260935 < MA: 213713279
LONG (OBV Breakout): 002415.SZ at 2021-08-04 00:00:00 | OBV: 166218305 > MA: 152254088
EXIT (OBV Breakdown): 002415.SZ at 2021-08-05 00:00:00 | OBV: 193766352 < MA: 211041472
LONG (OBV Breakout): 002415.SZ at 2021-08-10 00:00:00 | OBV: 56388229 > MA: 51247926
EXIT (OBV Breakdown): 002415.SZ at 2021-08-13 00:00:00 | OBV: 89573514 < MA: 152265475
LONG (OBV Breakout): 002415.SZ at 2021-09-15 00:00:00 | OBV: 196815619 > MA: 188240452
EXIT (OBV Breakdown): 002415.SZ at 2021-09-16 00:00:00 | OBV: 144005891 < MA: 145420313
LONG (OBV Breakout): 002415.SZ at 2021-09-17 00:00:00 | OBV: 132088238 > MA: 112425531
EXIT (OBV Breakdown): 002415.SZ at 2021-09-22 00:00:00 | OBV: 69199133 < MA: 69746446
LONG (OBV Breakout): 002415.SZ at 2021-09-24 00:00:00 | OBV: 16045985 > MA: 14574566
EXIT (OBV Breakdown): 002415.SZ at 2021-10-25 00:00:00 | OBV: -150397747 < MA: -146964039
LONG (OBV Breakout): 002415.SZ at 2021-12-07 00:00:00 | OBV: -284530091 > MA: -290550052
EXIT (OBV Breakdown): 002415.SZ at 2021-12-23 00:00:00 | OBV: -301399261 < MA: -294274436
LONG (OBV Breakout): 002415.SZ at 2021-12-28 00:00:00 | OBV: -239389094 > MA: -247801748
EXIT (OBV Breakdown): 002415.SZ at 2021-12-29 00:00:00 | OBV: -229667975 < MA: -207858242
LONG (OBV Breakout): 002415.SZ at 2022-01-18 00:00:00 | OBV: -404637718 > MA: -408828391
EXIT (OBV Breakdown): 002415.SZ at 2022-01-19 00:00:00 | OBV: -350323028 < MA: -327313449
LONG (OBV Breakout): 002415.SZ at 2022-02-21 00:00:00 | OBV: -337365657 > MA: -346145721
EXIT (OBV Breakdown): 002415.SZ at 2022-02-22 00:00:00 | OBV: -302934372 < MA: -301938394
LONG (OBV Breakout): 002415.SZ at 2022-02-23 00:00:00 | OBV: -281524538 > MA: -337144065
EXIT (OBV Breakdown): 002415.SZ at 2022-03-03 00:00:00 | OBV: -169648411 < MA: -166758587
LONG (OBV Breakout): 002415.SZ at 2022-03-17 00:00:00 | OBV: -236829024 > MA: -241322823
EXIT (OBV Breakdown): 002415.SZ at 2022-03-18 00:00:00 | OBV: -287213731 < MA: -266676412
LONG (OBV Breakout): 002415.SZ at 2022-03-23 00:00:00 | OBV: -247445197 > MA: -253257733
EXIT (OBV Breakdown): 002415.SZ at 2022-03-24 00:00:00 | OBV: -226823818 < MA: -219593076
LONG (OBV Breakout): 002415.SZ at 2022-03-30 00:00:00 | OBV: -353103017 > MA: -357506394
EXIT (OBV Breakdown): 002415.SZ at 2022-03-31 00:00:00 | OBV: -369843879 < MA: -361166760
LONG (OBV Breakout): 002415.SZ at 2022-04-01 00:00:00 | OBV: -391059725 > MA: -401089000
EXIT (OBV Breakdown): 002415.SZ at 2022-04-06 00:00:00 | OBV: -436592170 < MA: -433336905
LONG (OBV Breakout): 002415.SZ at 2022-04-13 00:00:00 | OBV: -363029313 > MA: -367505092
EXIT (OBV Breakdown): 002415.SZ at 2022-05-05 00:00:00 | OBV: -215246596 < MA: -201166582
LONG (OBV Breakout): 002415.SZ at 2022-05-26 00:00:00 | OBV: -315871807 > MA: -344931490
EXIT (OBV Breakdown): 002415.SZ at 2022-07-07 00:00:00 | OBV: 342184733 < MA: 392665952
LONG (OBV Breakout): 002415.SZ at 2022-08-05 00:00:00 | OBV: 446021225 > MA: 402323150
EXIT (OBV Breakdown): 002415.SZ at 2022-08-16 00:00:00 | OBV: 405443603 < MA: 423766097
LONG (OBV Breakout): 002415.SZ at 2022-08-17 00:00:00 | OBV: 398598780 > MA: 371879638
EXIT (OBV Breakdown): 002415.SZ at 2022-08-18 00:00:00 | OBV: 382082272 < MA: 396438321
LONG (OBV Breakout): 002415.SZ at 2022-09-13 00:00:00 | OBV: 437554532 > MA: 398014877
EXIT (OBV Breakdown): 002415.SZ at 2022-09-15 00:00:00 | OBV: 322490022 < MA: 346952978
LONG (OBV Breakout): 002415.SZ at 2022-09-16 00:00:00 | OBV: 455515825 > MA: 363667933
EXIT (OBV Breakdown): 002415.SZ at 2022-09-26 00:00:00 | OBV: 380854559 < MA: 387039098
LONG (OBV Breakout): 002415.SZ at 2022-09-27 00:00:00 | OBV: 427850544 > MA: 401985161
EXIT (OBV Breakdown): 002415.SZ at 2022-10-28 00:00:00 | OBV: 581575791 < MA: 583925907
LONG (OBV Breakout): 002415.SZ at 2022-10-31 00:00:00 | OBV: 905237804 > MA: 844326168
EXIT (OBV Breakdown): 002415.SZ at 2022-12-20 00:00:00 | OBV: 255007452 < MA: 285056684
LONG (OBV Breakout): 002415.SZ at 2022-12-22 00:00:00 | OBV: 366875150 > MA: 350380577
EXIT (OBV Breakdown): 002415.SZ at 2022-12-28 00:00:00 | OBV: 453493777 < MA: 473726340
LONG (OBV Breakout): 002415.SZ at 2022-12-29 00:00:00 | OBV: 560107117 > MA: 552068333
EXIT (OBV Breakdown): 002415.SZ at 2023-01-03 00:00:00 | OBV: 579160103 < MA: 581050739
LONG (OBV Breakout): 002415.SZ at 2023-01-05 00:00:00 | OBV: 588056649 > MA: 583215692
EXIT (OBV Breakdown): 002415.SZ at 2023-01-06 00:00:00 | OBV: 590343558 < MA: 613013632
LONG (OBV Breakout): 002415.SZ at 2023-01-16 00:00:00 | OBV: 695311541 > MA: 666947613
EXIT (OBV Breakdown): 002415.SZ at 2023-02-15 00:00:00 | OBV: 718585955 < MA: 718989023
LONG (OBV Breakout): 002415.SZ at 2023-02-16 00:00:00 | OBV: 775675705 > MA: 685915360
EXIT (OBV Breakdown): 002415.SZ at 2023-03-10 00:00:00 | OBV: 939994144 < MA: 975453998
LONG (OBV Breakout): 002415.SZ at 2023-03-13 00:00:00 | OBV: 947630525 > MA: 936488131
EXIT (OBV Breakdown): 002415.SZ at 2023-03-14 00:00:00 | OBV: 852736694 < MA: 885302117
LONG (OBV Breakout): 002415.SZ at 2023-03-15 00:00:00 | OBV: 959760997 > MA: 928790684
EXIT (OBV Breakdown): 002415.SZ at 2023-03-16 00:00:00 | OBV: 958990516 < MA: 970529221
LONG (OBV Breakout): 002415.SZ at 2023-03-17 00:00:00 | OBV: 937843881 > MA: 862683915
EXIT (OBV Breakdown): 002415.SZ at 2023-03-30 00:00:00 | OBV: 852360579 < MA: 864589570
LONG (OBV Breakout): 002415.SZ at 2023-03-31 00:00:00 | OBV: 872071587 > MA: 829982292
EXIT (OBV Breakdown): 002415.SZ at 2023-04-03 00:00:00 | OBV: 828161301 < MA: 878219236
LONG (OBV Breakout): 002415.SZ at 2023-04-04 00:00:00 | OBV: 907105943 > MA: 854050192
EXIT (OBV Breakdown): 002415.SZ at 2023-04-06 00:00:00 | OBV: 792715095 < MA: 818425843
LONG (OBV Breakout): 002415.SZ at 2023-04-07 00:00:00 | OBV: 837195439 > MA: 792757674
EXIT (OBV Breakdown): 002415.SZ at 2023-04-10 00:00:00 | OBV: 680352026 < MA: 743506728
LONG (OBV Breakout): 002415.SZ at 2023-05-23 00:00:00 | OBV: -403226110 > MA: -443519450
EXIT (OBV Breakdown): 002415.SZ at 2023-05-25 00:00:00 | OBV: -430134575 < MA: -426562865
LONG (OBV Breakout): 002415.SZ at 2023-05-26 00:00:00 | OBV: -354839406 > MA: -391776553
EXIT (OBV Breakdown): 002415.SZ at 2023-05-29 00:00:00 | OBV: -454593983 < MA: -438765024
LONG (OBV Breakout): 002415.SZ at 2023-05-30 00:00:00 | OBV: -379813351 > MA: -407117855
EXIT (OBV Breakdown): 002415.SZ at 2023-06-09 00:00:00 | OBV: -605389114 < MA: -510882248
LONG (OBV Breakout): 002415.SZ at 2023-06-19 00:00:00 | OBV: -428165796 > MA: -464893582
EXIT (OBV Breakdown): 002415.SZ at 2023-06-29 00:00:00 | OBV: -525239656 < MA: -503133051
LONG (OBV Breakout): 002415.SZ at 2023-07-04 00:00:00 | OBV: -499422255 > MA: -543908768
EXIT (OBV Breakdown): 002415.SZ at 2023-07-06 00:00:00 | OBV: -559661114 < MA: -557041532
LONG (OBV Breakout): 002415.SZ at 2023-07-10 00:00:00 | OBV: -483885234 > MA: -492003098
EXIT (OBV Breakdown): 002415.SZ at 2023-07-18 00:00:00 | OBV: -567357319 < MA: -557919449
LONG (OBV Breakout): 002415.SZ at 2023-07-19 00:00:00 | OBV: -591867683 > MA: -597016472
EXIT (OBV Breakdown): 002415.SZ at 2023-07-20 00:00:00 | OBV: -671913133 < MA: -663066042
LONG (OBV Breakout): 002415.SZ at 2023-07-25 00:00:00 | OBV: -624102157 > MA: -625135591
EXIT (OBV Breakdown): 002415.SZ at 2023-07-26 00:00:00 | OBV: -674285754 < MA: -658902210
LONG (OBV Breakout): 002415.SZ at 2023-07-27 00:00:00 | OBV: -679500624 > MA: -692542169
EXIT (OBV Breakdown): 002415.SZ at 2023-08-15 00:00:00 | OBV: -830877114 < MA: -812390650
LONG (OBV Breakout): 002415.SZ at 2023-08-22 00:00:00 | OBV: -711228224 > MA: -721641352
EXIT (OBV Breakdown): 002415.SZ at 2023-08-23 00:00:00 | OBV: -804932641 < MA: -785807864
LONG (OBV Breakout): 002415.SZ at 2023-08-28 00:00:00 | OBV: -738939401 > MA: -751086471
EXIT (OBV Breakdown): 002415.SZ at 2023-09-08 00:00:00 | OBV: -798242525 < MA: -794448918
LONG (OBV Breakout): 002415.SZ at 2023-09-11 00:00:00 | OBV: -883347755 > MA: -904274951
EXIT (OBV Breakdown): 002415.SZ at 2023-09-12 00:00:00 | OBV: -859013939 < MA: -856731302
LONG (OBV Breakout): 002415.SZ at 2023-10-09 00:00:00 | OBV: -784664961 > MA: -788659976
EXIT (OBV Breakdown): 002415.SZ at 2023-10-10 00:00:00 | OBV: -742117828 < MA: -735871002
LONG (OBV Breakout): 002415.SZ at 2023-10-11 00:00:00 | OBV: -789495970 > MA: -805394223
EXIT (OBV Breakdown): 002415.SZ at 2023-10-20 00:00:00 | OBV: -310653909 < MA: -301886059
LONG (OBV Breakout): 002415.SZ at 2023-10-23 00:00:00 | OBV: -213613791 > MA: -241837936
EXIT (OBV Breakdown): 002415.SZ at 2023-11-17 00:00:00 | OBV: 93510366 < MA: 102984674
LONG (OBV Breakout): 002415.SZ at 2023-11-20 00:00:00 | OBV: 155689022 > MA: 153089256
EXIT (OBV Breakdown): 002415.SZ at 2023-11-22 00:00:00 | OBV: 183492362 < MA: 183779365
LONG (OBV Breakout): 002415.SZ at 2023-11-23 00:00:00 | OBV: 158699188 > MA: 148013965
EXIT (OBV Breakdown): 002415.SZ at 2023-11-24 00:00:00 | OBV: 169337161 < MA: 173121631
LONG (OBV Breakout): 002415.SZ at 2023-12-29 00:00:00 | OBV: 94459076 > MA: 62562957
EXIT (OBV Breakdown): 002415.SZ at 2024-01-02 00:00:00 | OBV: 29645348 < MA: 30701790
LONG (OBV Breakout): 002415.SZ at 2024-01-18 00:00:00 | OBV: -25079376 > MA: -47547732
EXIT (OBV Breakdown): 002415.SZ at 2024-01-23 00:00:00 | OBV: -174864168 < MA: -164953825
LONG (OBV Breakout): 002415.SZ at 2024-01-24 00:00:00 | OBV: -121707213 > MA: -139710884
EXIT (OBV Breakdown): 002415.SZ at 2024-03-14 00:00:00 | OBV: 136943802 < MA: 160748225
LONG (OBV Breakout): 002415.SZ at 2024-04-16 00:00:00 | OBV: 124374842 > MA: 101631718
EXIT (OBV Breakdown): 002415.SZ at 2024-06-13 00:00:00 | OBV: 344961417 < MA: 345762647
LONG (OBV Breakout): 002415.SZ at 2024-06-14 00:00:00 | OBV: 385026633 > MA: 367805159
EXIT (OBV Breakdown): 002415.SZ at 2024-06-17 00:00:00 | OBV: 363627825 < MA: 382927673
LONG (OBV Breakout): 002415.SZ at 2024-07-11 00:00:00 | OBV: 527218039 > MA: 502326135
EXIT (OBV Breakdown): 002415.SZ at 2024-07-25 00:00:00 | OBV: 379342518 < MA: 381625192
LONG (OBV Breakout): 002415.SZ at 2024-07-26 00:00:00 | OBV: 370390548 > MA: 354687334
EXIT (OBV Breakdown): 002415.SZ at 2024-07-29 00:00:00 | OBV: 377370529 < MA: 381028203
LONG (OBV Breakout): 002415.SZ at 2024-07-31 00:00:00 | OBV: 366140849 > MA: 362846173
EXIT (OBV Breakdown): 002415.SZ at 2024-08-01 00:00:00 | OBV: 303754066 < MA: 333311051
LONG (OBV Breakout): 002415.SZ at 2024-08-16 00:00:00 | OBV: 52714712 > MA: 41894424
EXIT (OBV Breakdown): 002415.SZ at 2024-08-19 00:00:00 | OBV: 18974086 < MA: 61809804
LONG (OBV Breakout): 002415.SZ at 2024-09-04 00:00:00 | OBV: 2328438 > MA: -5371951
EXIT (OBV Breakdown): 002415.SZ at 2024-09-05 00:00:00 | OBV: 16433614 < MA: 25183451
LONG (OBV Breakout): 002415.SZ at 2024-09-20 00:00:00 | OBV: 110451443 > MA: 90532685
EXIT (OBV Breakdown): 002415.SZ at 2024-11-18 00:00:00 | OBV: 517411746 < MA: 571988245
LONG (OBV Breakout): 002415.SZ at 2024-11-20 00:00:00 | OBV: 558141185 > MA: 547750618
EXIT (OBV Breakdown): 002415.SZ at 2024-11-21 00:00:00 | OBV: 518614343 < MA: 534730723
LONG (OBV Breakout): 002415.SZ at 2024-12-06 00:00:00 | OBV: 546571917 > MA: 516415520
EXIT (OBV Breakdown): 002415.SZ at 2025-01-02 00:00:00 | OBV: 711470500 < MA: 752574672
LONG (OBV Breakout): 002415.SZ at 2025-01-21 00:00:00 | OBV: 674605718 > MA: 657368655
EXIT (OBV Breakdown): 002415.SZ at 2025-03-21 00:00:00 | OBV: 1398184804 < MA: 1411847074
LONG (OBV Breakout): 002415.SZ at 2025-03-24 00:00:00 | OBV: 1401161304 > MA: 1390639009
EXIT (OBV Breakdown): 002415.SZ at 2025-03-25 00:00:00 | OBV: 1366445267 < MA: 1378905905
LONG (OBV Breakout): 002415.SZ at 2025-04-21 00:00:00 | OBV: 655531310 > MA: 648828135
EXIT (OBV Breakdown): 002415.SZ at 2025-04-22 00:00:00 | OBV: 559585418 < MA: 579202610
LONG (OBV Breakout): 002415.SZ at 2025-05-07 00:00:00 | OBV: 569400413 > MA: 550223509
EXIT (OBV Breakdown): 002415.SZ at 2025-06-03 00:00:00 | OBV: 593851575 < MA: 618363763
LONG (OBV Breakout): 002415.SZ at 2025-06-05 00:00:00 | OBV: 699033309 > MA: 682096764
EXIT (OBV Breakdown): 002415.SZ at 2025-06-10 00:00:00 | OBV: 494398619 < MA: 531314091
LONG (OBV Breakout): 002415.SZ at 2025-06-30 00:00:00 | OBV: 300293757 > MA: 279313390
EXIT (OBV Breakdown): 002415.SZ at 2025-07-01 00:00:00 | OBV: 296355263 < MA: 303943603
LONG (OBV Breakout): 002415.SZ at 2025-07-03 00:00:00 | OBV: 407788180 > MA: 391676003
EXIT (OBV Breakdown): 002415.SZ at 2025-07-04 00:00:00 | OBV: 420851858 < MA: 426005528
LONG (OBV Breakout): 002415.SZ at 2025-07-08 00:00:00 | OBV: 433107463 > MA: 422871947
EXIT (OBV Breakdown): 002415.SZ at 2025-07-31 00:00:00 | OBV: 149996226 < MA: 177686502
LONG (OBV Breakout): 002415.SZ at 2025-08-01 00:00:00 | OBV: 225244941 > MA: 134889600
EXIT (OBV Breakdown): 002415.SZ at 2025-08-04 00:00:00 | OBV: 52148097 < MA: 83881257
LONG (OBV Breakout): 002415.SZ at 2025-08-05 00:00:00 | OBV: 214978678 > MA: 151142777
EXIT (OBV Breakdown): 002415.SZ at 2025-08-06 00:00:00 | OBV: 180271775 < MA: 202807855
LONG (OBV Breakout): 002415.SZ at 2025-08-13 00:00:00 | OBV: 14337697 > MA: -21068659
EXIT (OBV Breakdown): 002415.SZ at 2025-08-14 00:00:00 | OBV: -107055410 < MA: -83583471
LONG (OBV Breakout): 002415.SZ at 2025-08-15 00:00:00 | OBV: 59949118 > MA: 29017257
EXIT (OBV Breakdown): 002415.SZ at 2025-09-03 00:00:00 | OBV: 99075214 < MA: 106085259
LONG (OBV Breakout): 002415.SZ at 2025-09-08 00:00:00 | OBV: 75213649 > MA: 65796785
EXIT (OBV Breakdown): 002415.SZ at 2025-09-09 00:00:00 | OBV: 56536523 < MA: 102672637
LONG (OBV Breakout): 002415.SZ at 2025-09-11 00:00:00 | OBV: 282391396 > MA: 234953715
EXIT (OBV Breakdown): 002415.SZ at 2025-09-12 00:00:00 | OBV: 184647857 < MA: 217004087
LONG (OBV Breakout): 002415.SZ at 2025-09-18 00:00:00 | OBV: 290188678 > MA: 261982626
EXIT (OBV Breakdown): 002415.SZ at 2025-09-19 00:00:00 | OBV: 267955674 < MA: 293246723
LONG (OBV Breakout): 002415.SZ at 2025-09-25 00:00:00 | OBV: 471828943 > MA: 407530361
EXIT (OBV Breakdown): 002415.SZ at 2025-10-30 00:00:00 | OBV: 636227033 < MA: 658272004
LONG (OBV Breakout): 002415.SZ at 2025-12-12 00:00:00 | OBV: 472896129 > MA: 460783137
EXIT (OBV Breakdown): 002415.SZ at 2025-12-15 00:00:00 | OBV: 409519498 < MA: 439060862
LONG (OBV Breakout): 002415.SZ at 2025-12-26 00:00:00 | OBV: 398172312 > MA: 366727144
EXIT (OBV Breakdown): 002415.SZ at 2025-12-31 00:00:00 | OBV: 326270433 < MA: 326375148
LONG (OBV Breakout): 002415.SZ at 2026-01-05 00:00:00 | OBV: 350090035 > MA: 296470900
[('Total Return', '-33.12%'), ('Sharpe Ratio', '-0.28'), ('Sortino Ratio', '-0.32'), ('Calmar Ratio', '-0.12'), ('Max Drawdown', '52.68%'), ('Drawdown Duration', '1130'), ('Stability Score', '-0.13')]
