LONG (OBV Breakout): 300308.SZ at 2021-03-26 00:00:00 | OBV: -38582323 > MA: -44746961
EXIT (OBV Breakdown): 300308.SZ at 2021-03-30 00:00:00 | OBV: -50458569 < MA: -48743361
LONG (OBV Breakout): 300308.SZ at 2021-04-02 00:00:00 | OBV: -44575885 > MA: -52171292
EXIT (OBV Breakdown): 300308.SZ at 2021-04-07 00:00:00 | OBV: -53087591 < MA: -51957072
LONG (OBV Breakout): 300308.SZ at 2021-05-13 00:00:00 | OBV: -71609270 > MA: -75043079
EXIT (OBV Breakdown): 300308.SZ at 2021-06-09 00:00:00 | OBV: -41492700 < MA: -40097352
LONG (OBV Breakout): 300308.SZ at 2021-06-10 00:00:00 | OBV: -33378932 > MA: -38185835
EXIT (OBV Breakdown): 300308.SZ at 2021-06-11 00:00:00 | OBV: -45634053 < MA: -37342813
LONG (OBV Breakout): 300308.SZ at 2021-06-16 00:00:00 | OBV: -30775570 > MA: -35228596
EXIT (OBV Breakdown): 300308.SZ at 2021-06-21 00:00:00 | OBV: -36527022 < MA: -31345702
LONG (OBV Breakout): 300308.SZ at 2021-06-30 00:00:00 | OBV: -30726092 > MA: -35952358
EXIT (OBV Breakdown): 300308.SZ at 2021-07-01 00:00:00 | OBV: -36202938 < MA: -36018402
LONG (OBV Breakout): 300308.SZ at 2021-07-09 00:00:00 | OBV: -35147834 > MA: -38058823
EXIT (OBV Breakdown): 300308.SZ at 2021-07-15 00:00:00 | OBV: -52954617 < MA: -37847203
LONG (OBV Breakout): 300308.SZ at 2021-07-21 00:00:00 | OBV: -40215700 > MA: -40518796
EXIT (OBV Breakdown): 300308.SZ at 2021-07-26 00:00:00 | OBV: -49448504 < MA: -44898458
LONG (OBV Breakout): 300308.SZ at 2021-07-27 00:00:00 | OBV: -29851032 > MA: -48171872
EXIT (OBV Breakdown): 300308.SZ at 2021-08-25 00:00:00 | OBV: 82437578 < MA: 85038800
LONG (OBV Breakout): 300308.SZ at 2021-09-03 00:00:00 | OBV: 116705419 > MA: 113799145
EXIT (OBV Breakdown): 300308.SZ at 2021-09-06 00:00:00 | OBV: 116518676 < MA: 119406089
LONG (OBV Breakout): 300308.SZ at 2021-09-10 00:00:00 | OBV: 102986441 > MA: 102532309
EXIT (OBV Breakdown): 300308.SZ at 2021-09-13 00:00:00 | OBV: 86047432 < MA: 90858292
LONG (OBV Breakout): 300308.SZ at 2021-09-15 00:00:00 | OBV: 103145423 > MA: 99665457
EXIT (OBV Breakdown): 300308.SZ at 2021-09-16 00:00:00 | OBV: 87118270 < MA: 87590818
LONG (OBV Breakout): 300308.SZ at 2021-09-17 00:00:00 | OBV: 96616913 > MA: 94257916
EXIT (OBV Breakdown): 300308.SZ at 2021-09-23 00:00:00 | OBV: 103805075 < MA: 105580402
LONG (OBV Breakout): 300308.SZ at 2021-09-24 00:00:00 | OBV: 102506372 > MA: 100454978
EXIT (OBV Breakdown): 300308.SZ at 2021-10-18 00:00:00 | OBV: 115371663 < MA: 118154482
LONG (OBV Breakout): 300308.SZ at 2021-10-19 00:00:00 | OBV: 126470720 > MA: 125955628
EXIT (OBV Breakdown): 300308.SZ at 2021-10-21 00:00:00 | OBV: 125975114 < MA: 127036954
LONG (OBV Breakout): 300308.SZ at 2021-10-25 00:00:00 | OBV: 127029859 > MA: 126151980
EXIT (OBV Breakdown): 300308.SZ at 2021-10-28 00:00:00 | OBV: 126392813 < MA: 128657215
LONG (OBV Breakout): 300308.SZ at 2021-10-29 00:00:00 | OBV: 144058422 > MA: 140258995
EXIT (OBV Breakdown): 300308.SZ at 2021-11-16 00:00:00 | OBV: 115015347 < MA: 117997889
LONG (OBV Breakout): 300308.SZ at 2021-11-17 00:00:00 | OBV: 114845439 > MA: 112361253
EXIT (OBV Breakdown): 300308.SZ at 2021-11-18 00:00:00 | OBV: 98970384 < MA: 104716200
LONG (OBV Breakout): 300308.SZ at 2021-11-22 00:00:00 | OBV: 117070331 > MA: 92268949
EXIT (OBV Breakdown): 300308.SZ at 2022-01-12 00:00:00 | OBV: 229952473 < MA: 236106693
LONG (OBV Breakout): 300308.SZ at 2022-02-18 00:00:00 | OBV: 125969829 > MA: 114223848
EXIT (OBV Breakdown): 300308.SZ at 2022-03-08 00:00:00 | OBV: 112221918 < MA: 118969815
LONG (OBV Breakout): 300308.SZ at 2022-03-09 00:00:00 | OBV: 128205851 > MA: 125593471
EXIT (OBV Breakdown): 300308.SZ at 2022-03-10 00:00:00 | OBV: 128220167 < MA: 133206123
LONG (OBV Breakout): 300308.SZ at 2022-03-21 00:00:00 | OBV: 133675132 > MA: 132188075
EXIT (OBV Breakdown): 300308.SZ at 2022-03-22 00:00:00 | OBV: 127950458 < MA: 129095746
LONG (OBV Breakout): 300308.SZ at 2022-03-23 00:00:00 | OBV: 135394994 > MA: 129132837
EXIT (OBV Breakdown): 300308.SZ at 2022-03-25 00:00:00 | OBV: 125923822 < MA: 130218710
LONG (OBV Breakout): 300308.SZ at 2022-04-08 00:00:00 | OBV: 115227778 > MA: 109864041
EXIT (OBV Breakdown): 300308.SZ at 2022-04-11 00:00:00 | OBV: 112632998 < MA: 112816485
LONG (OBV Breakout): 300308.SZ at 2022-04-12 00:00:00 | OBV: 121451181 > MA: 117336202
EXIT (OBV Breakdown): 300308.SZ at 2022-04-21 00:00:00 | OBV: 108026704 < MA: 108277992
LONG (OBV Breakout): 300308.SZ at 2022-04-25 00:00:00 | OBV: 127561718 > MA: 119289943
EXIT (OBV Breakdown): 300308.SZ at 2022-05-24 00:00:00 | OBV: 90377113 < MA: 92285639
LONG (OBV Breakout): 300308.SZ at 2022-05-25 00:00:00 | OBV: 77084824 > MA: 73669934
EXIT (OBV Breakdown): 300308.SZ at 2022-06-21 00:00:00 | OBV: 88418414 < MA: 92394480
LONG (OBV Breakout): 300308.SZ at 2022-07-19 00:00:00 | OBV: 86870029 > MA: 45845211
EXIT (OBV Breakdown): 300308.SZ at 2022-08-10 00:00:00 | OBV: 102060738 < MA: 115908188
LONG (OBV Breakout): 300308.SZ at 2022-08-11 00:00:00 | OBV: 137433697 > MA: 116796976
EXIT (OBV Breakdown): 300308.SZ at 2022-08-12 00:00:00 | OBV: 105245493 < MA: 108693654
LONG (OBV Breakout): 300308.SZ at 2022-10-12 00:00:00 | OBV: 7462178 > MA: 6222097
EXIT (OBV Breakdown): 300308.SZ at 2022-11-22 00:00:00 | OBV: 41801749 < MA: 42585594
LONG (OBV Breakout): 300308.SZ at 2022-12-12 00:00:00 | OBV: 7398170 > MA: 4987982
EXIT (OBV Breakdown): 300308.SZ at 2022-12-21 00:00:00 | OBV: 11072685 < MA: 13823973
LONG (OBV Breakout): 300308.SZ at 2022-12-29 00:00:00 | OBV: 49341557 > MA: 47952061
EXIT (OBV Breakdown): 300308.SZ at 2022-12-30 00:00:00 | OBV: 51378473 < MA: 56036602
LONG (OBV Breakout): 300308.SZ at 2023-01-03 00:00:00 | OBV: 52998200 > MA: 46870734
EXIT (OBV Breakdown): 300308.SZ at 2023-01-06 00:00:00 | OBV: 66749322 < MA: 69627885
LONG (OBV Breakout): 300308.SZ at 2023-01-16 00:00:00 | OBV: -27035986 > MA: -27381319
EXIT (OBV Breakdown): 300308.SZ at 2023-02-22 00:00:00 | OBV: 99338458 < MA: 100091659
LONG (OBV Breakout): 300308.SZ at 2023-02-24 00:00:00 | OBV: 151287942 > MA: 140905504
EXIT (OBV Breakdown): 300308.SZ at 2023-02-27 00:00:00 | OBV: 151194881 < MA: 157140628
LONG (OBV Breakout): 300308.SZ at 2023-02-28 00:00:00 | OBV: 189044359 > MA: 171783791
EXIT (OBV Breakdown): 300308.SZ at 2023-03-15 00:00:00 | OBV: 178613295 < MA: 190503072
LONG (OBV Breakout): 300308.SZ at 2023-03-17 00:00:00 | OBV: 220921886 > MA: 218992964
EXIT (OBV Breakdown): 300308.SZ at 2023-04-17 00:00:00 | OBV: 465154601 < MA: 477097628
LONG (OBV Breakout): 300308.SZ at 2023-04-18 00:00:00 | OBV: 557293841 > MA: 506896217
EXIT (OBV Breakdown): 300308.SZ at 2023-04-26 00:00:00 | OBV: 505193750 < MA: 508811570
LONG (OBV Breakout): 300308.SZ at 2023-04-28 00:00:00 | OBV: 511473249 > MA: 507828445
EXIT (OBV Breakdown): 300308.SZ at 2023-05-04 00:00:00 | OBV: 437946475 < MA: 488516463
LONG (OBV Breakout): 300308.SZ at 2023-05-25 00:00:00 | OBV: 431839480 > MA: 423831375
EXIT (OBV Breakdown): 300308.SZ at 2023-05-26 00:00:00 | OBV: 378324404 < MA: 419641763
LONG (OBV Breakout): 300308.SZ at 2023-05-29 00:00:00 | OBV: 431489730 > MA: 405217655
EXIT (OBV Breakdown): 300308.SZ at 2023-07-03 00:00:00 | OBV: 577497378 < MA: 615410424
LONG (OBV Breakout): 300308.SZ at 2023-07-07 00:00:00 | OBV: 652338231 > MA: 635966831
EXIT (OBV Breakdown): 300308.SZ at 2023-07-10 00:00:00 | OBV: 617257337 < MA: 650468953
LONG (OBV Breakout): 300308.SZ at 2023-07-14 00:00:00 | OBV: 714068851 > MA: 667526398
EXIT (OBV Breakdown): 300308.SZ at 2023-07-20 00:00:00 | OBV: 612852383 < MA: 637241023
LONG (OBV Breakout): 300308.SZ at 2023-07-21 00:00:00 | OBV: 659858329 > MA: 627325299
EXIT (OBV Breakdown): 300308.SZ at 2023-08-09 00:00:00 | OBV: 563608113 < MA: 567077747
LONG (OBV Breakout): 300308.SZ at 2023-08-24 00:00:00 | OBV: 518082252 > MA: 507005561
EXIT (OBV Breakdown): 300308.SZ at 2023-08-25 00:00:00 | OBV: 487396470 < MA: 533136445
LONG (OBV Breakout): 300308.SZ at 2023-08-28 00:00:00 | OBV: 516823191 > MA: 513104529
EXIT (OBV Breakdown): 300308.SZ at 2023-09-08 00:00:00 | OBV: 552975160 < MA: 555789698
LONG (OBV Breakout): 300308.SZ at 2023-09-11 00:00:00 | OBV: 550420125 > MA: 517105358
EXIT (OBV Breakdown): 300308.SZ at 2023-09-15 00:00:00 | OBV: 211918466 < MA: 250060699
LONG (OBV Breakout): 300308.SZ at 2023-09-21 00:00:00 | OBV: 227337313 > MA: 218995190
EXIT (OBV Breakdown): 300308.SZ at 2023-10-16 00:00:00 | OBV: 282755195 < MA: 301143127
LONG (OBV Breakout): 300308.SZ at 2023-10-17 00:00:00 | OBV: 226743427 > MA: 222618642
EXIT (OBV Breakdown): 300308.SZ at 2023-10-18 00:00:00 | OBV: 127600378 < MA: 156380866
LONG (OBV Breakout): 300308.SZ at 2023-11-06 00:00:00 | OBV: 352739853 > MA: 351366616
EXIT (OBV Breakdown): 300308.SZ at 2023-12-20 00:00:00 | OBV: 213365762 < MA: 224411812
LONG (OBV Breakout): 300308.SZ at 2023-12-21 00:00:00 | OBV: 197073785 > MA: 181596215
EXIT (OBV Breakdown): 300308.SZ at 2023-12-22 00:00:00 | OBV: 221872464 < MA: 233425340
LONG (OBV Breakout): 300308.SZ at 2023-12-25 00:00:00 | OBV: 278451399 > MA: 277320270
EXIT (OBV Breakdown): 300308.SZ at 2023-12-26 00:00:00 | OBV: 227872814 < MA: 248664392
LONG (OBV Breakout): 300308.SZ at 2023-12-28 00:00:00 | OBV: 262930257 > MA: 258359024
EXIT (OBV Breakdown): 300308.SZ at 2024-01-03 00:00:00 | OBV: 206790372 < MA: 219897596
LONG (OBV Breakout): 300308.SZ at 2024-01-19 00:00:00 | OBV: 163759753 > MA: 137434661
EXIT (OBV Breakdown): 300308.SZ at 2024-01-30 00:00:00 | OBV: 59510788 < MA: 68022076
LONG (OBV Breakout): 300308.SZ at 2024-01-31 00:00:00 | OBV: 118137886 > MA: 99145776
EXIT (OBV Breakdown): 300308.SZ at 2024-03-25 00:00:00 | OBV: 401006862 < MA: 421333831
LONG (OBV Breakout): 300308.SZ at 2024-04-12 00:00:00 | OBV: 386982547 > MA: 370272946
EXIT (OBV Breakdown): 300308.SZ at 2024-04-22 00:00:00 | OBV: 493475742 < MA: 513775319
LONG (OBV Breakout): 300308.SZ at 2024-04-26 00:00:00 | OBV: 513738662 > MA: 504362326
EXIT (OBV Breakdown): 300308.SZ at 2024-05-06 00:00:00 | OBV: 451368890 < MA: 466443513
LONG (OBV Breakout): 300308.SZ at 2024-05-20 00:00:00 | OBV: 275671328 > MA: 247951225
EXIT (OBV Breakdown): 300308.SZ at 2024-05-29 00:00:00 | OBV: 261942431 < MA: 272796155
LONG (OBV Breakout): 300308.SZ at 2024-06-03 00:00:00 | OBV: 225318913 > MA: 219770421
EXIT (OBV Breakdown): 300308.SZ at 2024-06-11 00:00:00 | OBV: 137277136 < MA: 148763530
LONG (OBV Breakout): 300308.SZ at 2024-06-12 00:00:00 | OBV: 109573050 > MA: 109055574
EXIT (OBV Breakdown): 300308.SZ at 2024-07-15 00:00:00 | OBV: 335894429 < MA: 351396329
LONG (OBV Breakout): 300308.SZ at 2024-08-13 00:00:00 | OBV: -32380894 > MA: -46280728
EXIT (OBV Breakdown): 300308.SZ at 2024-08-14 00:00:00 | OBV: -7874732 < MA: -6576384
LONG (OBV Breakout): 300308.SZ at 2024-08-16 00:00:00 | OBV: 11737924 > MA: -5988241
EXIT (OBV Breakdown): 300308.SZ at 2024-08-27 00:00:00 | OBV: -205258623 < MA: -192362695
LONG (OBV Breakout): 300308.SZ at 2024-09-13 00:00:00 | OBV: -158757301 > MA: -172279044
EXIT (OBV Breakdown): 300308.SZ at 2024-09-19 00:00:00 | OBV: -132353012 < MA: -111090372
LONG (OBV Breakout): 300308.SZ at 2024-09-24 00:00:00 | OBV: -132142565 > MA: -135236913
EXIT (OBV Breakdown): 300308.SZ at 2024-09-25 00:00:00 | OBV: -182566859 < MA: -161241772
LONG (OBV Breakout): 300308.SZ at 2024-09-26 00:00:00 | OBV: -136272274 > MA: -143837042
EXIT (OBV Breakdown): 300308.SZ at 2024-10-16 00:00:00 | OBV: -201667255 < MA: -178456283
LONG (OBV Breakout): 300308.SZ at 2024-10-17 00:00:00 | OBV: -160147001 > MA: -160224359
EXIT (OBV Breakdown): 300308.SZ at 2024-10-21 00:00:00 | OBV: -99902255 < MA: -96239272
LONG (OBV Breakout): 300308.SZ at 2024-10-22 00:00:00 | OBV: -35109106 > MA: -70017722
EXIT (OBV Breakdown): 300308.SZ at 2024-10-23 00:00:00 | OBV: -123277706 < MA: -97745630
LONG (OBV Breakout): 300308.SZ at 2024-10-24 00:00:00 | OBV: -62569472 > MA: -77622255
EXIT (OBV Breakdown): 300308.SZ at 2024-10-25 00:00:00 | OBV: -142169920 < MA: -115971836
LONG (OBV Breakout): 300308.SZ at 2024-11-12 00:00:00 | OBV: -85612659 > MA: -122027244
EXIT (OBV Breakdown): 300308.SZ at 2024-11-18 00:00:00 | OBV: -201044340 < MA: -188567193
LONG (OBV Breakout): 300308.SZ at 2024-11-19 00:00:00 | OBV: -132894030 > MA: -154119611
EXIT (OBV Breakdown): 300308.SZ at 2024-11-22 00:00:00 | OBV: -128286459 < MA: -125412998
LONG (OBV Breakout): 300308.SZ at 2024-11-27 00:00:00 | OBV: -119266461 > MA: -125803254
EXIT (OBV Breakdown): 300308.SZ at 2024-11-28 00:00:00 | OBV: -173123834 < MA: -153077032
LONG (OBV Breakout): 300308.SZ at 2024-11-29 00:00:00 | OBV: -124883259 > MA: -129083988
EXIT (OBV Breakdown): 300308.SZ at 2024-12-04 00:00:00 | OBV: -117598271 < MA: -109287338
LONG (OBV Breakout): 300308.SZ at 2024-12-05 00:00:00 | OBV: -102462120 > MA: -123801424
EXIT (OBV Breakdown): 300308.SZ at 2024-12-06 00:00:00 | OBV: -153388689 < MA: -150866283
LONG (OBV Breakout): 300308.SZ at 2024-12-12 00:00:00 | OBV: -264622637 > MA: -273276405
EXIT (OBV Breakdown): 300308.SZ at 2024-12-13 00:00:00 | OBV: -278437381 < MA: -255217396
LONG (OBV Breakout): 300308.SZ at 2024-12-19 00:00:00 | OBV: -217826593 > MA: -221184145
EXIT (OBV Breakdown): 300308.SZ at 2024-12-31 00:00:00 | OBV: -229200189 < MA: -224430741
LONG (OBV Breakout): 300308.SZ at 2025-01-06 00:00:00 | OBV: -228433948 > MA: -251405389
EXIT (OBV Breakdown): 300308.SZ at 2025-01-09 00:00:00 | OBV: -194041879 < MA: -176664219
LONG (OBV Breakout): 300308.SZ at 2025-01-21 00:00:00 | OBV: -9913466 > MA: -28619204
EXIT (OBV Breakdown): 300308.SZ at 2025-02-05 00:00:00 | OBV: -139752626 < MA: -65125482
LONG (OBV Breakout): 300308.SZ at 2025-02-07 00:00:00 | OBV: 15660172 > MA: -47650028
EXIT (OBV Breakdown): 300308.SZ at 2025-02-28 00:00:00 | OBV: 66443509 < MA: 85992576
LONG (OBV Breakout): 300308.SZ at 2025-03-03 00:00:00 | OBV: 123942775 > MA: 104514623
EXIT (OBV Breakdown): 300308.SZ at 2025-03-04 00:00:00 | OBV: 129292580 < MA: 147429492
LONG (OBV Breakout): 300308.SZ at 2025-03-06 00:00:00 | OBV: 186299616 > MA: 160123109
EXIT (OBV Breakdown): 300308.SZ at 2025-03-07 00:00:00 | OBV: 140507892 < MA: 151976817
LONG (OBV Breakout): 300308.SZ at 2025-03-10 00:00:00 | OBV: 195797747 > MA: 186748697
EXIT (OBV Breakdown): 300308.SZ at 2025-03-11 00:00:00 | OBV: 193872416 < MA: 205707372
LONG (OBV Breakout): 300308.SZ at 2025-03-12 00:00:00 | OBV: 233958964 > MA: 220025852
EXIT (OBV Breakdown): 300308.SZ at 2025-04-03 00:00:00 | OBV: 105047038 < MA: 131972332
LONG (OBV Breakout): 300308.SZ at 2025-04-23 00:00:00 | OBV: 245719161 > MA: 203467629
EXIT (OBV Breakdown): 300308.SZ at 2025-05-23 00:00:00 | OBV: 327699940 < MA: 330854511
LONG (OBV Breakout): 300308.SZ at 2025-05-26 00:00:00 | OBV: 389475145 > MA: 378417788
EXIT (OBV Breakdown): 300308.SZ at 2025-05-27 00:00:00 | OBV: 330603578 < MA: 352057507
LONG (OBV Breakout): 300308.SZ at 2025-05-28 00:00:00 | OBV: 336612022 > MA: 330436778
EXIT (OBV Breakdown): 300308.SZ at 2025-06-03 00:00:00 | OBV: 301208874 < MA: 310324448
LONG (OBV Breakout): 300308.SZ at 2025-06-04 00:00:00 | OBV: 382313569 > MA: 336187036
EXIT (OBV Breakdown): 300308.SZ at 2025-09-09 00:00:00 | OBV: 1146631847 < MA: 1191378944
LONG (OBV Breakout): 300308.SZ at 2025-09-10 00:00:00 | OBV: 1188752781 > MA: 1173092846
EXIT (OBV Breakdown): 300308.SZ at 2025-09-15 00:00:00 | OBV: 1191907005 < MA: 1208989153
LONG (OBV Breakout): 300308.SZ at 2025-09-16 00:00:00 | OBV: 1252069469 > MA: 1227240591
EXIT (OBV Breakdown): 300308.SZ at 2025-09-17 00:00:00 | OBV: 1243843753 < MA: 1254208140
LONG (OBV Breakout): 300308.SZ at 2025-09-18 00:00:00 | OBV: 1320133024 > MA: 1281878487
EXIT (OBV Breakdown): 300308.SZ at 2025-10-10 00:00:00 | OBV: 1317630448 < MA: 1353032018
LONG (OBV Breakout): 300308.SZ at 2025-10-20 00:00:00 | OBV: 1436559438 > MA: 1382674182
EXIT (OBV Breakdown): 300308.SZ at 2025-11-11 00:00:00 | OBV: 1319788123 < MA: 1347791649
LONG (OBV Breakout): 300308.SZ at 2025-11-12 00:00:00 | OBV: 1335666066 > MA: 1333909768
EXIT (OBV Breakdown): 300308.SZ at 2025-11-13 00:00:00 | OBV: 1330558492 < MA: 1369396912
LONG (OBV Breakout): 300308.SZ at 2025-11-26 00:00:00 | OBV: 1364088868 > MA: 1328965021
EXIT (OBV Breakdown): 300308.SZ at 2025-11-27 00:00:00 | OBV: 1252588053 < MA: 1256254872
LONG (OBV Breakout): 300308.SZ at 2025-12-01 00:00:00 | OBV: 1137913694 > MA: 1129131183
EXIT (OBV Breakdown): 300308.SZ at 2025-12-16 00:00:00 | OBV: 924599645 < MA: 941150618
LONG (OBV Breakout): 300308.SZ at 2025-12-17 00:00:00 | OBV: 907710941 > MA: 894884005
EXIT (OBV Breakdown): 300308.SZ at 2025-12-18 00:00:00 | OBV: 823569313 < MA: 834908608
LONG (OBV Breakout): 300308.SZ at 2025-12-19 00:00:00 | OBV: 779734355 > MA: 771826839
EXIT (OBV Breakdown): 300308.SZ at 2026-01-09 00:00:00 | OBV: 713400927 < MA: 737443044
LONG (OBV Breakout): 300308.SZ at 2026-01-12 00:00:00 | OBV: 691298602 > MA: 676542329
EXIT (OBV Breakdown): 300308.SZ at 2026-01-13 00:00:00 | OBV: 598086437 < MA: 615689619
LONG (OBV Breakout): 300308.SZ at 2026-01-14 00:00:00 | OBV: 580135922 > MA: 559901207
EXIT (OBV Breakdown): 300308.SZ at 2026-01-19 00:00:00 | OBV: 629380426 < MA: 638718339
[('Total Return', '248.75%'), ('Sharpe Ratio', '0.77'), ('Sortino Ratio', '1.02'), ('Calmar Ratio', '0.35'), ('Max Drawdown', '65.40%'), ('Drawdown Duration', '524'), ('Stability Score', '0.27')]
