LONG (OBV Breakout): 300418.SZ at 2021-03-25 00:00:00 | OBV: -190972413 > MA: -196384372
EXIT (OBV Breakdown): 300418.SZ at 2021-04-01 00:00:00 | OBV: -229777148 < MA: -223497958
LONG (OBV Breakout): 300418.SZ at 2021-04-02 00:00:00 | OBV: -206244831 > MA: -226544857
EXIT (OBV Breakdown): 300418.SZ at 2021-04-08 00:00:00 | OBV: -243502154 < MA: -224890754
LONG (OBV Breakout): 300418.SZ at 2021-05-25 00:00:00 | OBV: -347053636 > MA: -350343435
EXIT (OBV Breakdown): 300418.SZ at 2021-06-03 00:00:00 | OBV: -351518819 < MA: -350282130
LONG (OBV Breakout): 300418.SZ at 2021-06-04 00:00:00 | OBV: -340773065 > MA: -348818124
EXIT (OBV Breakdown): 300418.SZ at 2021-06-07 00:00:00 | OBV: -355899205 < MA: -347319483
LONG (OBV Breakout): 300418.SZ at 2021-06-08 00:00:00 | OBV: -329330778 > MA: -345260717
EXIT (OBV Breakdown): 300418.SZ at 2021-06-15 00:00:00 | OBV: -352980150 < MA: -340770231
LONG (OBV Breakout): 300418.SZ at 2021-07-02 00:00:00 | OBV: -353459423 > MA: -368164868
EXIT (OBV Breakdown): 300418.SZ at 2021-07-05 00:00:00 | OBV: -384375987 < MA: -370345014
LONG (OBV Breakout): 300418.SZ at 2021-07-06 00:00:00 | OBV: -349185178 > MA: -370009313
EXIT (OBV Breakdown): 300418.SZ at 2021-07-08 00:00:00 | OBV: -388888723 < MA: -374371023
LONG (OBV Breakout): 300418.SZ at 2021-07-09 00:00:00 | OBV: -356241722 > MA: -376208703
EXIT (OBV Breakdown): 300418.SZ at 2021-07-27 00:00:00 | OBV: -462093391 < MA: -460453270
LONG (OBV Breakout): 300418.SZ at 2021-08-17 00:00:00 | OBV: -250884962 > MA: -250907780
EXIT (OBV Breakdown): 300418.SZ at 2021-09-22 00:00:00 | OBV: -59465534 < MA: -44285119
LONG (OBV Breakout): 300418.SZ at 2021-10-11 00:00:00 | OBV: 22653469 > MA: 20899558
EXIT (OBV Breakdown): 300418.SZ at 2021-10-12 00:00:00 | OBV: 18020810 < MA: 37734902
LONG (OBV Breakout): 300418.SZ at 2021-10-29 00:00:00 | OBV: 89600929 > MA: 59952638
EXIT (OBV Breakdown): 300418.SZ at 2021-11-30 00:00:00 | OBV: 475902381 < MA: 499814576
LONG (OBV Breakout): 300418.SZ at 2021-12-10 00:00:00 | OBV: 604818602 > MA: 566136684
EXIT (OBV Breakdown): 300418.SZ at 2021-12-27 00:00:00 | OBV: 552882667 < MA: 564723330
LONG (OBV Breakout): 300418.SZ at 2021-12-28 00:00:00 | OBV: 620957658 > MA: 600712511
EXIT (OBV Breakdown): 300418.SZ at 2021-12-29 00:00:00 | OBV: 561657161 < MA: 568266457
LONG (OBV Breakout): 300418.SZ at 2021-12-30 00:00:00 | OBV: 646511634 > MA: 596298374
EXIT (OBV Breakdown): 300418.SZ at 2022-01-13 00:00:00 | OBV: 528547506 < MA: 566234058
LONG (OBV Breakout): 300418.SZ at 2022-01-14 00:00:00 | OBV: 580079880 > MA: 579269073
EXIT (OBV Breakdown): 300418.SZ at 2022-01-18 00:00:00 | OBV: 597518639 < MA: 599269360
LONG (OBV Breakout): 300418.SZ at 2022-01-19 00:00:00 | OBV: 665720088 > MA: 619624102
EXIT (OBV Breakdown): 300418.SZ at 2022-01-20 00:00:00 | OBV: 631601387 < MA: 635234429
LONG (OBV Breakout): 300418.SZ at 2022-02-21 00:00:00 | OBV: 570956886 > MA: 555126454
EXIT (OBV Breakdown): 300418.SZ at 2022-02-22 00:00:00 | OBV: 541644929 < MA: 563843612
LONG (OBV Breakout): 300418.SZ at 2022-02-23 00:00:00 | OBV: 555340405 > MA: 547366248
EXIT (OBV Breakdown): 300418.SZ at 2022-02-24 00:00:00 | OBV: 534976544 < MA: 554304745
LONG (OBV Breakout): 300418.SZ at 2022-02-25 00:00:00 | OBV: 526712022 > MA: 524188920
EXIT (OBV Breakdown): 300418.SZ at 2022-03-08 00:00:00 | OBV: 471459607 < MA: 488457933
LONG (OBV Breakout): 300418.SZ at 2022-03-17 00:00:00 | OBV: 477729409 > MA: 459704356
EXIT (OBV Breakdown): 300418.SZ at 2022-04-14 00:00:00 | OBV: 590942867 < MA: 606148528
LONG (OBV Breakout): 300418.SZ at 2022-05-05 00:00:00 | OBV: 342799554 > MA: 340683887
EXIT (OBV Breakdown): 300418.SZ at 2022-05-06 00:00:00 | OBV: 249972498 < MA: 256573805
LONG (OBV Breakout): 300418.SZ at 2022-05-09 00:00:00 | OBV: 183808104 > MA: 174247364
EXIT (OBV Breakdown): 300418.SZ at 2022-07-12 00:00:00 | OBV: 252547636 < MA: 263928242
LONG (OBV Breakout): 300418.SZ at 2022-07-14 00:00:00 | OBV: 313937351 > MA: 308471076
EXIT (OBV Breakdown): 300418.SZ at 2022-07-15 00:00:00 | OBV: 254134941 < MA: 271789725
LONG (OBV Breakout): 300418.SZ at 2022-07-18 00:00:00 | OBV: 217350969 > MA: 217074131
EXIT (OBV Breakdown): 300418.SZ at 2022-08-02 00:00:00 | OBV: 390754082 < MA: 392576192
LONG (OBV Breakout): 300418.SZ at 2022-08-05 00:00:00 | OBV: 377366712 > MA: 372271906
EXIT (OBV Breakdown): 300418.SZ at 2022-08-10 00:00:00 | OBV: 333942262 < MA: 340043299
LONG (OBV Breakout): 300418.SZ at 2022-08-11 00:00:00 | OBV: 372616082 > MA: 362684911
EXIT (OBV Breakdown): 300418.SZ at 2022-09-01 00:00:00 | OBV: 413637074 < MA: 419312195
LONG (OBV Breakout): 300418.SZ at 2022-09-02 00:00:00 | OBV: 411629204 > MA: 403616418
EXIT (OBV Breakdown): 300418.SZ at 2022-09-05 00:00:00 | OBV: 406738811 < MA: 421433991
LONG (OBV Breakout): 300418.SZ at 2022-10-14 00:00:00 | OBV: 342069390 > MA: 333260284
EXIT (OBV Breakdown): 300418.SZ at 2022-10-24 00:00:00 | OBV: 359970437 < MA: 361204522
LONG (OBV Breakout): 300418.SZ at 2022-10-26 00:00:00 | OBV: 360859720 > MA: 359242649
EXIT (OBV Breakdown): 300418.SZ at 2022-11-24 00:00:00 | OBV: 215336930 < MA: 218431728
LONG (OBV Breakout): 300418.SZ at 2022-12-05 00:00:00 | OBV: 211622403 > MA: 201059640
EXIT (OBV Breakdown): 300418.SZ at 2022-12-06 00:00:00 | OBV: 181909868 < MA: 185368355
LONG (OBV Breakout): 300418.SZ at 2022-12-07 00:00:00 | OBV: 158700508 > MA: 154680235
EXIT (OBV Breakdown): 300418.SZ at 2022-12-08 00:00:00 | OBV: 109789085 < MA: 117511924
LONG (OBV Breakout): 300418.SZ at 2022-12-21 00:00:00 | OBV: 54731708 > MA: 51864578
EXIT (OBV Breakdown): 300418.SZ at 2023-02-23 00:00:00 | OBV: 566534855 < MA: 580183494
LONG (OBV Breakout): 300418.SZ at 2023-02-24 00:00:00 | OBV: 649133237 > MA: 596573619
EXIT (OBV Breakdown): 300418.SZ at 2023-02-27 00:00:00 | OBV: 583812451 < MA: 631013015
LONG (OBV Breakout): 300418.SZ at 2023-02-28 00:00:00 | OBV: 691964707 > MA: 667243545
EXIT (OBV Breakdown): 300418.SZ at 2023-03-09 00:00:00 | OBV: 776958241 < MA: 836813489
LONG (OBV Breakout): 300418.SZ at 2023-03-13 00:00:00 | OBV: 824840077 > MA: 824237774
EXIT (OBV Breakdown): 300418.SZ at 2023-03-14 00:00:00 | OBV: 750127479 < MA: 816682562
LONG (OBV Breakout): 300418.SZ at 2023-03-15 00:00:00 | OBV: 834557547 > MA: 813452945
EXIT (OBV Breakdown): 300418.SZ at 2023-04-17 00:00:00 | OBV: 1843904788 < MA: 1865186277
LONG (OBV Breakout): 300418.SZ at 2023-04-18 00:00:00 | OBV: 2023538497 > MA: 1912659689
EXIT (OBV Breakdown): 300418.SZ at 2023-04-19 00:00:00 | OBV: 1914471099 < MA: 1943709204
LONG (OBV Breakout): 300418.SZ at 2023-04-20 00:00:00 | OBV: 2042091969 > MA: 1959337130
EXIT (OBV Breakdown): 300418.SZ at 2023-04-21 00:00:00 | OBV: 1869538152 < MA: 1957317352
LONG (OBV Breakout): 300418.SZ at 2023-04-24 00:00:00 | OBV: 2042621335 > MA: 1979607018
EXIT (OBV Breakdown): 300418.SZ at 2023-05-11 00:00:00 | OBV: 2111956518 < MA: 2124973118
LONG (OBV Breakout): 300418.SZ at 2023-05-15 00:00:00 | OBV: 2073401458 > MA: 2072682635
EXIT (OBV Breakdown): 300418.SZ at 2023-05-16 00:00:00 | OBV: 1900674006 < MA: 2025357757
LONG (OBV Breakout): 300418.SZ at 2023-06-01 00:00:00 | OBV: 2040059798 > MA: 1949123527
EXIT (OBV Breakdown): 300418.SZ at 2023-06-29 00:00:00 | OBV: 2239186334 < MA: 2314633530
LONG (OBV Breakout): 300418.SZ at 2023-07-17 00:00:00 | OBV: 2365023726 > MA: 2332173755
EXIT (OBV Breakdown): 300418.SZ at 2023-07-28 00:00:00 | OBV: 1953494071 < MA: 1970903483
LONG (OBV Breakout): 300418.SZ at 2023-07-31 00:00:00 | OBV: 1916783881 > MA: 1880283947
EXIT (OBV Breakdown): 300418.SZ at 2023-08-01 00:00:00 | OBV: 1756104377 < MA: 1761272607
LONG (OBV Breakout): 300418.SZ at 2023-08-07 00:00:00 | OBV: 1417399703 > MA: 1389906041
EXIT (OBV Breakdown): 300418.SZ at 2023-08-08 00:00:00 | OBV: 1476899496 < MA: 1505065875
LONG (OBV Breakout): 300418.SZ at 2023-08-11 00:00:00 | OBV: 1743668758 > MA: 1642947365
EXIT (OBV Breakdown): 300418.SZ at 2023-08-25 00:00:00 | OBV: 1473667600 < MA: 1553560865
LONG (OBV Breakout): 300418.SZ at 2023-08-28 00:00:00 | OBV: 1683872356 > MA: 1638902453
EXIT (OBV Breakdown): 300418.SZ at 2023-09-06 00:00:00 | OBV: 1746948078 < MA: 1756805548
LONG (OBV Breakout): 300418.SZ at 2023-09-22 00:00:00 | OBV: 609075720 > MA: 569683601
EXIT (OBV Breakdown): 300418.SZ at 2023-10-16 00:00:00 | OBV: 773637878 < MA: 783838306
LONG (OBV Breakout): 300418.SZ at 2023-10-31 00:00:00 | OBV: 323085432 > MA: 253645931
EXIT (OBV Breakdown): 300418.SZ at 2023-11-21 00:00:00 | OBV: 845270508 < MA: 899797164
LONG (OBV Breakout): 300418.SZ at 2023-12-04 00:00:00 | OBV: 640716196 > MA: 550596056
EXIT (OBV Breakdown): 300418.SZ at 2023-12-05 00:00:00 | OBV: 440205309 < MA: 447289771
LONG (OBV Breakout): 300418.SZ at 2023-12-06 00:00:00 | OBV: 620760031 > MA: 512069253
EXIT (OBV Breakdown): 300418.SZ at 2023-12-26 00:00:00 | OBV: 459954818 < MA: 467723530
LONG (OBV Breakout): 300418.SZ at 2023-12-27 00:00:00 | OBV: 575930872 > MA: 548762925
EXIT (OBV Breakdown): 300418.SZ at 2024-01-03 00:00:00 | OBV: 589025052 < MA: 612451942
LONG (OBV Breakout): 300418.SZ at 2024-01-09 00:00:00 | OBV: 433960941 > MA: 416621075
EXIT (OBV Breakdown): 300418.SZ at 2024-01-10 00:00:00 | OBV: 315301156 < MA: 328515794
LONG (OBV Breakout): 300418.SZ at 2024-01-11 00:00:00 | OBV: 448123207 > MA: 389107010
EXIT (OBV Breakdown): 300418.SZ at 2024-01-17 00:00:00 | OBV: 319222687 < MA: 342321862
LONG (OBV Breakout): 300418.SZ at 2024-01-18 00:00:00 | OBV: 472379298 > MA: 417102907
EXIT (OBV Breakdown): 300418.SZ at 2024-01-19 00:00:00 | OBV: 462188736 < MA: 463987218
LONG (OBV Breakout): 300418.SZ at 2024-01-23 00:00:00 | OBV: 511460404 > MA: 454568434
EXIT (OBV Breakdown): 300418.SZ at 2024-01-24 00:00:00 | OBV: 477113505 < MA: 497094533
LONG (OBV Breakout): 300418.SZ at 2024-01-25 00:00:00 | OBV: 618447418 > MA: 530784269
EXIT (OBV Breakdown): 300418.SZ at 2024-01-31 00:00:00 | OBV: 465365710 < MA: 515740270
LONG (OBV Breakout): 300418.SZ at 2024-02-01 00:00:00 | OBV: 611511799 > MA: 576601400
EXIT (OBV Breakdown): 300418.SZ at 2024-02-02 00:00:00 | OBV: 462054607 < MA: 506028492
LONG (OBV Breakout): 300418.SZ at 2024-02-07 00:00:00 | OBV: 389451536 > MA: 336026378
EXIT (OBV Breakdown): 300418.SZ at 2024-03-07 00:00:00 | OBV: 397785820 < MA: 404381894
LONG (OBV Breakout): 300418.SZ at 2024-03-08 00:00:00 | OBV: 511381399 > MA: 471058774
EXIT (OBV Breakdown): 300418.SZ at 2024-03-22 00:00:00 | OBV: 752368730 < MA: 785525453
LONG (OBV Breakout): 300418.SZ at 2024-04-01 00:00:00 | OBV: 265510571 > MA: 261062196
EXIT (OBV Breakdown): 300418.SZ at 2024-04-02 00:00:00 | OBV: 241388544 < MA: 316955749
LONG (OBV Breakout): 300418.SZ at 2024-04-29 00:00:00 | OBV: 293644611 > MA: 268253977
EXIT (OBV Breakdown): 300418.SZ at 2024-04-30 00:00:00 | OBV: 177956254 < MA: 183766458
LONG (OBV Breakout): 300418.SZ at 2024-05-06 00:00:00 | OBV: 158604122 > MA: 92848979
EXIT (OBV Breakdown): 300418.SZ at 2024-05-08 00:00:00 | OBV: -4712439 < MA: 51498660
LONG (OBV Breakout): 300418.SZ at 2024-05-10 00:00:00 | OBV: 70999095 > MA: 15228168
EXIT (OBV Breakdown): 300418.SZ at 2024-05-14 00:00:00 | OBV: -54038443 < MA: -4435695
LONG (OBV Breakout): 300418.SZ at 2024-06-04 00:00:00 | OBV: 8034769 > MA: -16626491
EXIT (OBV Breakdown): 300418.SZ at 2024-06-06 00:00:00 | OBV: -56656706 < MA: -30584337
LONG (OBV Breakout): 300418.SZ at 2024-06-12 00:00:00 | OBV: -385014970 > MA: -399145452
EXIT (OBV Breakdown): 300418.SZ at 2024-06-14 00:00:00 | OBV: -296965754 < MA: -255949380
LONG (OBV Breakout): 300418.SZ at 2024-07-17 00:00:00 | OBV: -340856978 > MA: -366944010
EXIT (OBV Breakdown): 300418.SZ at 2024-07-18 00:00:00 | OBV: -337144581 < MA: -332746172
LONG (OBV Breakout): 300418.SZ at 2024-07-19 00:00:00 | OBV: -393866708 > MA: -420939850
EXIT (OBV Breakdown): 300418.SZ at 2024-07-23 00:00:00 | OBV: -322676683 < MA: -301994089
LONG (OBV Breakout): 300418.SZ at 2024-08-15 00:00:00 | OBV: -586304690 > MA: -602478253
EXIT (OBV Breakdown): 300418.SZ at 2024-08-16 00:00:00 | OBV: -710376743 < MA: -706333389
LONG (OBV Breakout): 300418.SZ at 2024-08-19 00:00:00 | OBV: -563941202 > MA: -623245461
EXIT (OBV Breakdown): 300418.SZ at 2024-08-21 00:00:00 | OBV: -611066685 < MA: -595236714
LONG (OBV Breakout): 300418.SZ at 2024-08-29 00:00:00 | OBV: -650100038 > MA: -661439644
EXIT (OBV Breakdown): 300418.SZ at 2024-11-01 00:00:00 | OBV: 302762497 < MA: 308949075
LONG (OBV Breakout): 300418.SZ at 2024-11-04 00:00:00 | OBV: 295097267 > MA: 271079154
EXIT (OBV Breakdown): 300418.SZ at 2024-12-13 00:00:00 | OBV: 1218804371 < MA: 1239181312
LONG (OBV Breakout): 300418.SZ at 2025-01-14 00:00:00 | OBV: 1187424818 > MA: 1177043043
EXIT (OBV Breakdown): 300418.SZ at 2025-01-15 00:00:00 | OBV: 1169922879 < MA: 1197474376
LONG (OBV Breakout): 300418.SZ at 2025-01-16 00:00:00 | OBV: 1234234588 > MA: 1228367207
EXIT (OBV Breakdown): 300418.SZ at 2025-01-17 00:00:00 | OBV: 1237550702 < MA: 1250998036
LONG (OBV Breakout): 300418.SZ at 2025-01-24 00:00:00 | OBV: 1222906960 > MA: 1216477218
EXIT (OBV Breakdown): 300418.SZ at 2025-02-27 00:00:00 | OBV: 1538057148 < MA: 1582853684
LONG (OBV Breakout): 300418.SZ at 2025-03-06 00:00:00 | OBV: 1596694763 > MA: 1587651700
EXIT (OBV Breakdown): 300418.SZ at 2025-03-12 00:00:00 | OBV: 1470913658 < MA: 1490281480
LONG (OBV Breakout): 300418.SZ at 2025-04-10 00:00:00 | OBV: 1073141397 > MA: 1061890218
EXIT (OBV Breakdown): 300418.SZ at 2025-04-24 00:00:00 | OBV: 560334148 < MA: 562269201
LONG (OBV Breakout): 300418.SZ at 2025-04-25 00:00:00 | OBV: 638391200 > MA: 623361429
EXIT (OBV Breakdown): 300418.SZ at 2025-05-28 00:00:00 | OBV: 150250571 < MA: 195413207
LONG (OBV Breakout): 300418.SZ at 2025-05-29 00:00:00 | OBV: 294404100 > MA: 281543316
EXIT (OBV Breakdown): 300418.SZ at 2025-05-30 00:00:00 | OBV: 138795618 < MA: 179957074
LONG (OBV Breakout): 300418.SZ at 2025-06-04 00:00:00 | OBV: 194277353 > MA: 149367093
EXIT (OBV Breakdown): 300418.SZ at 2025-06-13 00:00:00 | OBV: 121150927 < MA: 158517730
LONG (OBV Breakout): 300418.SZ at 2025-06-16 00:00:00 | OBV: 230243919 > MA: 226053306
EXIT (OBV Breakdown): 300418.SZ at 2025-06-19 00:00:00 | OBV: 273570082 < MA: 299440274
LONG (OBV Breakout): 300418.SZ at 2025-06-24 00:00:00 | OBV: 266604030 > MA: 259032998
EXIT (OBV Breakdown): 300418.SZ at 2025-06-27 00:00:00 | OBV: 279090603 < MA: 301766359
LONG (OBV Breakout): 300418.SZ at 2025-06-30 00:00:00 | OBV: 350954627 > MA: 342992477
EXIT (OBV Breakdown): 300418.SZ at 2025-07-01 00:00:00 | OBV: 298714921 < MA: 315880950
LONG (OBV Breakout): 300418.SZ at 2025-07-04 00:00:00 | OBV: 441137745 > MA: 423513851
EXIT (OBV Breakdown): 300418.SZ at 2025-07-07 00:00:00 | OBV: 390760534 < MA: 390903983
LONG (OBV Breakout): 300418.SZ at 2025-07-08 00:00:00 | OBV: 381725940 > MA: 356944954
EXIT (OBV Breakdown): 300418.SZ at 2025-07-22 00:00:00 | OBV: 375898657 < MA: 396749687
LONG (OBV Breakout): 300418.SZ at 2025-07-25 00:00:00 | OBV: 453487837 > MA: 405295555
EXIT (OBV Breakdown): 300418.SZ at 2025-07-29 00:00:00 | OBV: 167047228 < MA: 195924242
LONG (OBV Breakout): 300418.SZ at 2025-07-31 00:00:00 | OBV: 214463092 > MA: 194975069
EXIT (OBV Breakdown): 300418.SZ at 2025-08-05 00:00:00 | OBV: 134111945 < MA: 143181507
LONG (OBV Breakout): 300418.SZ at 2025-08-06 00:00:00 | OBV: 236475676 > MA: 210153361
EXIT (OBV Breakdown): 300418.SZ at 2025-08-07 00:00:00 | OBV: 60444146 < MA: 73056247
LONG (OBV Breakout): 300418.SZ at 2025-08-12 00:00:00 | OBV: 100939350 > MA: 8069197
EXIT (OBV Breakdown): 300418.SZ at 2025-08-27 00:00:00 | OBV: 117285068 < MA: 233292865
LONG (OBV Breakout): 300418.SZ at 2025-08-29 00:00:00 | OBV: 287662023 > MA: 198345383
EXIT (OBV Breakdown): 300418.SZ at 2025-09-05 00:00:00 | OBV: 329185847 < MA: 330489918
LONG (OBV Breakout): 300418.SZ at 2025-09-11 00:00:00 | OBV: 466460279 > MA: 420529727
EXIT (OBV Breakdown): 300418.SZ at 2025-09-12 00:00:00 | OBV: 418992592 < MA: 449806188
LONG (OBV Breakout): 300418.SZ at 2025-09-15 00:00:00 | OBV: 512187352 > MA: 466587051
EXIT (OBV Breakdown): 300418.SZ at 2025-09-16 00:00:00 | OBV: 438095925 < MA: 451824150
LONG (OBV Breakout): 300418.SZ at 2025-09-18 00:00:00 | OBV: 483652019 > MA: 435920729
EXIT (OBV Breakdown): 300418.SZ at 2025-11-11 00:00:00 | OBV: 922598734 < MA: 938684588
LONG (OBV Breakout): 300418.SZ at 2025-11-18 00:00:00 | OBV: 865944050 > MA: 819002409
EXIT (OBV Breakdown): 300418.SZ at 2025-11-19 00:00:00 | OBV: 894022097 < MA: 904700469
LONG (OBV Breakout): 300418.SZ at 2025-11-25 00:00:00 | OBV: 1063205380 > MA: 941306405
EXIT (OBV Breakdown): 300418.SZ at 2025-11-27 00:00:00 | OBV: 819558470 < MA: 847406270
LONG (OBV Breakout): 300418.SZ at 2025-12-25 00:00:00 | OBV: 775711010 > MA: 772710330
EXIT (OBV Breakdown): 300418.SZ at 2025-12-26 00:00:00 | OBV: 708595849 < MA: 735062768
LONG (OBV Breakout): 300418.SZ at 2025-12-30 00:00:00 | OBV: 722776024 > MA: 718247989
EXIT (OBV Breakdown): 300418.SZ at 2026-01-15 00:00:00 | OBV: 736997073 < MA: 854380344
[('Total Return', '20.58%'), ('Sharpe Ratio', '0.32'), ('Sortino Ratio', '0.43'), ('Calmar Ratio', '0.04'), ('Max Drawdown', '75.32%'), ('Drawdown Duration', '680'), ('Stability Score', '0.08')]
