LONG (OBV Breakout): 601138.SS at 2021-03-09 00:00:00 | OBV: -91452485 > MA: -97224141
EXIT (OBV Breakdown): 601138.SS at 2021-03-10 00:00:00 | OBV: -121823604 < MA: -96545215
LONG (OBV Breakout): 601138.SS at 2021-03-24 00:00:00 | OBV: -131764805 > MA: -144195299
EXIT (OBV Breakdown): 601138.SS at 2021-03-25 00:00:00 | OBV: -156681411 < MA: -146844317
LONG (OBV Breakout): 601138.SS at 2021-03-26 00:00:00 | OBV: -118033846 > MA: -146264570
EXIT (OBV Breakdown): 601138.SS at 2021-03-29 00:00:00 | OBV: -154968650 < MA: -148796018
LONG (OBV Breakout): 601138.SS at 2021-03-30 00:00:00 | OBV: -86533587 > MA: -146436698
EXIT (OBV Breakdown): 601138.SS at 2021-05-07 00:00:00 | OBV: 23314601 < MA: 30777701
LONG (OBV Breakout): 601138.SS at 2021-05-10 00:00:00 | OBV: 44815015 > MA: 33305362
EXIT (OBV Breakdown): 601138.SS at 2021-05-11 00:00:00 | OBV: 30342334 < MA: 36109636
LONG (OBV Breakout): 601138.SS at 2021-05-12 00:00:00 | OBV: 50228772 > MA: 41024634
EXIT (OBV Breakdown): 601138.SS at 2021-05-13 00:00:00 | OBV: 31520680 < MA: 45004227
LONG (OBV Breakout): 601138.SS at 2021-05-14 00:00:00 | OBV: 51984937 > MA: 48040951
EXIT (OBV Breakdown): 601138.SS at 2021-05-17 00:00:00 | OBV: 15267135 < MA: 47977573
LONG (OBV Breakout): 601138.SS at 2021-06-07 00:00:00 | OBV: 20129468 > MA: 7048527
EXIT (OBV Breakdown): 601138.SS at 2021-07-01 00:00:00 | OBV: 60240148 < MA: 79985493
LONG (OBV Breakout): 601138.SS at 2021-07-21 00:00:00 | OBV: 63891145 > MA: 47026266
EXIT (OBV Breakdown): 601138.SS at 2021-07-27 00:00:00 | OBV: 12604126 < MA: 36248374
LONG (OBV Breakout): 601138.SS at 2021-08-02 00:00:00 | OBV: 118488482 > MA: 108760326
EXIT (OBV Breakdown): 601138.SS at 2021-08-12 00:00:00 | OBV: 40147522 < MA: 64862446
LONG (OBV Breakout): 601138.SS at 2021-08-16 00:00:00 | OBV: 199053311 > MA: 139040421
EXIT (OBV Breakdown): 601138.SS at 2021-08-31 00:00:00 | OBV: 176533798 < MA: 193842834
LONG (OBV Breakout): 601138.SS at 2021-09-01 00:00:00 | OBV: 235095620 > MA: 220674349
EXIT (OBV Breakdown): 601138.SS at 2021-09-22 00:00:00 | OBV: 231207122 < MA: 241512827
LONG (OBV Breakout): 601138.SS at 2021-09-23 00:00:00 | OBV: 232100531 > MA: 207222512
EXIT (OBV Breakdown): 601138.SS at 2021-09-24 00:00:00 | OBV: 181295687 < MA: 185352005
LONG (OBV Breakout): 601138.SS at 2021-09-27 00:00:00 | OBV: 231582579 > MA: 217279681
EXIT (OBV Breakdown): 601138.SS at 2021-09-28 00:00:00 | OBV: 200738287 < MA: 203197194
LONG (OBV Breakout): 601138.SS at 2021-09-29 00:00:00 | OBV: 204317977 > MA: 180114155
EXIT (OBV Breakdown): 601138.SS at 2021-09-30 00:00:00 | OBV: 197040787 < MA: 205948462
LONG (OBV Breakout): 601138.SS at 2021-10-08 00:00:00 | OBV: 269910381 > MA: 235067923
EXIT (OBV Breakdown): 601138.SS at 2021-10-18 00:00:00 | OBV: 125963978 < MA: 137947576
LONG (OBV Breakout): 601138.SS at 2021-10-19 00:00:00 | OBV: 176265563 > MA: 165520356
EXIT (OBV Breakdown): 601138.SS at 2021-10-20 00:00:00 | OBV: 145135494 < MA: 147564223
LONG (OBV Breakout): 601138.SS at 2021-11-04 00:00:00 | OBV: 167023270 > MA: 158838848
EXIT (OBV Breakdown): 601138.SS at 2021-11-10 00:00:00 | OBV: 161022821 < MA: 168086570
LONG (OBV Breakout): 601138.SS at 2021-11-11 00:00:00 | OBV: 163827158 > MA: 145138011
EXIT (OBV Breakdown): 601138.SS at 2021-11-17 00:00:00 | OBV: 214753626 < MA: 222154229
LONG (OBV Breakout): 601138.SS at 2021-11-19 00:00:00 | OBV: 216266694 > MA: 209931948
EXIT (OBV Breakdown): 601138.SS at 2021-11-22 00:00:00 | OBV: 157218695 < MA: 175468774
LONG (OBV Breakout): 601138.SS at 2021-12-08 00:00:00 | OBV: 13545492 > MA: 2890452
EXIT (OBV Breakdown): 601138.SS at 2022-01-07 00:00:00 | OBV: 284909838 < MA: 285198996
LONG (OBV Breakout): 601138.SS at 2022-01-10 00:00:00 | OBV: 287501689 > MA: 256321459
EXIT (OBV Breakdown): 601138.SS at 2022-01-12 00:00:00 | OBV: 246309729 < MA: 263512666
LONG (OBV Breakout): 601138.SS at 2022-02-21 00:00:00 | OBV: 109047339 > MA: 105837477
EXIT (OBV Breakdown): 601138.SS at 2022-02-22 00:00:00 | OBV: 61272277 < MA: 73934036
LONG (OBV Breakout): 601138.SS at 2022-02-23 00:00:00 | OBV: 61000957 > MA: 43093666
EXIT (OBV Breakdown): 601138.SS at 2022-02-24 00:00:00 | OBV: 437486 < MA: 13264493
LONG (OBV Breakout): 601138.SS at 2022-03-23 00:00:00 | OBV: -117949168 > MA: -144156647
EXIT (OBV Breakdown): 601138.SS at 2022-04-19 00:00:00 | OBV: -158957950 < MA: -152939305
LONG (OBV Breakout): 601138.SS at 2022-04-29 00:00:00 | OBV: -145285875 > MA: -159006917
EXIT (OBV Breakdown): 601138.SS at 2022-05-24 00:00:00 | OBV: -90499890 < MA: -89471060
LONG (OBV Breakout): 601138.SS at 2022-05-25 00:00:00 | OBV: -43839351 > MA: -58759424
EXIT (OBV Breakdown): 601138.SS at 2022-06-09 00:00:00 | OBV: -15111588 < MA: -13831798
LONG (OBV Breakout): 601138.SS at 2022-06-10 00:00:00 | OBV: 16669444 > MA: -62739115
EXIT (OBV Breakdown): 601138.SS at 2022-06-14 00:00:00 | OBV: -184060486 < MA: -170539802
LONG (OBV Breakout): 601138.SS at 2022-06-15 00:00:00 | OBV: -86286691 > MA: -133292864
EXIT (OBV Breakdown): 601138.SS at 2022-07-05 00:00:00 | OBV: -131191523 < MA: -128580657
LONG (OBV Breakout): 601138.SS at 2022-07-20 00:00:00 | OBV: -23943423 > MA: -41401408
EXIT (OBV Breakdown): 601138.SS at 2022-08-03 00:00:00 | OBV: 23684940 < MA: 30082122
LONG (OBV Breakout): 601138.SS at 2022-08-04 00:00:00 | OBV: 29747409 > MA: 12891767
EXIT (OBV Breakdown): 601138.SS at 2022-08-16 00:00:00 | OBV: 74530354 < MA: 89271582
LONG (OBV Breakout): 601138.SS at 2022-08-17 00:00:00 | OBV: 73859375 > MA: 63592671
EXIT (OBV Breakdown): 601138.SS at 2022-08-18 00:00:00 | OBV: 92143183 < MA: 99620231
LONG (OBV Breakout): 601138.SS at 2022-09-06 00:00:00 | OBV: 376876636 > MA: 371179254
EXIT (OBV Breakdown): 601138.SS at 2022-09-07 00:00:00 | OBV: 317119515 < MA: 325443973
LONG (OBV Breakout): 601138.SS at 2022-09-08 00:00:00 | OBV: 297413749 > MA: 281112335
EXIT (OBV Breakdown): 601138.SS at 2022-09-19 00:00:00 | OBV: 179970415 < MA: 188376847
LONG (OBV Breakout): 601138.SS at 2022-10-14 00:00:00 | OBV: 145365788 > MA: 137952782
EXIT (OBV Breakdown): 601138.SS at 2022-10-24 00:00:00 | OBV: 214552912 < MA: 220167040
LONG (OBV Breakout): 601138.SS at 2022-10-25 00:00:00 | OBV: 218121673 > MA: 199627203
EXIT (OBV Breakdown): 601138.SS at 2022-10-26 00:00:00 | OBV: 176975867 < MA: 180197215
LONG (OBV Breakout): 601138.SS at 2022-10-27 00:00:00 | OBV: 163754227 > MA: 138836510
EXIT (OBV Breakdown): 601138.SS at 2022-10-31 00:00:00 | OBV: 101348050 < MA: 129676450
LONG (OBV Breakout): 601138.SS at 2022-11-01 00:00:00 | OBV: 128418016 > MA: 116712199
EXIT (OBV Breakdown): 601138.SS at 2022-12-20 00:00:00 | OBV: 42710494 < MA: 56496030
LONG (OBV Breakout): 601138.SS at 2023-01-04 00:00:00 | OBV: 171447451 > MA: 170073879
EXIT (OBV Breakdown): 601138.SS at 2023-01-11 00:00:00 | OBV: 145807390 < MA: 146516413
LONG (OBV Breakout): 601138.SS at 2023-01-13 00:00:00 | OBV: 65167421 > MA: 64085683
EXIT (OBV Breakdown): 601138.SS at 2023-02-06 00:00:00 | OBV: 76700245 < MA: 97616436
LONG (OBV Breakout): 601138.SS at 2023-02-10 00:00:00 | OBV: 76739860 > MA: 39560770
EXIT (OBV Breakdown): 601138.SS at 2023-02-13 00:00:00 | OBV: 64455698 < MA: 67137642
LONG (OBV Breakout): 601138.SS at 2023-02-14 00:00:00 | OBV: 112145935 > MA: 96822426
EXIT (OBV Breakdown): 601138.SS at 2023-02-17 00:00:00 | OBV: 104588485 < MA: 120522675
LONG (OBV Breakout): 601138.SS at 2023-02-20 00:00:00 | OBV: 151948954 > MA: 143845764
EXIT (OBV Breakdown): 601138.SS at 2023-02-21 00:00:00 | OBV: 130654497 < MA: 143363475
LONG (OBV Breakout): 601138.SS at 2023-03-01 00:00:00 | OBV: 200442086 > MA: 187148588
EXIT (OBV Breakdown): 601138.SS at 2023-03-06 00:00:00 | OBV: 153484102 < MA: 174835439
LONG (OBV Breakout): 601138.SS at 2023-03-09 00:00:00 | OBV: 249088901 > MA: 153659036
EXIT (OBV Breakdown): 601138.SS at 2023-04-13 00:00:00 | OBV: 1291754775 < MA: 1324413531
LONG (OBV Breakout): 601138.SS at 2023-04-14 00:00:00 | OBV: 1393490114 > MA: 1343919125
EXIT (OBV Breakdown): 601138.SS at 2023-04-17 00:00:00 | OBV: 1302457665 < MA: 1375638458
LONG (OBV Breakout): 601138.SS at 2023-04-18 00:00:00 | OBV: 1508647661 > MA: 1412669743
EXIT (OBV Breakdown): 601138.SS at 2023-04-19 00:00:00 | OBV: 1200374257 < MA: 1401837221
LONG (OBV Breakout): 601138.SS at 2023-04-20 00:00:00 | OBV: 1548015611 > MA: 1440875130
EXIT (OBV Breakdown): 601138.SS at 2023-04-21 00:00:00 | OBV: 1269281172 < MA: 1397647389
LONG (OBV Breakout): 601138.SS at 2023-05-18 00:00:00 | OBV: 853700344 > MA: 793581116
EXIT (OBV Breakdown): 601138.SS at 2023-05-19 00:00:00 | OBV: 659471512 < MA: 736886718
LONG (OBV Breakout): 601138.SS at 2023-05-26 00:00:00 | OBV: 846856434 > MA: 576142671
EXIT (OBV Breakdown): 601138.SS at 2023-06-28 00:00:00 | OBV: 1496615141 < MA: 1675966017
LONG (OBV Breakout): 601138.SS at 2023-06-30 00:00:00 | OBV: 1884597397 > MA: 1727872625
EXIT (OBV Breakdown): 601138.SS at 2023-07-03 00:00:00 | OBV: 1714312360 < MA: 1727209183
LONG (OBV Breakout): 601138.SS at 2023-07-04 00:00:00 | OBV: 1804257843 > MA: 1731186235
EXIT (OBV Breakdown): 601138.SS at 2023-07-05 00:00:00 | OBV: 1695892029 < MA: 1728608101
LONG (OBV Breakout): 601138.SS at 2023-07-06 00:00:00 | OBV: 1775600348 > MA: 1732570031
EXIT (OBV Breakdown): 601138.SS at 2023-07-07 00:00:00 | OBV: 1682368729 < MA: 1765841888
LONG (OBV Breakout): 601138.SS at 2023-07-11 00:00:00 | OBV: 1888039796 > MA: 1820258588
EXIT (OBV Breakdown): 601138.SS at 2023-07-12 00:00:00 | OBV: 1736745548 < MA: 1839325934
LONG (OBV Breakout): 601138.SS at 2023-07-13 00:00:00 | OBV: 1904885006 > MA: 1853247123
EXIT (OBV Breakdown): 601138.SS at 2023-07-18 00:00:00 | OBV: 1735981839 < MA: 1793023468
LONG (OBV Breakout): 601138.SS at 2023-08-01 00:00:00 | OBV: 1747244545 > MA: 1676994816
EXIT (OBV Breakdown): 601138.SS at 2023-08-02 00:00:00 | OBV: 1679690649 < MA: 1690403539
LONG (OBV Breakout): 601138.SS at 2023-08-03 00:00:00 | OBV: 1780770402 > MA: 1671401592
EXIT (OBV Breakdown): 601138.SS at 2023-08-10 00:00:00 | OBV: 1544638627 < MA: 1637591580
LONG (OBV Breakout): 601138.SS at 2023-08-29 00:00:00 | OBV: 1846369314 > MA: 1729750496
EXIT (OBV Breakdown): 601138.SS at 2023-09-07 00:00:00 | OBV: 847086703 < MA: 936399436
LONG (OBV Breakout): 601138.SS at 2023-09-27 00:00:00 | OBV: -139497815 > MA: -195879662
EXIT (OBV Breakdown): 601138.SS at 2023-10-09 00:00:00 | OBV: 5582127 < MA: 75040902
LONG (OBV Breakout): 601138.SS at 2023-11-06 00:00:00 | OBV: 526565923 > MA: 438586789
EXIT (OBV Breakdown): 601138.SS at 2023-11-27 00:00:00 | OBV: -456918151 < MA: -392732696
LONG (OBV Breakout): 601138.SS at 2023-11-28 00:00:00 | OBV: -264849107 > MA: -266085947
EXIT (OBV Breakdown): 601138.SS at 2023-11-29 00:00:00 | OBV: -533224066 < MA: -451661415
LONG (OBV Breakout): 601138.SS at 2023-12-01 00:00:00 | OBV: -122710267 > MA: -172089961
EXIT (OBV Breakdown): 601138.SS at 2023-12-04 00:00:00 | OBV: -100000450 < MA: -64074213
LONG (OBV Breakout): 601138.SS at 2023-12-08 00:00:00 | OBV: -807449365 > MA: -927327713
EXIT (OBV Breakdown): 601138.SS at 2023-12-11 00:00:00 | OBV: -813757185 < MA: -776033141
LONG (OBV Breakout): 601138.SS at 2023-12-29 00:00:00 | OBV: -682989740 > MA: -749217458
EXIT (OBV Breakdown): 601138.SS at 2024-01-02 00:00:00 | OBV: -899866203 < MA: -847476811
LONG (OBV Breakout): 601138.SS at 2024-01-18 00:00:00 | OBV: -655192603 > MA: -711514901
EXIT (OBV Breakdown): 601138.SS at 2024-03-14 00:00:00 | OBV: 702479004 < MA: 913343321
LONG (OBV Breakout): 601138.SS at 2024-03-15 00:00:00 | OBV: 1136340513 > MA: 1031619915
EXIT (OBV Breakdown): 601138.SS at 2024-03-22 00:00:00 | OBV: 1184235277 < MA: 1327203991
LONG (OBV Breakout): 601138.SS at 2024-04-18 00:00:00 | OBV: 1489772212 > MA: 1349684166
EXIT (OBV Breakdown): 601138.SS at 2024-04-22 00:00:00 | OBV: 1640890443 < MA: 1764472079
LONG (OBV Breakout): 601138.SS at 2024-04-24 00:00:00 | OBV: 1519011856 > MA: 1469041183
EXIT (OBV Breakdown): 601138.SS at 2024-04-25 00:00:00 | OBV: 1278251456 < MA: 1339051561
LONG (OBV Breakout): 601138.SS at 2024-04-26 00:00:00 | OBV: 1478891645 > MA: 1207292051
EXIT (OBV Breakdown): 601138.SS at 2024-06-05 00:00:00 | OBV: 1561011770 < MA: 1582212121
LONG (OBV Breakout): 601138.SS at 2024-06-06 00:00:00 | OBV: 1802289883 > MA: 1554341499
EXIT (OBV Breakdown): 601138.SS at 2024-06-07 00:00:00 | OBV: 1449884878 < MA: 1516506402
LONG (OBV Breakout): 601138.SS at 2024-06-13 00:00:00 | OBV: 1838082364 > MA: 1686984817
EXIT (OBV Breakdown): 601138.SS at 2024-07-08 00:00:00 | OBV: 2496756886 < MA: 2497822635
LONG (OBV Breakout): 601138.SS at 2024-07-09 00:00:00 | OBV: 2714562731 > MA: 2600796030
EXIT (OBV Breakdown): 601138.SS at 2024-07-10 00:00:00 | OBV: 2523380784 < MA: 2542044613
LONG (OBV Breakout): 601138.SS at 2024-08-09 00:00:00 | OBV: 1008545879 > MA: 950568203
EXIT (OBV Breakdown): 601138.SS at 2024-08-12 00:00:00 | OBV: 717027219 < MA: 735489896
LONG (OBV Breakout): 601138.SS at 2024-08-13 00:00:00 | OBV: 513110642 > MA: 412655906
EXIT (OBV Breakdown): 601138.SS at 2024-08-29 00:00:00 | OBV: -281940157 < MA: -217198264
LONG (OBV Breakout): 601138.SS at 2024-08-30 00:00:00 | OBV: -375335447 > MA: -491241199
EXIT (OBV Breakdown): 601138.SS at 2024-09-02 00:00:00 | OBV: -842667667 < MA: -810394344
LONG (OBV Breakout): 601138.SS at 2024-09-13 00:00:00 | OBV: 191025962 > MA: 128058285
EXIT (OBV Breakdown): 601138.SS at 2024-09-18 00:00:00 | OBV: 343561295 < MA: 350841134
LONG (OBV Breakout): 601138.SS at 2024-09-19 00:00:00 | OBV: 687641902 > MA: 595402752
EXIT (OBV Breakdown): 601138.SS at 2024-10-30 00:00:00 | OBV: 1305408912 < MA: 1398226289
LONG (OBV Breakout): 601138.SS at 2024-11-08 00:00:00 | OBV: 1610265291 > MA: 1367874559
EXIT (OBV Breakdown): 601138.SS at 2024-11-18 00:00:00 | OBV: 959523356 < MA: 977325800
LONG (OBV Breakout): 601138.SS at 2024-11-19 00:00:00 | OBV: 1272120383 > MA: 1172186271
EXIT (OBV Breakdown): 601138.SS at 2024-11-22 00:00:00 | OBV: 1004305817 < MA: 1024385849
LONG (OBV Breakout): 601138.SS at 2024-12-06 00:00:00 | OBV: 1030123318 > MA: 998268660
EXIT (OBV Breakdown): 601138.SS at 2024-12-09 00:00:00 | OBV: 708542639 < MA: 746454332
LONG (OBV Breakout): 601138.SS at 2024-12-10 00:00:00 | OBV: 634066820 > MA: 536752220
EXIT (OBV Breakdown): 601138.SS at 2024-12-31 00:00:00 | OBV: 803817030 < MA: 854693345
LONG (OBV Breakout): 601138.SS at 2025-01-21 00:00:00 | OBV: 1425191007 > MA: 1424325638
EXIT (OBV Breakdown): 601138.SS at 2025-02-05 00:00:00 | OBV: 1014925137 < MA: 1265864547
LONG (OBV Breakout): 601138.SS at 2025-02-07 00:00:00 | OBV: 1599453145 > MA: 1357345662
EXIT (OBV Breakdown): 601138.SS at 2025-02-28 00:00:00 | OBV: 1652914382 < MA: 1753135252
LONG (OBV Breakout): 601138.SS at 2025-03-18 00:00:00 | OBV: 1973078429 > MA: 1899300577
EXIT (OBV Breakdown): 601138.SS at 2025-03-19 00:00:00 | OBV: 1716199207 < MA: 1721278787
LONG (OBV Breakout): 601138.SS at 2025-03-24 00:00:00 | OBV: 1539495627 > MA: 1536310738
EXIT (OBV Breakdown): 601138.SS at 2025-03-25 00:00:00 | OBV: 1543084947 < MA: 1582869279
LONG (OBV Breakout): 601138.SS at 2025-04-15 00:00:00 | OBV: 425264793 > MA: 346041226
EXIT (OBV Breakdown): 601138.SS at 2025-04-16 00:00:00 | OBV: 56496905 < MA: 74728943
LONG (OBV Breakout): 601138.SS at 2025-04-21 00:00:00 | OBV: 152936147 > MA: 100480455
EXIT (OBV Breakdown): 601138.SS at 2025-05-26 00:00:00 | OBV: 489730341 < MA: 497988953
LONG (OBV Breakout): 601138.SS at 2025-05-29 00:00:00 | OBV: 750253917 > MA: 605739517
EXIT (OBV Breakdown): 601138.SS at 2025-06-03 00:00:00 | OBV: 369221995 < MA: 378306661
LONG (OBV Breakout): 601138.SS at 2025-06-04 00:00:00 | OBV: 568553774 > MA: 472303625
EXIT (OBV Breakdown): 601138.SS at 2025-10-14 00:00:00 | OBV: 4931891599 < MA: 5084190632
LONG (OBV Breakout): 601138.SS at 2025-10-16 00:00:00 | OBV: 5262399605 > MA: 5209830462
EXIT (OBV Breakdown): 601138.SS at 2025-10-17 00:00:00 | OBV: 5073388471 < MA: 5183556090
LONG (OBV Breakout): 601138.SS at 2025-10-20 00:00:00 | OBV: 5264555222 > MA: 5246047686
EXIT (OBV Breakdown): 601138.SS at 2025-10-23 00:00:00 | OBV: 5120284078 < MA: 5227089928
LONG (OBV Breakout): 601138.SS at 2025-10-24 00:00:00 | OBV: 5345184853 > MA: 5287736265
EXIT (OBV Breakdown): 601138.SS at 2025-11-11 00:00:00 | OBV: 5311969177 < MA: 5404487176
LONG (OBV Breakout): 601138.SS at 2025-11-12 00:00:00 | OBV: 5409189112 > MA: 5388432941
EXIT (OBV Breakdown): 601138.SS at 2025-11-13 00:00:00 | OBV: 5320460149 < MA: 5433183332
LONG (OBV Breakout): 601138.SS at 2025-11-26 00:00:00 | OBV: 5342624306 > MA: 5299169529
EXIT (OBV Breakdown): 601138.SS at 2025-12-15 00:00:00 | OBV: 5131828548 < MA: 5186329821
LONG (OBV Breakout): 601138.SS at 2025-12-23 00:00:00 | OBV: 4909363551 > MA: 4748712529
EXIT (OBV Breakdown): 601138.SS at 2026-01-13 00:00:00 | OBV: 3698390111 < MA: 3887752649
LONG (OBV Breakout): 601138.SS at 2026-01-15 00:00:00 | OBV: 4225640346 > MA: 4164324375
EXIT (OBV Breakdown): 601138.SS at 2026-01-20 00:00:00 | OBV: 3943053133 < MA: 4041621167
LONG (OBV Breakout): 601138.SS at 2026-01-21 00:00:00 | OBV: 3964297157 > MA: 3912593978
[('Total Return', '156.58%'), ('Sharpe Ratio', '0.71'), ('Sortino Ratio', '1.01'), ('Calmar Ratio', '0.38'), ('Max Drawdown', '44.62%'), ('Drawdown Duration', '502'), ('Stability Score', '0.39')]
