LONG (OBV Breakout): 601360.SS at 2021-03-04 00:00:00 | OBV: -50921695 > MA: -78838602
EXIT (OBV Breakdown): 601360.SS at 2021-03-05 00:00:00 | OBV: -79583941 < MA: -79577171
LONG (OBV Breakout): 601360.SS at 2021-04-06 00:00:00 | OBV: -230372186 > MA: -235638502
EXIT (OBV Breakdown): 601360.SS at 2021-04-07 00:00:00 | OBV: -244918490 < MA: -240217565
LONG (OBV Breakout): 601360.SS at 2021-04-19 00:00:00 | OBV: -232871998 > MA: -261759913
EXIT (OBV Breakdown): 601360.SS at 2021-04-21 00:00:00 | OBV: -267898413 < MA: -262869079
LONG (OBV Breakout): 601360.SS at 2021-06-01 00:00:00 | OBV: -394578678 > MA: -434502980
EXIT (OBV Breakdown): 601360.SS at 2021-06-03 00:00:00 | OBV: -471384258 < MA: -441400203
LONG (OBV Breakout): 601360.SS at 2021-06-08 00:00:00 | OBV: -440587280 > MA: -458421265
EXIT (OBV Breakdown): 601360.SS at 2021-06-09 00:00:00 | OBV: -486363125 < MA: -461439688
LONG (OBV Breakout): 601360.SS at 2021-06-10 00:00:00 | OBV: -278649375 > MA: -452641307
EXIT (OBV Breakdown): 601360.SS at 2021-06-11 00:00:00 | OBV: -459302743 < MA: -450695595
LONG (OBV Breakout): 601360.SS at 2021-07-06 00:00:00 | OBV: -599189363 > MA: -634456232
EXIT (OBV Breakdown): 601360.SS at 2021-07-14 00:00:00 | OBV: -726395803 < MA: -679117635
LONG (OBV Breakout): 601360.SS at 2021-08-16 00:00:00 | OBV: -831472660 > MA: -834217785
EXIT (OBV Breakdown): 601360.SS at 2021-08-17 00:00:00 | OBV: -899973057 < MA: -865642587
LONG (OBV Breakout): 601360.SS at 2021-08-25 00:00:00 | OBV: -895111882 > MA: -907062280
EXIT (OBV Breakdown): 601360.SS at 2021-08-26 00:00:00 | OBV: -911465743 < MA: -877786475
LONG (OBV Breakout): 601360.SS at 2021-09-03 00:00:00 | OBV: -772906094 > MA: -778386986
EXIT (OBV Breakdown): 601360.SS at 2021-09-22 00:00:00 | OBV: -696126814 < MA: -679324807
LONG (OBV Breakout): 601360.SS at 2021-09-23 00:00:00 | OBV: -653553784 > MA: -663438373
EXIT (OBV Breakdown): 601360.SS at 2021-09-24 00:00:00 | OBV: -710714498 < MA: -674997108
LONG (OBV Breakout): 601360.SS at 2021-09-27 00:00:00 | OBV: -681192825 > MA: -684336238
EXIT (OBV Breakdown): 601360.SS at 2021-09-28 00:00:00 | OBV: -719591270 < MA: -698421512
LONG (OBV Breakout): 601360.SS at 2021-10-19 00:00:00 | OBV: -659130871 > MA: -684423770
EXIT (OBV Breakdown): 601360.SS at 2021-10-20 00:00:00 | OBV: -690956962 < MA: -675879648
LONG (OBV Breakout): 601360.SS at 2021-10-22 00:00:00 | OBV: -582581573 > MA: -599018356
EXIT (OBV Breakdown): 601360.SS at 2021-11-22 00:00:00 | OBV: -313575616 < MA: -307674034
LONG (OBV Breakout): 601360.SS at 2021-11-25 00:00:00 | OBV: -325010875 > MA: -329458901
EXIT (OBV Breakdown): 601360.SS at 2021-11-26 00:00:00 | OBV: -319951984 < MA: -290045534
LONG (OBV Breakout): 601360.SS at 2021-12-01 00:00:00 | OBV: -184772602 > MA: -214127383
EXIT (OBV Breakdown): 601360.SS at 2021-12-02 00:00:00 | OBV: -283658811 < MA: -278808044
LONG (OBV Breakout): 601360.SS at 2021-12-03 00:00:00 | OBV: -181604160 > MA: -228573509
EXIT (OBV Breakdown): 601360.SS at 2021-12-06 00:00:00 | OBV: -452724484 < MA: -432768678
LONG (OBV Breakout): 601360.SS at 2021-12-08 00:00:00 | OBV: -153237274 > MA: -177945910
EXIT (OBV Breakdown): 601360.SS at 2021-12-15 00:00:00 | OBV: 45316963 < MA: 46532819
LONG (OBV Breakout): 601360.SS at 2021-12-16 00:00:00 | OBV: 19903473 > MA: -10008559
EXIT (OBV Breakdown): 601360.SS at 2021-12-17 00:00:00 | OBV: 11053630 < MA: 23220159
LONG (OBV Breakout): 601360.SS at 2021-12-22 00:00:00 | OBV: 19746349 > MA: -74554992
EXIT (OBV Breakdown): 601360.SS at 2022-01-11 00:00:00 | OBV: 120796838 < MA: 140941844
LONG (OBV Breakout): 601360.SS at 2022-01-12 00:00:00 | OBV: 221292909 > MA: 203803924
EXIT (OBV Breakdown): 601360.SS at 2022-01-13 00:00:00 | OBV: 209159217 < MA: 246655451
LONG (OBV Breakout): 601360.SS at 2022-01-18 00:00:00 | OBV: 384379363 > MA: 316060318
EXIT (OBV Breakdown): 601360.SS at 2022-01-24 00:00:00 | OBV: 412477701 < MA: 464717855
LONG (OBV Breakout): 601360.SS at 2022-02-21 00:00:00 | OBV: 326914975 > MA: 306742980
EXIT (OBV Breakdown): 601360.SS at 2022-02-22 00:00:00 | OBV: 324631467 < MA: 330339649
LONG (OBV Breakout): 601360.SS at 2022-02-23 00:00:00 | OBV: 322541358 > MA: 288537827
EXIT (OBV Breakdown): 601360.SS at 2022-02-24 00:00:00 | OBV: 230081183 < MA: 244221915
LONG (OBV Breakout): 601360.SS at 2022-02-25 00:00:00 | OBV: 205497307 > MA: 180627327
EXIT (OBV Breakdown): 601360.SS at 2022-02-28 00:00:00 | OBV: 207751839 < MA: 216020700
LONG (OBV Breakout): 601360.SS at 2022-03-01 00:00:00 | OBV: 285048991 > MA: 255596610
EXIT (OBV Breakdown): 601360.SS at 2022-03-15 00:00:00 | OBV: 132466592 < MA: 174097640
LONG (OBV Breakout): 601360.SS at 2022-03-16 00:00:00 | OBV: 137967480 > MA: 127571813
EXIT (OBV Breakdown): 601360.SS at 2022-03-31 00:00:00 | OBV: 307350321 < MA: 310922005
LONG (OBV Breakout): 601360.SS at 2022-04-01 00:00:00 | OBV: 304411004 > MA: 287533931
EXIT (OBV Breakdown): 601360.SS at 2022-04-06 00:00:00 | OBV: 302764737 < MA: 312830057
LONG (OBV Breakout): 601360.SS at 2022-05-18 00:00:00 | OBV: -170447586 > MA: -242435310
EXIT (OBV Breakdown): 601360.SS at 2022-07-06 00:00:00 | OBV: -299125782 < MA: -295867767
LONG (OBV Breakout): 601360.SS at 2022-07-08 00:00:00 | OBV: -121357118 > MA: -144002177
EXIT (OBV Breakdown): 601360.SS at 2022-07-11 00:00:00 | OBV: -118144450 < MA: -87932832
LONG (OBV Breakout): 601360.SS at 2022-08-04 00:00:00 | OBV: -6676865 > MA: -10605573
EXIT (OBV Breakdown): 601360.SS at 2022-08-16 00:00:00 | OBV: -3975085 < MA: 205670
LONG (OBV Breakout): 601360.SS at 2022-08-17 00:00:00 | OBV: -3096968 > MA: -22111765
EXIT (OBV Breakdown): 601360.SS at 2022-08-18 00:00:00 | OBV: 32808781 < MA: 39776067
LONG (OBV Breakout): 601360.SS at 2022-09-05 00:00:00 | OBV: 8024747 > MA: -45592829
EXIT (OBV Breakdown): 601360.SS at 2022-09-23 00:00:00 | OBV: -15935343 < MA: -1309259
LONG (OBV Breakout): 601360.SS at 2022-10-14 00:00:00 | OBV: 109260140 > MA: 102592651
EXIT (OBV Breakdown): 601360.SS at 2022-10-25 00:00:00 | OBV: 252231284 < MA: 259828098
LONG (OBV Breakout): 601360.SS at 2022-10-26 00:00:00 | OBV: 338107452 > MA: 287856239
EXIT (OBV Breakdown): 601360.SS at 2022-11-23 00:00:00 | OBV: 315451170 < MA: 354800031
LONG (OBV Breakout): 601360.SS at 2022-12-01 00:00:00 | OBV: 309025267 > MA: 308284884
EXIT (OBV Breakdown): 601360.SS at 2022-12-09 00:00:00 | OBV: 254795714 < MA: 282102982
LONG (OBV Breakout): 601360.SS at 2022-12-12 00:00:00 | OBV: 241117945 > MA: 240447879
EXIT (OBV Breakdown): 601360.SS at 2022-12-13 00:00:00 | OBV: 257661723 < MA: 275881477
LONG (OBV Breakout): 601360.SS at 2022-12-15 00:00:00 | OBV: 278912628 > MA: 264770796
EXIT (OBV Breakdown): 601360.SS at 2022-12-16 00:00:00 | OBV: 205063795 < MA: 212965795
LONG (OBV Breakout): 601360.SS at 2023-01-04 00:00:00 | OBV: 249066814 > MA: 214212277
EXIT (OBV Breakdown): 601360.SS at 2023-04-13 00:00:00 | OBV: 5863861664 < MA: 5971788547
LONG (OBV Breakout): 601360.SS at 2023-04-18 00:00:00 | OBV: 6465676853 > MA: 6292308412
EXIT (OBV Breakdown): 601360.SS at 2023-04-19 00:00:00 | OBV: 6062060669 < MA: 6385447991
LONG (OBV Breakout): 601360.SS at 2023-04-20 00:00:00 | OBV: 6542891600 > MA: 6396323745
EXIT (OBV Breakdown): 601360.SS at 2023-04-21 00:00:00 | OBV: 6020118980 < MA: 6362974233
LONG (OBV Breakout): 601360.SS at 2023-04-24 00:00:00 | OBV: 6533917104 > MA: 6451309674
EXIT (OBV Breakdown): 601360.SS at 2023-04-27 00:00:00 | OBV: 6005978089 < MA: 6364181563
LONG (OBV Breakout): 601360.SS at 2023-04-28 00:00:00 | OBV: 6524487581 > MA: 6417211770
EXIT (OBV Breakdown): 601360.SS at 2023-05-04 00:00:00 | OBV: 5997847851 < MA: 6342245286
LONG (OBV Breakout): 601360.SS at 2023-05-05 00:00:00 | OBV: 6350020574 > MA: 6256950559
EXIT (OBV Breakdown): 601360.SS at 2023-05-08 00:00:00 | OBV: 5927646549 < MA: 6106103909
LONG (OBV Breakout): 601360.SS at 2023-05-09 00:00:00 | OBV: 6522840690 > MA: 6108338190
EXIT (OBV Breakdown): 601360.SS at 2023-05-11 00:00:00 | OBV: 5828935615 < MA: 6078997983
LONG (OBV Breakout): 601360.SS at 2023-05-15 00:00:00 | OBV: 6228497146 > MA: 5988996597
EXIT (OBV Breakdown): 601360.SS at 2023-05-16 00:00:00 | OBV: 5906178764 < MA: 6051069072
LONG (OBV Breakout): 601360.SS at 2023-05-30 00:00:00 | OBV: 6043390704 > MA: 5959266497
EXIT (OBV Breakdown): 601360.SS at 2023-05-31 00:00:00 | OBV: 5688000644 < MA: 5881748159
LONG (OBV Breakout): 601360.SS at 2023-06-01 00:00:00 | OBV: 6089632132 > MA: 5835447699
EXIT (OBV Breakdown): 601360.SS at 2023-06-08 00:00:00 | OBV: 5965804666 < MA: 5978732174
LONG (OBV Breakout): 601360.SS at 2023-06-09 00:00:00 | OBV: 6200175500 > MA: 5959135220
EXIT (OBV Breakdown): 601360.SS at 2023-06-26 00:00:00 | OBV: 6196455090 < MA: 6396392490
LONG (OBV Breakout): 601360.SS at 2023-07-19 00:00:00 | OBV: 5679083101 > MA: 5644797975
EXIT (OBV Breakdown): 601360.SS at 2023-07-20 00:00:00 | OBV: 5520569891 < MA: 5543946142
LONG (OBV Breakout): 601360.SS at 2023-07-24 00:00:00 | OBV: 5513314484 > MA: 5431913854
EXIT (OBV Breakdown): 601360.SS at 2023-08-09 00:00:00 | OBV: 3905285046 < MA: 3944558898
LONG (OBV Breakout): 601360.SS at 2023-08-10 00:00:00 | OBV: 4524210107 > MA: 4508796241
EXIT (OBV Breakdown): 601360.SS at 2023-08-11 00:00:00 | OBV: 4784767976 < MA: 4907004066
LONG (OBV Breakout): 601360.SS at 2023-08-14 00:00:00 | OBV: 4510891528 > MA: 4503159606
EXIT (OBV Breakdown): 601360.SS at 2023-08-15 00:00:00 | OBV: 3846949708 < MA: 3911172605
LONG (OBV Breakout): 601360.SS at 2023-08-22 00:00:00 | OBV: 4381081367 > MA: 4359902299
EXIT (OBV Breakdown): 601360.SS at 2023-08-23 00:00:00 | OBV: 3863172105 < MA: 3923122405
LONG (OBV Breakout): 601360.SS at 2023-08-29 00:00:00 | OBV: 3631463546 > MA: 3538587270
EXIT (OBV Breakdown): 601360.SS at 2023-09-07 00:00:00 | OBV: 2551465842 < MA: 2572653980
LONG (OBV Breakout): 601360.SS at 2023-09-11 00:00:00 | OBV: 1536712528 > MA: 1519367418
EXIT (OBV Breakdown): 601360.SS at 2023-09-12 00:00:00 | OBV: 1106063576 < MA: 1147626317
LONG (OBV Breakout): 601360.SS at 2023-10-11 00:00:00 | OBV: -722543492 > MA: -734131483
EXIT (OBV Breakdown): 601360.SS at 2023-10-12 00:00:00 | OBV: -260798376 < MA: -221521380
LONG (OBV Breakout): 601360.SS at 2023-10-30 00:00:00 | OBV: -721534933 > MA: -761200487
EXIT (OBV Breakdown): 601360.SS at 2023-10-31 00:00:00 | OBV: -1185236241 < MA: -1156878767
LONG (OBV Breakout): 601360.SS at 2023-11-06 00:00:00 | OBV: -628707687 > MA: -674034499
EXIT (OBV Breakdown): 601360.SS at 2023-11-27 00:00:00 | OBV: -815797348 < MA: -765274098
LONG (OBV Breakout): 601360.SS at 2023-12-04 00:00:00 | OBV: -479883663 > MA: -502080372
EXIT (OBV Breakdown): 601360.SS at 2023-12-05 00:00:00 | OBV: -819006887 < MA: -756087543
LONG (OBV Breakout): 601360.SS at 2023-12-06 00:00:00 | OBV: -1019969598 > MA: -1023717900
EXIT (OBV Breakdown): 601360.SS at 2023-12-19 00:00:00 | OBV: -366545851 < MA: -352199942
LONG (OBV Breakout): 601360.SS at 2023-12-25 00:00:00 | OBV: 176060097 > MA: 103333010
EXIT (OBV Breakdown): 601360.SS at 2023-12-26 00:00:00 | OBV: -172313891 < MA: -40439422
LONG (OBV Breakout): 601360.SS at 2023-12-29 00:00:00 | OBV: 187890481 > MA: 159333883
EXIT (OBV Breakdown): 601360.SS at 2024-01-02 00:00:00 | OBV: 182677969 < MA: 272578033
LONG (OBV Breakout): 601360.SS at 2024-01-25 00:00:00 | OBV: -608891768 > MA: -654482479
EXIT (OBV Breakdown): 601360.SS at 2024-01-26 00:00:00 | OBV: -616610158 < MA: -601726564
LONG (OBV Breakout): 601360.SS at 2024-02-19 00:00:00 | OBV: -506801073 > MA: -643873290
EXIT (OBV Breakdown): 601360.SS at 2024-02-21 00:00:00 | OBV: -636922143 < MA: -628110332
LONG (OBV Breakout): 601360.SS at 2024-02-22 00:00:00 | OBV: -604467442 > MA: -724236742
EXIT (OBV Breakdown): 601360.SS at 2024-03-27 00:00:00 | OBV: 326897287 < MA: 455081173
LONG (OBV Breakout): 601360.SS at 2024-03-28 00:00:00 | OBV: 385857163 > MA: 350766004
EXIT (OBV Breakdown): 601360.SS at 2024-03-29 00:00:00 | OBV: 398725168 < MA: 431393591
LONG (OBV Breakout): 601360.SS at 2024-04-01 00:00:00 | OBV: 538766699 > MA: 473751924
EXIT (OBV Breakdown): 601360.SS at 2024-04-02 00:00:00 | OBV: 401930061 < MA: 407824755
LONG (OBV Breakout): 601360.SS at 2024-04-11 00:00:00 | OBV: 628799917 > MA: 482611025
EXIT (OBV Breakdown): 601360.SS at 2024-04-12 00:00:00 | OBV: 488114022 < MA: 526971184
LONG (OBV Breakout): 601360.SS at 2024-04-29 00:00:00 | OBV: 473955857 > MA: 440966312
EXIT (OBV Breakdown): 601360.SS at 2024-04-30 00:00:00 | OBV: 495993306 < MA: 535107603
LONG (OBV Breakout): 601360.SS at 2024-05-06 00:00:00 | OBV: 542738055 > MA: 425288423
EXIT (OBV Breakdown): 601360.SS at 2024-06-04 00:00:00 | OBV: 275112008 < MA: 292479007
LONG (OBV Breakout): 601360.SS at 2024-06-11 00:00:00 | OBV: -101096563 > MA: -101155671
EXIT (OBV Breakdown): 601360.SS at 2024-06-12 00:00:00 | OBV: -327472139 < MA: -288364587
LONG (OBV Breakout): 601360.SS at 2024-07-22 00:00:00 | OBV: 572144289 > MA: 517634306
EXIT (OBV Breakdown): 601360.SS at 2024-07-24 00:00:00 | OBV: 430330495 < MA: 456244692
LONG (OBV Breakout): 601360.SS at 2024-07-26 00:00:00 | OBV: 257845601 > MA: 241358293
EXIT (OBV Breakdown): 601360.SS at 2024-07-29 00:00:00 | OBV: 309188728 < MA: 312309141
LONG (OBV Breakout): 601360.SS at 2024-07-30 00:00:00 | OBV: 409555141 > MA: 380189520
EXIT (OBV Breakdown): 601360.SS at 2024-08-12 00:00:00 | OBV: 351254285 < MA: 375189414
LONG (OBV Breakout): 601360.SS at 2024-08-14 00:00:00 | OBV: 549010232 > MA: 526457818
EXIT (OBV Breakdown): 601360.SS at 2024-08-21 00:00:00 | OBV: 444831449 < MA: 462985474
LONG (OBV Breakout): 601360.SS at 2024-08-29 00:00:00 | OBV: 171654772 > MA: 170056867
EXIT (OBV Breakdown): 601360.SS at 2024-09-18 00:00:00 | OBV: -325439174 < MA: -315280143
LONG (OBV Breakout): 601360.SS at 2024-09-19 00:00:00 | OBV: -80329294 > MA: -126834206
EXIT (OBV Breakdown): 601360.SS at 2024-11-19 00:00:00 | OBV: 811607057 < MA: 1279527293
LONG (OBV Breakout): 601360.SS at 2024-11-20 00:00:00 | OBV: 1306649175 > MA: 1260941361
EXIT (OBV Breakdown): 601360.SS at 2024-12-04 00:00:00 | OBV: 2111104997 < MA: 2265990790
LONG (OBV Breakout): 601360.SS at 2024-12-05 00:00:00 | OBV: 2695042360 > MA: 2378973716
EXIT (OBV Breakdown): 601360.SS at 2024-12-13 00:00:00 | OBV: 2413442722 < MA: 2720975414
LONG (OBV Breakout): 601360.SS at 2025-01-27 00:00:00 | OBV: 2005766191 > MA: 1799274559
EXIT (OBV Breakdown): 601360.SS at 2025-02-26 00:00:00 | OBV: 2933866296 < MA: 3002329921
LONG (OBV Breakout): 601360.SS at 2025-04-14 00:00:00 | OBV: 2067692652 > MA: 1998048433
EXIT (OBV Breakdown): 601360.SS at 2025-04-16 00:00:00 | OBV: 1598016414 < MA: 1610065689
LONG (OBV Breakout): 601360.SS at 2025-04-17 00:00:00 | OBV: 1704934666 > MA: 1704857632
EXIT (OBV Breakdown): 601360.SS at 2025-04-18 00:00:00 | OBV: 1564133329 < MA: 1586279224
LONG (OBV Breakout): 601360.SS at 2025-04-21 00:00:00 | OBV: 1769857125 > MA: 1667719528
EXIT (OBV Breakdown): 601360.SS at 2025-04-23 00:00:00 | OBV: 1446337991 < MA: 1470746677
LONG (OBV Breakout): 601360.SS at 2025-04-28 00:00:00 | OBV: 1262387166 > MA: 1198304570
EXIT (OBV Breakdown): 601360.SS at 2025-05-23 00:00:00 | OBV: -400198778 < MA: -391445678
LONG (OBV Breakout): 601360.SS at 2025-05-26 00:00:00 | OBV: -1208828304 > MA: -1227545588
EXIT (OBV Breakdown): 601360.SS at 2025-06-13 00:00:00 | OBV: -147266472 < MA: -103299565
LONG (OBV Breakout): 601360.SS at 2025-06-25 00:00:00 | OBV: 568357984 > MA: 567363290
EXIT (OBV Breakdown): 601360.SS at 2025-06-26 00:00:00 | OBV: 443656167 < MA: 445320257
LONG (OBV Breakout): 601360.SS at 2025-06-30 00:00:00 | OBV: 476503231 > MA: 475888358
EXIT (OBV Breakdown): 601360.SS at 2025-07-01 00:00:00 | OBV: 551180186 < MA: 588152159
LONG (OBV Breakout): 601360.SS at 2025-07-10 00:00:00 | OBV: 748973878 > MA: 661882720
EXIT (OBV Breakdown): 601360.SS at 2025-08-08 00:00:00 | OBV: -60086017 < MA: 99192473
LONG (OBV Breakout): 601360.SS at 2025-08-18 00:00:00 | OBV: 697186576 > MA: 579512210
EXIT (OBV Breakdown): 601360.SS at 2025-08-19 00:00:00 | OBV: 713517850 < MA: 748330725
LONG (OBV Breakout): 601360.SS at 2025-08-20 00:00:00 | OBV: 1099409328 > MA: 942162358
EXIT (OBV Breakdown): 601360.SS at 2025-08-27 00:00:00 | OBV: 416458337 < MA: 484386626
LONG (OBV Breakout): 601360.SS at 2025-08-28 00:00:00 | OBV: 868081555 > MA: 672598394
EXIT (OBV Breakdown): 601360.SS at 2025-09-01 00:00:00 | OBV: 810926706 < MA: 855724848
LONG (OBV Breakout): 601360.SS at 2025-09-24 00:00:00 | OBV: 955540824 > MA: 872464720
EXIT (OBV Breakdown): 601360.SS at 2025-10-17 00:00:00 | OBV: 818018555 < MA: 825917213
LONG (OBV Breakout): 601360.SS at 2025-10-20 00:00:00 | OBV: 976818364 > MA: 920904321
EXIT (OBV Breakdown): 601360.SS at 2025-12-03 00:00:00 | OBV: 3580362725 < MA: 3679870632
LONG (OBV Breakout): 601360.SS at 2025-12-30 00:00:00 | OBV: 3226678527 > MA: 3176807975
[('Total Return', '-7.59%'), ('Sharpe Ratio', '0.13'), ('Sortino Ratio', '0.16'), ('Calmar Ratio', '-0.02'), ('Max Drawdown', '72.17%'), ('Drawdown Duration', '681'), ('Stability Score', '0.04')]
