LONG (OBV Breakout): 688256.SS at 2021-04-02 00:00:00 | OBV: -3486493 > MA: -3505233
EXIT (OBV Breakdown): 688256.SS at 2021-04-06 00:00:00 | OBV: -3882686 < MA: -3480160
LONG (OBV Breakout): 688256.SS at 2021-05-27 00:00:00 | OBV: -11186474 > MA: -12478075
EXIT (OBV Breakdown): 688256.SS at 2021-06-09 00:00:00 | OBV: -12509636 < MA: -12059297
LONG (OBV Breakout): 688256.SS at 2021-06-10 00:00:00 | OBV: -11312367 > MA: -12023679
EXIT (OBV Breakdown): 688256.SS at 2021-06-11 00:00:00 | OBV: -12419598 < MA: -12001897
LONG (OBV Breakout): 688256.SS at 2021-06-15 00:00:00 | OBV: -11256812 > MA: -11885692
EXIT (OBV Breakdown): 688256.SS at 2021-06-16 00:00:00 | OBV: -12365235 < MA: -11859387
LONG (OBV Breakout): 688256.SS at 2021-06-17 00:00:00 | OBV: -10063290 > MA: -11696031
EXIT (OBV Breakdown): 688256.SS at 2021-07-14 00:00:00 | OBV: -9009092 < MA: -7940333
LONG (OBV Breakout): 688256.SS at 2021-07-27 00:00:00 | OBV: 691297 > MA: -4609227
EXIT (OBV Breakdown): 688256.SS at 2021-08-11 00:00:00 | OBV: -2448533 < MA: -1472149
LONG (OBV Breakout): 688256.SS at 2021-09-10 00:00:00 | OBV: -10848085 > MA: -11598483
EXIT (OBV Breakdown): 688256.SS at 2021-09-13 00:00:00 | OBV: -11816085 < MA: -11292253
LONG (OBV Breakout): 688256.SS at 2021-10-15 00:00:00 | OBV: -12700438 > MA: -13043848
EXIT (OBV Breakdown): 688256.SS at 2021-10-18 00:00:00 | OBV: -15473753 < MA: -14056287
LONG (OBV Breakout): 688256.SS at 2021-10-25 00:00:00 | OBV: -12620915 > MA: -14117825
EXIT (OBV Breakdown): 688256.SS at 2022-01-24 00:00:00 | OBV: 40705725 < MA: 43173459
LONG (OBV Breakout): 688256.SS at 2022-02-21 00:00:00 | OBV: 49479154 > MA: 47833310
EXIT (OBV Breakdown): 688256.SS at 2022-02-23 00:00:00 | OBV: 40376504 < MA: 42630226
LONG (OBV Breakout): 688256.SS at 2022-03-04 00:00:00 | OBV: 53349726 > MA: 49320551
EXIT (OBV Breakdown): 688256.SS at 2022-03-10 00:00:00 | OBV: 47765282 < MA: 48512180
LONG (OBV Breakout): 688256.SS at 2022-03-11 00:00:00 | OBV: 47943839 > MA: 46876862
EXIT (OBV Breakdown): 688256.SS at 2022-03-14 00:00:00 | OBV: 48111733 < MA: 48359435
LONG (OBV Breakout): 688256.SS at 2022-04-06 00:00:00 | OBV: 46490187 > MA: 46229966
EXIT (OBV Breakdown): 688256.SS at 2022-04-07 00:00:00 | OBV: 45959602 < MA: 46944801
LONG (OBV Breakout): 688256.SS at 2022-05-10 00:00:00 | OBV: 21224963 > MA: 20901488
EXIT (OBV Breakdown): 688256.SS at 2022-05-11 00:00:00 | OBV: 21278029 < MA: 22822422
LONG (OBV Breakout): 688256.SS at 2022-05-12 00:00:00 | OBV: 20333759 > MA: 19926223
EXIT (OBV Breakdown): 688256.SS at 2022-05-13 00:00:00 | OBV: 15519885 < MA: 16135052
LONG (OBV Breakout): 688256.SS at 2022-05-16 00:00:00 | OBV: 14984505 > MA: 13513216
EXIT (OBV Breakdown): 688256.SS at 2022-06-20 00:00:00 | OBV: -2269536 < MA: -1629740
LONG (OBV Breakout): 688256.SS at 2022-06-24 00:00:00 | OBV: 5826384 > MA: 5578659
EXIT (OBV Breakdown): 688256.SS at 2022-06-30 00:00:00 | OBV: 1095137 < MA: 3778330
LONG (OBV Breakout): 688256.SS at 2022-07-19 00:00:00 | OBV: -11962767 > MA: -12010920
EXIT (OBV Breakdown): 688256.SS at 2022-07-20 00:00:00 | OBV: -11409615 < MA: -9796175
LONG (OBV Breakout): 688256.SS at 2022-07-21 00:00:00 | OBV: -7826392 > MA: -8215989
EXIT (OBV Breakdown): 688256.SS at 2022-07-22 00:00:00 | OBV: -7244338 < MA: -6317362
LONG (OBV Breakout): 688256.SS at 2022-07-28 00:00:00 | OBV: -1461839 > MA: -2708262
EXIT (OBV Breakdown): 688256.SS at 2022-07-29 00:00:00 | OBV: -1464337 < MA: -1196390
LONG (OBV Breakout): 688256.SS at 2022-08-01 00:00:00 | OBV: 2189770 > MA: 345920
EXIT (OBV Breakdown): 688256.SS at 2022-08-02 00:00:00 | OBV: -1763347 < MA: -1057687
LONG (OBV Breakout): 688256.SS at 2022-08-03 00:00:00 | OBV: 673892 > MA: -2223497
EXIT (OBV Breakdown): 688256.SS at 2022-08-16 00:00:00 | OBV: -1603772 < MA: 481633
LONG (OBV Breakout): 688256.SS at 2022-09-01 00:00:00 | OBV: 7377166 > MA: 1604752
EXIT (OBV Breakdown): 688256.SS at 2022-09-06 00:00:00 | OBV: 4086261 < MA: 7704789
LONG (OBV Breakout): 688256.SS at 2022-09-07 00:00:00 | OBV: 19774263 > MA: 11739752
EXIT (OBV Breakdown): 688256.SS at 2022-09-09 00:00:00 | OBV: 1255516 < MA: 5399041
LONG (OBV Breakout): 688256.SS at 2022-10-21 00:00:00 | OBV: 156495 > MA: -1865873
EXIT (OBV Breakdown): 688256.SS at 2022-10-24 00:00:00 | OBV: -755425 < MA: -475672
LONG (OBV Breakout): 688256.SS at 2022-10-26 00:00:00 | OBV: -985374 > MA: -1846172
EXIT (OBV Breakdown): 688256.SS at 2022-11-10 00:00:00 | OBV: -7486527 < MA: -5819169
LONG (OBV Breakout): 688256.SS at 2022-11-11 00:00:00 | OBV: -6288387 > MA: -7343282
EXIT (OBV Breakdown): 688256.SS at 2022-11-21 00:00:00 | OBV: -4920836 < MA: -4463604
LONG (OBV Breakout): 688256.SS at 2022-12-06 00:00:00 | OBV: -24101953 > MA: -24540079
EXIT (OBV Breakdown): 688256.SS at 2022-12-07 00:00:00 | OBV: -22095126 < MA: -21295807
LONG (OBV Breakout): 688256.SS at 2022-12-12 00:00:00 | OBV: -17260852 > MA: -19694905
EXIT (OBV Breakdown): 688256.SS at 2022-12-14 00:00:00 | OBV: -16778727 < MA: -16056016
LONG (OBV Breakout): 688256.SS at 2022-12-15 00:00:00 | OBV: -18105133 > MA: -19662652
EXIT (OBV Breakdown): 688256.SS at 2022-12-16 00:00:00 | OBV: -26455570 < MA: -23768369
LONG (OBV Breakout): 688256.SS at 2023-01-16 00:00:00 | OBV: -31780476 > MA: -32950896
EXIT (OBV Breakdown): 688256.SS at 2023-04-27 00:00:00 | OBV: 275051382 < MA: 287445496
LONG (OBV Breakout): 688256.SS at 2023-04-28 00:00:00 | OBV: 286836705 > MA: 286617861
EXIT (OBV Breakdown): 688256.SS at 2023-05-04 00:00:00 | OBV: 272484927 < MA: 284407893
LONG (OBV Breakout): 688256.SS at 2023-05-31 00:00:00 | OBV: 259618010 > MA: 249913159
EXIT (OBV Breakdown): 688256.SS at 2023-06-01 00:00:00 | OBV: 245709451 < MA: 246298879
LONG (OBV Breakout): 688256.SS at 2023-06-13 00:00:00 | OBV: 233325547 > MA: 232724997
EXIT (OBV Breakdown): 688256.SS at 2023-06-14 00:00:00 | OBV: 219196609 < MA: 230176198
LONG (OBV Breakout): 688256.SS at 2023-06-19 00:00:00 | OBV: 248208443 > MA: 238332007
EXIT (OBV Breakdown): 688256.SS at 2023-06-26 00:00:00 | OBV: 243560321 < MA: 247672701
LONG (OBV Breakout): 688256.SS at 2023-06-28 00:00:00 | OBV: 248345175 > MA: 243480263
EXIT (OBV Breakdown): 688256.SS at 2023-06-29 00:00:00 | OBV: 235179730 < MA: 243896088
LONG (OBV Breakout): 688256.SS at 2023-07-04 00:00:00 | OBV: 248852121 > MA: 242254054
EXIT (OBV Breakdown): 688256.SS at 2023-07-05 00:00:00 | OBV: 239801768 < MA: 240056468
LONG (OBV Breakout): 688256.SS at 2023-07-06 00:00:00 | OBV: 252326286 > MA: 242034130
EXIT (OBV Breakdown): 688256.SS at 2023-07-19 00:00:00 | OBV: 238209306 < MA: 244131415
LONG (OBV Breakout): 688256.SS at 2023-08-04 00:00:00 | OBV: 163163653 > MA: 159496632
EXIT (OBV Breakdown): 688256.SS at 2023-08-07 00:00:00 | OBV: 140451487 < MA: 142639434
LONG (OBV Breakout): 688256.SS at 2023-08-29 00:00:00 | OBV: 135855610 > MA: 130197976
EXIT (OBV Breakdown): 688256.SS at 2023-09-01 00:00:00 | OBV: 108325992 < MA: 110590429
LONG (OBV Breakout): 688256.SS at 2023-09-04 00:00:00 | OBV: 108390237 > MA: 103102825
EXIT (OBV Breakdown): 688256.SS at 2023-09-05 00:00:00 | OBV: 86898907 < MA: 89749768
LONG (OBV Breakout): 688256.SS at 2023-09-06 00:00:00 | OBV: 88974547 > MA: 80616679
EXIT (OBV Breakdown): 688256.SS at 2023-09-07 00:00:00 | OBV: 88056373 < MA: 91200231
LONG (OBV Breakout): 688256.SS at 2023-09-08 00:00:00 | OBV: 73722906 > MA: 69398632
EXIT (OBV Breakdown): 688256.SS at 2023-09-19 00:00:00 | OBV: -23906291 < MA: -21719779
LONG (OBV Breakout): 688256.SS at 2023-09-22 00:00:00 | OBV: -54850923 > MA: -61277248
EXIT (OBV Breakdown): 688256.SS at 2023-09-25 00:00:00 | OBV: -82687681 < MA: -82076456
LONG (OBV Breakout): 688256.SS at 2023-09-26 00:00:00 | OBV: -89769260 > MA: -98101193
EXIT (OBV Breakdown): 688256.SS at 2023-09-28 00:00:00 | OBV: -101347863 < MA: -96188547
LONG (OBV Breakout): 688256.SS at 2023-10-09 00:00:00 | OBV: -74920171 > MA: -77127869
EXIT (OBV Breakdown): 688256.SS at 2023-10-10 00:00:00 | OBV: -61871871 < MA: -58783626
LONG (OBV Breakout): 688256.SS at 2023-10-11 00:00:00 | OBV: -67842706 > MA: -73163130
EXIT (OBV Breakdown): 688256.SS at 2023-10-12 00:00:00 | OBV: -56877972 < MA: -56081418
LONG (OBV Breakout): 688256.SS at 2023-10-19 00:00:00 | OBV: -96002890 > MA: -113472754
EXIT (OBV Breakdown): 688256.SS at 2023-10-20 00:00:00 | OBV: -101424604 < MA: -94971596
LONG (OBV Breakout): 688256.SS at 2023-10-25 00:00:00 | OBV: -78302961 > MA: -84183193
EXIT (OBV Breakdown): 688256.SS at 2023-10-26 00:00:00 | OBV: -77217652 < MA: -70417184
LONG (OBV Breakout): 688256.SS at 2023-11-01 00:00:00 | OBV: -65805723 > MA: -67879315
EXIT (OBV Breakdown): 688256.SS at 2023-11-02 00:00:00 | OBV: -85312816 < MA: -79904946
LONG (OBV Breakout): 688256.SS at 2023-11-03 00:00:00 | OBV: -60889121 > MA: -65989411
EXIT (OBV Breakdown): 688256.SS at 2023-12-27 00:00:00 | OBV: 83904792 < MA: 84493862
LONG (OBV Breakout): 688256.SS at 2023-12-28 00:00:00 | OBV: 79575604 > MA: 76050916
EXIT (OBV Breakdown): 688256.SS at 2024-01-03 00:00:00 | OBV: 63073838 < MA: 71876673
LONG (OBV Breakout): 688256.SS at 2024-01-17 00:00:00 | OBV: 114537074 > MA: 113112720
EXIT (OBV Breakdown): 688256.SS at 2024-02-05 00:00:00 | OBV: 102213678 < MA: 108948113
LONG (OBV Breakout): 688256.SS at 2024-02-06 00:00:00 | OBV: 106856634 > MA: 104772462
EXIT (OBV Breakdown): 688256.SS at 2024-02-07 00:00:00 | OBV: 102914162 < MA: 110124639
LONG (OBV Breakout): 688256.SS at 2024-02-19 00:00:00 | OBV: 120619105 > MA: 111886320
EXIT (OBV Breakdown): 688256.SS at 2024-02-20 00:00:00 | OBV: 115949631 < MA: 118079903
LONG (OBV Breakout): 688256.SS at 2024-02-22 00:00:00 | OBV: 114684487 > MA: 113561563
EXIT (OBV Breakdown): 688256.SS at 2024-03-21 00:00:00 | OBV: 135460456 < MA: 142966800
LONG (OBV Breakout): 688256.SS at 2024-03-22 00:00:00 | OBV: 150837524 > MA: 150601883
EXIT (OBV Breakdown): 688256.SS at 2024-03-27 00:00:00 | OBV: 135747416 < MA: 142805738
LONG (OBV Breakout): 688256.SS at 2024-03-28 00:00:00 | OBV: 136659838 > MA: 133801013
EXIT (OBV Breakdown): 688256.SS at 2024-03-29 00:00:00 | OBV: 138624465 < MA: 140856428
LONG (OBV Breakout): 688256.SS at 2024-04-01 00:00:00 | OBV: 152858428 > MA: 147298805
EXIT (OBV Breakdown): 688256.SS at 2024-04-02 00:00:00 | OBV: 139048855 < MA: 139258402
LONG (OBV Breakout): 688256.SS at 2024-04-26 00:00:00 | OBV: 147831422 > MA: 144652122
EXIT (OBV Breakdown): 688256.SS at 2024-05-13 00:00:00 | OBV: 78632818 < MA: 79550913
LONG (OBV Breakout): 688256.SS at 2024-05-14 00:00:00 | OBV: 100269688 > MA: 93334691
EXIT (OBV Breakdown): 688256.SS at 2024-07-03 00:00:00 | OBV: 81735017 < MA: 82326626
LONG (OBV Breakout): 688256.SS at 2024-07-10 00:00:00 | OBV: 118825351 > MA: 117472774
EXIT (OBV Breakdown): 688256.SS at 2024-07-11 00:00:00 | OBV: 116967542 < MA: 123860697
LONG (OBV Breakout): 688256.SS at 2024-07-16 00:00:00 | OBV: 129504055 > MA: 114144737
EXIT (OBV Breakdown): 688256.SS at 2024-07-29 00:00:00 | OBV: 84194361 < MA: 89568525
LONG (OBV Breakout): 688256.SS at 2024-08-19 00:00:00 | OBV: 60161146 > MA: 58025953
EXIT (OBV Breakdown): 688256.SS at 2024-08-20 00:00:00 | OBV: 41646237 < MA: 43720788
LONG (OBV Breakout): 688256.SS at 2024-08-21 00:00:00 | OBV: 64265270 > MA: 56693400
EXIT (OBV Breakdown): 688256.SS at 2024-08-23 00:00:00 | OBV: 29872207 < MA: 31630421
LONG (OBV Breakout): 688256.SS at 2024-08-30 00:00:00 | OBV: 44737134 > MA: 42654165
EXIT (OBV Breakdown): 688256.SS at 2024-09-02 00:00:00 | OBV: 24636092 < MA: 30792969
LONG (OBV Breakout): 688256.SS at 2024-09-25 00:00:00 | OBV: 17088992 > MA: 9096243
EXIT (OBV Breakdown): 688256.SS at 2024-11-04 00:00:00 | OBV: 83247075 < MA: 86003032
LONG (OBV Breakout): 688256.SS at 2024-11-05 00:00:00 | OBV: 103660989 > MA: 95890100
EXIT (OBV Breakdown): 688256.SS at 2024-11-11 00:00:00 | OBV: 67828873 < MA: 77588701
LONG (OBV Breakout): 688256.SS at 2024-11-21 00:00:00 | OBV: 73671237 > MA: 70396770
EXIT (OBV Breakdown): 688256.SS at 2024-11-22 00:00:00 | OBV: 70739146 < MA: 75978754
LONG (OBV Breakout): 688256.SS at 2024-11-28 00:00:00 | OBV: 62941098 > MA: 57409675
EXIT (OBV Breakdown): 688256.SS at 2025-01-16 00:00:00 | OBV: 44569799 < MA: 56696583
LONG (OBV Breakout): 688256.SS at 2025-01-22 00:00:00 | OBV: 72348524 > MA: 67770037
EXIT (OBV Breakdown): 688256.SS at 2025-01-23 00:00:00 | OBV: 72681307 < MA: 74576566
LONG (OBV Breakout): 688256.SS at 2025-02-10 00:00:00 | OBV: 100278099 > MA: 91851897
EXIT (OBV Breakdown): 688256.SS at 2025-02-14 00:00:00 | OBV: 78488248 < MA: 84661969
LONG (OBV Breakout): 688256.SS at 2025-02-17 00:00:00 | OBV: 81104010 > MA: 77194209
EXIT (OBV Breakdown): 688256.SS at 2025-02-18 00:00:00 | OBV: 78835719 < MA: 81242497
LONG (OBV Breakout): 688256.SS at 2025-02-21 00:00:00 | OBV: 75488445 > MA: 72189635
EXIT (OBV Breakdown): 688256.SS at 2025-03-04 00:00:00 | OBV: 94029759 < MA: 94416404
LONG (OBV Breakout): 688256.SS at 2025-03-05 00:00:00 | OBV: 93543296 > MA: 86944892
EXIT (OBV Breakdown): 688256.SS at 2025-03-19 00:00:00 | OBV: 109300410 < MA: 118235218
LONG (OBV Breakout): 688256.SS at 2025-04-14 00:00:00 | OBV: 39182910 > MA: 31652199
EXIT (OBV Breakdown): 688256.SS at 2025-05-12 00:00:00 | OBV: 33860594 < MA: 37269586
LONG (OBV Breakout): 688256.SS at 2025-05-14 00:00:00 | OBV: 36934812 > MA: 34146386
EXIT (OBV Breakdown): 688256.SS at 2025-05-15 00:00:00 | OBV: 43900925 < MA: 44895947
LONG (OBV Breakout): 688256.SS at 2025-05-20 00:00:00 | OBV: 55235997 > MA: 53225233
EXIT (OBV Breakdown): 688256.SS at 2025-05-21 00:00:00 | OBV: 43417697 < MA: 43905732
LONG (OBV Breakout): 688256.SS at 2025-06-25 00:00:00 | OBV: -10551709 > MA: -16585447
EXIT (OBV Breakdown): 688256.SS at 2025-06-26 00:00:00 | OBV: -25697462 < MA: -22893354
LONG (OBV Breakout): 688256.SS at 2025-07-14 00:00:00 | OBV: -33261453 > MA: -36942688
EXIT (OBV Breakdown): 688256.SS at 2025-07-15 00:00:00 | OBV: -30400800 < MA: -28470470
LONG (OBV Breakout): 688256.SS at 2025-07-16 00:00:00 | OBV: -30065928 > MA: -37923748
EXIT (OBV Breakdown): 688256.SS at 2025-11-03 00:00:00 | OBV: 184908498 < MA: 188289932
LONG (OBV Breakout): 688256.SS at 2025-11-06 00:00:00 | OBV: 196042367 > MA: 189760101
EXIT (OBV Breakdown): 688256.SS at 2025-11-07 00:00:00 | OBV: 192876539 < MA: 194615843
LONG (OBV Breakout): 688256.SS at 2025-11-27 00:00:00 | OBV: 206065560 > MA: 197620278
EXIT (OBV Breakdown): 688256.SS at 2025-12-15 00:00:00 | OBV: 226451175 < MA: 228764405
LONG (OBV Breakout): 688256.SS at 2025-12-23 00:00:00 | OBV: 234934621 > MA: 234486394
EXIT (OBV Breakdown): 688256.SS at 2025-12-24 00:00:00 | OBV: 235415763 < MA: 241471431
LONG (OBV Breakout): 688256.SS at 2025-12-30 00:00:00 | OBV: 235270620 > MA: 230234495
EXIT (OBV Breakdown): 688256.SS at 2025-12-31 00:00:00 | OBV: 233150837 < MA: 234771551
LONG (OBV Breakout): 688256.SS at 2026-01-05 00:00:00 | OBV: 248283855 > MA: 242958102
EXIT (OBV Breakdown): 688256.SS at 2026-01-06 00:00:00 | OBV: 229680170 < MA: 231011577
LONG (OBV Breakout): 688256.SS at 2026-01-07 00:00:00 | OBV: 230005320 > MA: 224045342
[('Total Return', '285.26%'), ('Sharpe Ratio', '0.79'), ('Sortino Ratio', '1.12'), ('Calmar Ratio', '0.37'), ('Max Drawdown', '67.85%'), ('Drawdown Duration', '567'), ('Stability Score', '0.25')]
