LONG (OBV Breakout): 688981.SS at 2021-03-02 00:00:00 | OBV: 55304548 > MA: 14390202
EXIT (OBV Breakdown): 688981.SS at 2021-03-16 00:00:00 | OBV: 40630984 < MA: 55939844
LONG (OBV Breakout): 688981.SS at 2021-04-01 00:00:00 | OBV: 45629601 > MA: 44283694
EXIT (OBV Breakdown): 688981.SS at 2021-04-21 00:00:00 | OBV: 54058108 < MA: 56552904
LONG (OBV Breakout): 688981.SS at 2021-04-22 00:00:00 | OBV: 70394550 > MA: 59884693
EXIT (OBV Breakdown): 688981.SS at 2021-04-23 00:00:00 | OBV: 57482387 < MA: 63659863
LONG (OBV Breakout): 688981.SS at 2021-04-29 00:00:00 | OBV: 80621756 > MA: 72221491
EXIT (OBV Breakdown): 688981.SS at 2021-04-30 00:00:00 | OBV: 64706353 < MA: 73175329
LONG (OBV Breakout): 688981.SS at 2021-05-06 00:00:00 | OBV: 76203242 > MA: 71958338
EXIT (OBV Breakdown): 688981.SS at 2021-05-07 00:00:00 | OBV: 59274010 < MA: 71156766
LONG (OBV Breakout): 688981.SS at 2021-05-10 00:00:00 | OBV: 71845233 > MA: 69881293
EXIT (OBV Breakdown): 688981.SS at 2021-05-11 00:00:00 | OBV: 61153150 < MA: 69307625
LONG (OBV Breakout): 688981.SS at 2021-05-12 00:00:00 | OBV: 86008073 > MA: 69094611
EXIT (OBV Breakdown): 688981.SS at 2021-05-20 00:00:00 | OBV: 75842985 < MA: 76332372
LONG (OBV Breakout): 688981.SS at 2021-05-24 00:00:00 | OBV: 81202402 > MA: 77077365
EXIT (OBV Breakdown): 688981.SS at 2021-06-21 00:00:00 | OBV: 125164590 < MA: 127447043
LONG (OBV Breakout): 688981.SS at 2021-06-23 00:00:00 | OBV: 146792246 > MA: 130406917
EXIT (OBV Breakdown): 688981.SS at 2021-06-24 00:00:00 | OBV: 119440223 < MA: 132176969
LONG (OBV Breakout): 688981.SS at 2021-06-25 00:00:00 | OBV: 166939112 > MA: 133914918
EXIT (OBV Breakdown): 688981.SS at 2021-06-28 00:00:00 | OBV: 132787602 < MA: 135183889
LONG (OBV Breakout): 688981.SS at 2021-06-29 00:00:00 | OBV: 161928483 > MA: 136978708
EXIT (OBV Breakdown): 688981.SS at 2021-07-12 00:00:00 | OBV: 143180413 < MA: 159496345
LONG (OBV Breakout): 688981.SS at 2021-07-13 00:00:00 | OBV: 168238821 > MA: 162269573
EXIT (OBV Breakdown): 688981.SS at 2021-07-14 00:00:00 | OBV: 144040455 < MA: 163050283
LONG (OBV Breakout): 688981.SS at 2021-07-26 00:00:00 | OBV: 115440300 > MA: 80826726
EXIT (OBV Breakdown): 688981.SS at 2021-08-27 00:00:00 | OBV: 660763123 < MA: 667443526
LONG (OBV Breakout): 688981.SS at 2021-08-30 00:00:00 | OBV: 728921158 > MA: 699960922
EXIT (OBV Breakdown): 688981.SS at 2021-08-31 00:00:00 | OBV: 655232165 < MA: 689576342
LONG (OBV Breakout): 688981.SS at 2021-09-01 00:00:00 | OBV: 656797638 > MA: 656151171
EXIT (OBV Breakdown): 688981.SS at 2021-09-02 00:00:00 | OBV: 647925666 < MA: 674140437
LONG (OBV Breakout): 688981.SS at 2021-09-03 00:00:00 | OBV: 721170599 > MA: 688980772
EXIT (OBV Breakdown): 688981.SS at 2021-09-16 00:00:00 | OBV: 793094489 < MA: 807620260
LONG (OBV Breakout): 688981.SS at 2021-09-17 00:00:00 | OBV: 792841445 > MA: 791976690
EXIT (OBV Breakdown): 688981.SS at 2021-09-22 00:00:00 | OBV: 757967077 < MA: 779192315
LONG (OBV Breakout): 688981.SS at 2021-09-23 00:00:00 | OBV: 791749009 > MA: 788033997
EXIT (OBV Breakdown): 688981.SS at 2021-09-24 00:00:00 | OBV: 731818753 < MA: 757448753
LONG (OBV Breakout): 688981.SS at 2021-09-29 00:00:00 | OBV: 733220417 > MA: 711593165
EXIT (OBV Breakdown): 688981.SS at 2021-09-30 00:00:00 | OBV: 740708189 < MA: 740752300
LONG (OBV Breakout): 688981.SS at 2021-10-08 00:00:00 | OBV: 740506515 > MA: 726462445
EXIT (OBV Breakdown): 688981.SS at 2021-10-11 00:00:00 | OBV: 737779005 < MA: 747937619
LONG (OBV Breakout): 688981.SS at 2021-10-22 00:00:00 | OBV: 739238383 > MA: 731432753
EXIT (OBV Breakdown): 688981.SS at 2021-10-25 00:00:00 | OBV: 739278119 < MA: 753509855
LONG (OBV Breakout): 688981.SS at 2021-11-01 00:00:00 | OBV: 713387806 > MA: 702444030
EXIT (OBV Breakdown): 688981.SS at 2021-11-12 00:00:00 | OBV: 722766296 < MA: 727602884
LONG (OBV Breakout): 688981.SS at 2021-11-15 00:00:00 | OBV: 762621790 > MA: 745934937
EXIT (OBV Breakdown): 688981.SS at 2021-11-16 00:00:00 | OBV: 741920470 < MA: 758569746
LONG (OBV Breakout): 688981.SS at 2021-11-17 00:00:00 | OBV: 748773635 > MA: 745844349
EXIT (OBV Breakdown): 688981.SS at 2021-11-18 00:00:00 | OBV: 704154032 < MA: 728212206
LONG (OBV Breakout): 688981.SS at 2021-11-22 00:00:00 | OBV: 731258281 > MA: 704181173
EXIT (OBV Breakdown): 688981.SS at 2021-11-23 00:00:00 | OBV: 730341185 < MA: 733271256
LONG (OBV Breakout): 688981.SS at 2021-12-02 00:00:00 | OBV: 749623953 > MA: 739829943
EXIT (OBV Breakdown): 688981.SS at 2021-12-16 00:00:00 | OBV: 724147668 < MA: 724588433
LONG (OBV Breakout): 688981.SS at 2021-12-17 00:00:00 | OBV: 768152084 > MA: 754891248
EXIT (OBV Breakdown): 688981.SS at 2021-12-20 00:00:00 | OBV: 699854031 < MA: 707560095
LONG (OBV Breakout): 688981.SS at 2021-12-21 00:00:00 | OBV: 748742478 > MA: 743900642
EXIT (OBV Breakdown): 688981.SS at 2021-12-22 00:00:00 | OBV: 704078776 < MA: 717423816
LONG (OBV Breakout): 688981.SS at 2022-01-04 00:00:00 | OBV: 718795556 > MA: 712851044
EXIT (OBV Breakdown): 688981.SS at 2022-01-05 00:00:00 | OBV: 734821734 < MA: 745894786
LONG (OBV Breakout): 688981.SS at 2022-01-10 00:00:00 | OBV: 771981067 > MA: 761985135
EXIT (OBV Breakdown): 688981.SS at 2022-01-13 00:00:00 | OBV: 836461358 < MA: 840506076
LONG (OBV Breakout): 688981.SS at 2022-01-18 00:00:00 | OBV: 808982543 > MA: 796655704
EXIT (OBV Breakdown): 688981.SS at 2022-01-20 00:00:00 | OBV: 379945710 < MA: 389932056
LONG (OBV Breakout): 688981.SS at 2022-02-09 00:00:00 | OBV: 27222074 > MA: 14429284
EXIT (OBV Breakdown): 688981.SS at 2022-03-07 00:00:00 | OBV: 148266099 < MA: 163502863
LONG (OBV Breakout): 688981.SS at 2022-03-23 00:00:00 | OBV: 100191729 > MA: 89940671
EXIT (OBV Breakdown): 688981.SS at 2022-03-29 00:00:00 | OBV: 83732159 < MA: 85984338
LONG (OBV Breakout): 688981.SS at 2022-03-30 00:00:00 | OBV: 47454903 > MA: 39652060
EXIT (OBV Breakdown): 688981.SS at 2022-03-31 00:00:00 | OBV: 51965027 < MA: 54661519
LONG (OBV Breakout): 688981.SS at 2022-04-06 00:00:00 | OBV: 55554996 > MA: 54566385
EXIT (OBV Breakdown): 688981.SS at 2022-04-07 00:00:00 | OBV: 64128854 < MA: 71926332
LONG (OBV Breakout): 688981.SS at 2022-05-10 00:00:00 | OBV: -107348964 > MA: -114023872
EXIT (OBV Breakdown): 688981.SS at 2022-06-16 00:00:00 | OBV: -24485020 < MA: -8736288
LONG (OBV Breakout): 688981.SS at 2022-06-20 00:00:00 | OBV: 28688491 > MA: 17396374
EXIT (OBV Breakdown): 688981.SS at 2022-06-21 00:00:00 | OBV: 37459640 < MA: 38846758
LONG (OBV Breakout): 688981.SS at 2022-06-23 00:00:00 | OBV: 42382273 > MA: 41529837
EXIT (OBV Breakdown): 688981.SS at 2022-07-06 00:00:00 | OBV: 39228856 < MA: 42944241
LONG (OBV Breakout): 688981.SS at 2022-08-03 00:00:00 | OBV: 30163875 > MA: 12434433
EXIT (OBV Breakdown): 688981.SS at 2022-08-24 00:00:00 | OBV: 35209518 < MA: 45363582
LONG (OBV Breakout): 688981.SS at 2022-08-26 00:00:00 | OBV: 56943861 > MA: 52018572
EXIT (OBV Breakdown): 688981.SS at 2022-08-29 00:00:00 | OBV: 61650885 < MA: 71309006
LONG (OBV Breakout): 688981.SS at 2022-08-31 00:00:00 | OBV: 72058714 > MA: 66348334
EXIT (OBV Breakdown): 688981.SS at 2022-09-01 00:00:00 | OBV: 77310640 < MA: 84892512
LONG (OBV Breakout): 688981.SS at 2022-09-02 00:00:00 | OBV: 112171422 > MA: 103228471
EXIT (OBV Breakdown): 688981.SS at 2022-09-05 00:00:00 | OBV: 118096477 < MA: 118489284
LONG (OBV Breakout): 688981.SS at 2022-09-06 00:00:00 | OBV: 156553892 > MA: 146089892
EXIT (OBV Breakdown): 688981.SS at 2022-09-16 00:00:00 | OBV: 82644360 < MA: 88462157
LONG (OBV Breakout): 688981.SS at 2022-10-20 00:00:00 | OBV: 129699580 > MA: 120744816
EXIT (OBV Breakdown): 688981.SS at 2022-10-21 00:00:00 | OBV: 135456076 < MA: 138355878
LONG (OBV Breakout): 688981.SS at 2022-10-26 00:00:00 | OBV: 174425640 > MA: 149032802
EXIT (OBV Breakdown): 688981.SS at 2022-11-23 00:00:00 | OBV: 161647053 < MA: 168184626
LONG (OBV Breakout): 688981.SS at 2022-12-05 00:00:00 | OBV: 133779887 > MA: 127215571
EXIT (OBV Breakdown): 688981.SS at 2023-01-09 00:00:00 | OBV: 256118767 < MA: 267557225
LONG (OBV Breakout): 688981.SS at 2023-01-16 00:00:00 | OBV: 283103377 > MA: 280756059
EXIT (OBV Breakdown): 688981.SS at 2023-01-31 00:00:00 | OBV: 279066695 < MA: 284324373
LONG (OBV Breakout): 688981.SS at 2023-02-01 00:00:00 | OBV: 335135103 > MA: 310159934
EXIT (OBV Breakdown): 688981.SS at 2023-02-02 00:00:00 | OBV: 248485018 < MA: 249507764
LONG (OBV Breakout): 688981.SS at 2023-03-03 00:00:00 | OBV: 178057845 > MA: 147905152
EXIT (OBV Breakdown): 688981.SS at 2023-05-09 00:00:00 | OBV: 1434909978 < MA: 1456013239
LONG (OBV Breakout): 688981.SS at 2023-05-12 00:00:00 | OBV: 1462702701 > MA: 1455617168
EXIT (OBV Breakdown): 688981.SS at 2023-05-16 00:00:00 | OBV: 1457772830 < MA: 1464122475
LONG (OBV Breakout): 688981.SS at 2023-05-30 00:00:00 | OBV: 1472896193 > MA: 1462452280
EXIT (OBV Breakdown): 688981.SS at 2023-06-12 00:00:00 | OBV: 1426414012 < MA: 1435864563
LONG (OBV Breakout): 688981.SS at 2023-06-13 00:00:00 | OBV: 1443063090 > MA: 1399258370
EXIT (OBV Breakdown): 688981.SS at 2023-06-20 00:00:00 | OBV: 1349131551 < MA: 1392154140
LONG (OBV Breakout): 688981.SS at 2023-07-04 00:00:00 | OBV: 1395646341 > MA: 1395185349
EXIT (OBV Breakdown): 688981.SS at 2023-07-05 00:00:00 | OBV: 1366287106 < MA: 1379104948
LONG (OBV Breakout): 688981.SS at 2023-07-18 00:00:00 | OBV: 1366894381 > MA: 1347816308
EXIT (OBV Breakdown): 688981.SS at 2023-08-11 00:00:00 | OBV: 1445786432 < MA: 1474024309
LONG (OBV Breakout): 688981.SS at 2023-08-16 00:00:00 | OBV: 1472867964 > MA: 1465317126
EXIT (OBV Breakdown): 688981.SS at 2023-08-21 00:00:00 | OBV: 1484738063 < MA: 1495675725
LONG (OBV Breakout): 688981.SS at 2023-08-22 00:00:00 | OBV: 1491711893 > MA: 1484095210
EXIT (OBV Breakdown): 688981.SS at 2023-08-23 00:00:00 | OBV: 1462292806 < MA: 1470502973
LONG (OBV Breakout): 688981.SS at 2023-08-24 00:00:00 | OBV: 1463665705 > MA: 1460604952
EXIT (OBV Breakdown): 688981.SS at 2023-08-25 00:00:00 | OBV: 1418962914 < MA: 1429527244
LONG (OBV Breakout): 688981.SS at 2023-08-28 00:00:00 | OBV: 1421302712 > MA: 1407806384
EXIT (OBV Breakdown): 688981.SS at 2023-09-13 00:00:00 | OBV: 915274183 < MA: 937641171
LONG (OBV Breakout): 688981.SS at 2023-09-15 00:00:00 | OBV: 959131967 > MA: 923564500
EXIT (OBV Breakdown): 688981.SS at 2023-09-18 00:00:00 | OBV: 976941158 < MA: 992724182
LONG (OBV Breakout): 688981.SS at 2023-09-28 00:00:00 | OBV: 381895737 > MA: 365764234
EXIT (OBV Breakdown): 688981.SS at 2023-11-13 00:00:00 | OBV: 333893750 < MA: 339060447
LONG (OBV Breakout): 688981.SS at 2023-11-14 00:00:00 | OBV: 392249991 > MA: 382571129
EXIT (OBV Breakdown): 688981.SS at 2023-11-15 00:00:00 | OBV: 398269257 < MA: 413234548
LONG (OBV Breakout): 688981.SS at 2023-11-20 00:00:00 | OBV: 489461515 > MA: 487705292
EXIT (OBV Breakdown): 688981.SS at 2023-11-21 00:00:00 | OBV: 432416903 < MA: 448675190
LONG (OBV Breakout): 688981.SS at 2023-11-27 00:00:00 | OBV: 330642825 > MA: 314618537
EXIT (OBV Breakdown): 688981.SS at 2023-11-29 00:00:00 | OBV: 282149909 < MA: 293698341
LONG (OBV Breakout): 688981.SS at 2023-12-01 00:00:00 | OBV: 305483317 > MA: 297118013
EXIT (OBV Breakdown): 688981.SS at 2023-12-04 00:00:00 | OBV: 315224980 < MA: 323009177
LONG (OBV Breakout): 688981.SS at 2023-12-12 00:00:00 | OBV: 281963432 > MA: 277825088
EXIT (OBV Breakdown): 688981.SS at 2023-12-13 00:00:00 | OBV: 295699075 < MA: 308848887
LONG (OBV Breakout): 688981.SS at 2023-12-19 00:00:00 | OBV: 399668413 > MA: 381926185
EXIT (OBV Breakdown): 688981.SS at 2024-01-03 00:00:00 | OBV: 372972371 < MA: 378981240
LONG (OBV Breakout): 688981.SS at 2024-02-06 00:00:00 | OBV: 271470066 > MA: 258894816
EXIT (OBV Breakdown): 688981.SS at 2024-02-07 00:00:00 | OBV: 214331781 < MA: 244216953
LONG (OBV Breakout): 688981.SS at 2024-02-08 00:00:00 | OBV: 231493575 > MA: 229364324
EXIT (OBV Breakdown): 688981.SS at 2024-03-13 00:00:00 | OBV: 165269272 < MA: 171275471
LONG (OBV Breakout): 688981.SS at 2024-03-21 00:00:00 | OBV: 232080626 > MA: 229969217
EXIT (OBV Breakdown): 688981.SS at 2024-03-22 00:00:00 | OBV: 215175987 < MA: 241623067
LONG (OBV Breakout): 688981.SS at 2024-04-26 00:00:00 | OBV: -161037862 > MA: -161134578
EXIT (OBV Breakdown): 688981.SS at 2024-05-28 00:00:00 | OBV: -149644189 < MA: -148799432
LONG (OBV Breakout): 688981.SS at 2024-05-30 00:00:00 | OBV: -68048355 > MA: -115459322
EXIT (OBV Breakdown): 688981.SS at 2024-06-25 00:00:00 | OBV: -22099647 < MA: -3602019
LONG (OBV Breakout): 688981.SS at 2024-07-09 00:00:00 | OBV: 125330832 > MA: 108643846
EXIT (OBV Breakdown): 688981.SS at 2024-07-29 00:00:00 | OBV: 170075974 < MA: 177565601
LONG (OBV Breakout): 688981.SS at 2024-07-30 00:00:00 | OBV: 209013820 > MA: 199896144
EXIT (OBV Breakdown): 688981.SS at 2024-08-05 00:00:00 | OBV: 247545161 < MA: 266162652
LONG (OBV Breakout): 688981.SS at 2024-08-12 00:00:00 | OBV: 202223650 > MA: 197965494
EXIT (OBV Breakdown): 688981.SS at 2024-08-21 00:00:00 | OBV: 195504744 < MA: 203711705
LONG (OBV Breakout): 688981.SS at 2024-08-30 00:00:00 | OBV: 158931621 > MA: 153862611
EXIT (OBV Breakdown): 688981.SS at 2024-09-02 00:00:00 | OBV: 116919236 < MA: 127087204
LONG (OBV Breakout): 688981.SS at 2024-09-25 00:00:00 | OBV: 187473443 > MA: 171168209
EXIT (OBV Breakdown): 688981.SS at 2024-10-29 00:00:00 | OBV: 465502477 < MA: 555670478
LONG (OBV Breakout): 688981.SS at 2024-11-06 00:00:00 | OBV: 632943537 > MA: 521271218
EXIT (OBV Breakdown): 688981.SS at 2024-11-13 00:00:00 | OBV: 538989819 < MA: 557661322
LONG (OBV Breakout): 688981.SS at 2024-12-12 00:00:00 | OBV: 136441246 > MA: 119453837
EXIT (OBV Breakdown): 688981.SS at 2024-12-13 00:00:00 | OBV: -4727555 < MA: 51300737
LONG (OBV Breakout): 688981.SS at 2024-12-18 00:00:00 | OBV: 151512866 > MA: 145531725
EXIT (OBV Breakdown): 688981.SS at 2025-02-14 00:00:00 | OBV: 797335081 < MA: 802413870
LONG (OBV Breakout): 688981.SS at 2025-02-17 00:00:00 | OBV: 868453501 > MA: 827504994
EXIT (OBV Breakdown): 688981.SS at 2025-02-18 00:00:00 | OBV: 799395322 < MA: 815131319
LONG (OBV Breakout): 688981.SS at 2025-02-19 00:00:00 | OBV: 881310230 > MA: 831969194
EXIT (OBV Breakdown): 688981.SS at 2025-02-20 00:00:00 | OBV: 824816236 < MA: 830259152
LONG (OBV Breakout): 688981.SS at 2025-02-21 00:00:00 | OBV: 962473861 > MA: 854163186
EXIT (OBV Breakdown): 688981.SS at 2025-02-25 00:00:00 | OBV: 854289758 < MA: 892152372
LONG (OBV Breakout): 688981.SS at 2025-02-26 00:00:00 | OBV: 930254175 > MA: 879705149
EXIT (OBV Breakdown): 688981.SS at 2025-02-27 00:00:00 | OBV: 851479808 < MA: 870893512
LONG (OBV Breakout): 688981.SS at 2025-03-06 00:00:00 | OBV: 876254259 > MA: 869959986
EXIT (OBV Breakdown): 688981.SS at 2025-03-07 00:00:00 | OBV: 853865106 < MA: 886031546
LONG (OBV Breakout): 688981.SS at 2025-04-09 00:00:00 | OBV: 399630644 > MA: 363031921
EXIT (OBV Breakdown): 688981.SS at 2025-04-25 00:00:00 | OBV: 699202295 < MA: 720494492
LONG (OBV Breakout): 688981.SS at 2025-05-07 00:00:00 | OBV: 368928072 > MA: 358260020
EXIT (OBV Breakdown): 688981.SS at 2025-05-08 00:00:00 | OBV: 219429886 < MA: 238487592
LONG (OBV Breakout): 688981.SS at 2025-05-20 00:00:00 | OBV: 583926576 > MA: 567549480
EXIT (OBV Breakdown): 688981.SS at 2025-05-21 00:00:00 | OBV: 622593473 < MA: 622909418
LONG (OBV Breakout): 688981.SS at 2025-06-04 00:00:00 | OBV: 769173812 > MA: 763623373
EXIT (OBV Breakdown): 688981.SS at 2025-06-19 00:00:00 | OBV: 683854982 < MA: 697498073
LONG (OBV Breakout): 688981.SS at 2025-06-23 00:00:00 | OBV: 468381244 > MA: 454310526
EXIT (OBV Breakdown): 688981.SS at 2025-07-04 00:00:00 | OBV: 234357133 < MA: 244439610
LONG (OBV Breakout): 688981.SS at 2025-07-11 00:00:00 | OBV: 136709008 > MA: 127905230
EXIT (OBV Breakdown): 688981.SS at 2025-07-14 00:00:00 | OBV: 49700232 < MA: 59078899
LONG (OBV Breakout): 688981.SS at 2025-07-15 00:00:00 | OBV: -22570558 > MA: -32890795
EXIT (OBV Breakdown): 688981.SS at 2025-07-16 00:00:00 | OBV: -119900643 < MA: -109869554
LONG (OBV Breakout): 688981.SS at 2025-07-17 00:00:00 | OBV: 12369038 > MA: -3385555
EXIT (OBV Breakdown): 688981.SS at 2025-07-18 00:00:00 | OBV: -119030183 < MA: -110047478
LONG (OBV Breakout): 688981.SS at 2025-07-21 00:00:00 | OBV: -37091009 > MA: -48794676
EXIT (OBV Breakdown): 688981.SS at 2025-07-31 00:00:00 | OBV: -34324872 < MA: -33113550
LONG (OBV Breakout): 688981.SS at 2025-08-13 00:00:00 | OBV: 240871 > MA: -24761874
EXIT (OBV Breakdown): 688981.SS at 2025-09-09 00:00:00 | OBV: 274178921 < MA: 343202331
LONG (OBV Breakout): 688981.SS at 2025-09-10 00:00:00 | OBV: 405375492 > MA: 384838455
EXIT (OBV Breakdown): 688981.SS at 2025-10-10 00:00:00 | OBV: 540348431 < MA: 587971782
LONG (OBV Breakout): 688981.SS at 2025-10-13 00:00:00 | OBV: 708500229 > MA: 632808286
EXIT (OBV Breakdown): 688981.SS at 2025-10-14 00:00:00 | OBV: 548474697 < MA: 615262330
LONG (OBV Breakout): 688981.SS at 2025-10-24 00:00:00 | OBV: 840873168 > MA: 789722911
EXIT (OBV Breakdown): 688981.SS at 2025-11-03 00:00:00 | OBV: 752513583 < MA: 808211148
LONG (OBV Breakout): 688981.SS at 2025-11-28 00:00:00 | OBV: 570629998 > MA: 565709207
EXIT (OBV Breakdown): 688981.SS at 2025-12-03 00:00:00 | OBV: 584310932 < MA: 588122845
LONG (OBV Breakout): 688981.SS at 2025-12-04 00:00:00 | OBV: 637603096 > MA: 599864118
EXIT (OBV Breakdown): 688981.SS at 2025-12-10 00:00:00 | OBV: 578009268 < MA: 592230282
LONG (OBV Breakout): 688981.SS at 2025-12-12 00:00:00 | OBV: 640618555 > MA: 620653218
EXIT (OBV Breakdown): 688981.SS at 2025-12-15 00:00:00 | OBV: 560989660 < MA: 576064857
LONG (OBV Breakout): 688981.SS at 2025-12-22 00:00:00 | OBV: 583657407 > MA: 523409288
EXIT (OBV Breakdown): 688981.SS at 2025-12-26 00:00:00 | OBV: 565689383 < MA: 586607576
LONG (OBV Breakout): 688981.SS at 2025-12-29 00:00:00 | OBV: 629907472 > MA: 599540343
EXIT (OBV Breakdown): 688981.SS at 2026-01-13 00:00:00 | OBV: 620968688 < MA: 634966344
LONG (OBV Breakout): 688981.SS at 2026-01-14 00:00:00 | OBV: 663665164 > MA: 619413747
EXIT (OBV Breakdown): 688981.SS at 2026-01-15 00:00:00 | OBV: 578262673 < MA: 595224874
LONG (OBV Breakout): 688981.SS at 2026-01-16 00:00:00 | OBV: 622258989 > MA: 571186228
EXIT (OBV Breakdown): 688981.SS at 2026-01-19 00:00:00 | OBV: 522272834 < MA: 525755885
LONG (OBV Breakout): 688981.SS at 2026-01-21 00:00:00 | OBV: 558507522 > MA: 522400629
EXIT (OBV Breakdown): 688981.SS at 2026-01-22 00:00:00 | OBV: 523112267 < MA: 554690008
[('Total Return', '39.47%'), ('Sharpe Ratio', '0.37'), ('Sortino Ratio', '0.52'), ('Calmar Ratio', '0.14'), ('Max Drawdown', '39.53%'), ('Drawdown Duration', '870'), ('Stability Score', '0.22')]
